===== ILASP attempt 1 (returncode=0, timed_out=0, unsat=0) =====
%%%%%%%%%%%%%%%%%%%%%%%%%%%%%%%%%%%%%%%%%%%%%%%%%%%%%%%%%%%%%%%%%%%%%%%%%%%%%%%%
%%                                Iteration 1                                 %%
%%%%%%%%%%%%%%%%%%%%%%%%%%%%%%%%%%%%%%%%%%%%%%%%%%%%%%%%%%%%%%%%%%%%%%%%%%%%%%%%
%% Found counterexample {'id': 'aaf_4_67_GRD_POS_1T', 'type': 'positive', 'inverted': 'false', 'penalty': -1, 'inclusions': ['in(2)'], 'exclusions': [], 'context': ['arg(1).\n', 'arg(2).\n', 'arg(3).\n', 'arg(4).\n', 'att(1, 3).\n', 'att(3, 1).\n', 'att(3, 4).\n', 'att(4, 1).\n', 'att(4, 3).\n']} 
%% Found hypothesis with score 2 : 
%% in(V1) :- supported(V1). 
%%%%%%%%%%%%%%%%%%%%%%%%%%%%%%%%%%%%%%%%%%%%%%%%%%%%%%%%%%%%%%%%%%%%%%%%%%%%%%%%
%%                                Iteration 2                                 %%
%%%%%%%%%%%%%%%%%%%%%%%%%%%%%%%%%%%%%%%%%%%%%%%%%%%%%%%%%%%%%%%%%%%%%%%%%%%%%%%%
%% Found counterexample {'id': 'aaf_4_85_GRD_POS_1T', 'type': 'positive', 'inverted': 'false', 'penalty': -1, 'inclusions': ['out(2)', 'out(1)', 'in(4)', 'in(3)'], 'exclusions': [], 'context': ['arg(1).\n', 'arg(2).\n', 'arg(3).\n', 'arg(4).\n', 'att(1, 2).\n', 'att(2, 1).\n', 'att(2, 3).\n', 'att(3, 1).\n', 'att(3, 2).\n', 'att(4, 1).\n', 'att(4, 2).\n']} 
%% Found hypothesis with score 4 : 
%% out(V1) :- defeated(V1). 
%% in(V1) :- supported(V1). 
%%  
%%  
%% Final Hypothesis: 
%%  
out(V1) :- defeated(V1).
in(V1) :- supported(V1).

%%%%%%%%%%%%%%%%%%%%%%%%%%%%%%%%%%%%%%%%%%%%%%%%%%%%%%%%%%%%%%%%%%%%%%%%%%%%%%%%
%% Pre-processing                          : 0.01s
%% Hypothesis Space Generation             : 0.174s
%% Counterexample search                   : 0.022s
%%   - CDOEs                               : 0s
%%   - CDPIs                               : 0.022s
%% Hypothesis Search                       : 1.25s
%% Total                                   : 1.465s
%%%%%%%%%%%%%%%%%%%%%%%%%%%%%%%%%%%%%%%%%%%%%%%%%%%%%%%%%%%%%%%%%%%%%%%%%%%%%%%%

