===== ILASP attempt 1 (returncode=0, timed_out=0, unsat=0) =====
%%%%%%%%%%%%%%%%%%%%%%%%%%%%%%%%%%%%%%%%%%%%%%%%%%%%%%%%%%%%%%%%%%%%%%%%%%%%%%%%
%%                                Iteration 1                                 %%
%%%%%%%%%%%%%%%%%%%%%%%%%%%%%%%%%%%%%%%%%%%%%%%%%%%%%%%%%%%%%%%%%%%%%%%%%%%%%%%%
%% Found counterexample {'id': 'aaf_4_9_GRD_POS_1T', 'type': 'positive', 'inverted': 'false', 'penalty': -1, 'inclusions': ['out(4)', 'in(1)'], 'exclusions': [], 'context': ['arg(1).\n', 'arg(2).\n', 'arg(3).\n', 'arg(4).\n', 'att(1, 4).\n', 'att(2, 3).\n', 'att(3, 2).\n', 'att(4, 2).\n', 'att(4, 3).\n']} 
%% Found hypothesis with score 4 : 
%% out(V1) :- defeated(V1). 
%% in(V1) :- supported(V1). 
%%  
%%  
%% Final Hypothesis: 
%%  
out(V1) :- defeated(V1).
in(V1) :- supported(V1).

%%%%%%%%%%%%%%%%%%%%%%%%%%%%%%%%%%%%%%%%%%%%%%%%%%%%%%%%%%%%%%%%%%%%%%%%%%%%%%%%
%% Pre-processing                          : 0.01s
%% Hypothesis Space Generation             : 0.173s
%% Counterexample search                   : 0.016s
%%   - CDOEs                               : 0s
%%   - CDPIs                               : 0.016s
%% Hypothesis Search                       : 0.813s
%% Total                                   : 1.019s
%%%%%%%%%%%%%%%%%%%%%%%%%%%%%%%%%%%%%%%%%%%%%%%%%%%%%%%%%%%%%%%%%%%%%%%%%%%%%%%%

