%%%%%%%%%%%%%%%%%%%%%%%%%%%%%%%%%%%%%%%%%%%%%%%%%%%%%%%%%%%%%%%%%%%%%%%%%%%%%%%%
%%                                Iteration 1                                 %%
%%%%%%%%%%%%%%%%%%%%%%%%%%%%%%%%%%%%%%%%%%%%%%%%%%%%%%%%%%%%%%%%%%%%%%%%%%%%%%%%
%% Found counterexample {'id': 'aaf_5_9_GRD_POS_1T', 'type': 'positive', 'inverted': 'false', 'penalty': -1, 'inclusions': ['out(4)', 'out(2)', 'out(1)', 'in(5)', 'in(3)'], 'exclusions': [], 'context': ['arg(1).\n', 'arg(2).\n', 'arg(3).\n', 'arg(4).\n', 'arg(5).\n', 'att(3, 2).\n', 'att(4, 1).\n', 'att(4, 2).\n', 'att(5, 1).\n', 'att(5, 2).\n', 'att(5, 4).\n']} 
%% Found hypothesis with score 4 : 
%% in(V1) :- supported(V1). 
%% out(V1) :- not_defended(V1). 
%%  
%%  
%% Final Hypothesis: 
%%  
in(V1) :- supported(V1).
out(V1) :- not_defended(V1).

%%%%%%%%%%%%%%%%%%%%%%%%%%%%%%%%%%%%%%%%%%%%%%%%%%%%%%%%%%%%%%%%%%%%%%%%%%%%%%%%
%% Pre-processing                          : 0.009s
%% Hypothesis Space Generation             : 0.172s
%% Counterexample search                   : 0.012s
%%   - CDOEs                               : 0s
%%   - CDPIs                               : 0.012s
%% Hypothesis Search                       : 0.811s
%% Total                                   : 1.012s
%%%%%%%%%%%%%%%%%%%%%%%%%%%%%%%%%%%%%%%%%%%%%%%%%%%%%%%%%%%%%%%%%%%%%%%%%%%%%%%%
