===== ILASP attempt 1 (returncode=0, timed_out=0, unsat=0) =====
%%%%%%%%%%%%%%%%%%%%%%%%%%%%%%%%%%%%%%%%%%%%%%%%%%%%%%%%%%%%%%%%%%%%%%%%%%%%%%%%
%%                                Iteration 1                                 %%
%%%%%%%%%%%%%%%%%%%%%%%%%%%%%%%%%%%%%%%%%%%%%%%%%%%%%%%%%%%%%%%%%%%%%%%%%%%%%%%%
%% Searching for counterexample... 
%% Found negative counterexample: aaf_4_100_PRF_NEG_4T (a total of 40 counterexamples found) 
%% Found hypothesis: [3] 1 
%%  :- in(V1). 
%%%%%%%%%%%%%%%%%%%%%%%%%%%%%%%%%%%%%%%%%%%%%%%%%%%%%%%%%%%%%%%%%%%%%%%%%%%%%%%%
%%                                Iteration 2                                 %%
%%%%%%%%%%%%%%%%%%%%%%%%%%%%%%%%%%%%%%%%%%%%%%%%%%%%%%%%%%%%%%%%%%%%%%%%%%%%%%%%
%% Searching for counterexample... 
%% Found positive counterexample: aaf_4_1_PRF_POS_1T (a total of 40 counterexamples found) 
%% Found hypothesis: [100] 2 
%%  :- in(V1); not supported(V1). 
%%%%%%%%%%%%%%%%%%%%%%%%%%%%%%%%%%%%%%%%%%%%%%%%%%%%%%%%%%%%%%%%%%%%%%%%%%%%%%%%
%%                                Iteration 3                                 %%
%%%%%%%%%%%%%%%%%%%%%%%%%%%%%%%%%%%%%%%%%%%%%%%%%%%%%%%%%%%%%%%%%%%%%%%%%%%%%%%%
%% Searching for counterexample... 
%% Found negative counterexample: aaf_4_2_PRF_NEG_1T (a total of 6 counterexamples found) 
%% Found hypothesis: [533] 3 
%%  :- att(V1,V2); not out(V2); not att(V2,V1). 
%%%%%%%%%%%%%%%%%%%%%%%%%%%%%%%%%%%%%%%%%%%%%%%%%%%%%%%%%%%%%%%%%%%%%%%%%%%%%%%%
%%                                Iteration 4                                 %%
%%%%%%%%%%%%%%%%%%%%%%%%%%%%%%%%%%%%%%%%%%%%%%%%%%%%%%%%%%%%%%%%%%%%%%%%%%%%%%%%
%% Searching for counterexample... 
%% Found negative counterexample: aaf_4_30_PRF_NEG_6T (a total of 21 counterexamples found) 
%% Found hypothesis: [23, 75] 4 
%%  :- defeated(V1); not not_defended(V1). 
%%  :- not_defended(V1); supported(V1). 
%%%%%%%%%%%%%%%%%%%%%%%%%%%%%%%%%%%%%%%%%%%%%%%%%%%%%%%%%%%%%%%%%%%%%%%%%%%%%%%%
%%                                Iteration 5                                 %%
%%%%%%%%%%%%%%%%%%%%%%%%%%%%%%%%%%%%%%%%%%%%%%%%%%%%%%%%%%%%%%%%%%%%%%%%%%%%%%%%
%% Searching for counterexample... 
%% Found negative counterexample: aaf_4_71_PRF_NEG_5T (a total of 7 counterexamples found) 
%% Found hypothesis: [23, 53] 4 
%%  :- defeated(V1); not not_defended(V1). 
%%  :- out(V1); not defeated(V1). 
%%%%%%%%%%%%%%%%%%%%%%%%%%%%%%%%%%%%%%%%%%%%%%%%%%%%%%%%%%%%%%%%%%%%%%%%%%%%%%%%
%%                                Iteration 6                                 %%
%%%%%%%%%%%%%%%%%%%%%%%%%%%%%%%%%%%%%%%%%%%%%%%%%%%%%%%%%%%%%%%%%%%%%%%%%%%%%%%%
%% Searching for counterexample... 
%% Found negative counterexample: aaf_4_97_PRF_NEG_2T (a total of 2 counterexamples found) 
%% Found hypothesis: [23, 105] 4 
%%  :- defeated(V1); not not_defended(V1). 
%%  :- in(V1); not_defended(V1). 
%%%%%%%%%%%%%%%%%%%%%%%%%%%%%%%%%%%%%%%%%%%%%%%%%%%%%%%%%%%%%%%%%%%%%%%%%%%%%%%%
%%                                Iteration 7                                 %%
%%%%%%%%%%%%%%%%%%%%%%%%%%%%%%%%%%%%%%%%%%%%%%%%%%%%%%%%%%%%%%%%%%%%%%%%%%%%%%%%
%% Searching for counterexample... 
%% Found negative counterexample: aaf_5_48_PRF_NEG_2T (a total of 4 counterexamples found) 
%% Found hypothesis: [53, 100] 4 
%%  :- out(V1); not defeated(V1). 
%%  :- in(V1); not supported(V1). 
%%%%%%%%%%%%%%%%%%%%%%%%%%%%%%%%%%%%%%%%%%%%%%%%%%%%%%%%%%%%%%%%%%%%%%%%%%%%%%%%
%%                                Iteration 8                                 %%
%%%%%%%%%%%%%%%%%%%%%%%%%%%%%%%%%%%%%%%%%%%%%%%%%%%%%%%%%%%%%%%%%%%%%%%%%%%%%%%%
%% Searching for counterexample... 
%%  
%%  
%% Final Hypothesis: 
%%  
 :- out(V1); not defeated(V1).
 :- in(V1); not supported(V1).

%%%%%%%%%%%%%%%%%%%%%%%%%%%%%%%%%%%%%%%%%%%%%%%%%%%%%%%%%%%%%%%%%%%%%%%%%%%%%%%%
%% Pre-processing                          : 0.011s
%% Hypothesis Space Generation             : 0.176s
%% Conflict analysis                       : 1.75s
%%   - Negative Examples                   : 1.014s
%%   - Positive Examples                   : 0.736s
%% Counterexample search                   : 0.089s
%%   - CDOEs                               : 0s
%%   - CDPIs                               : 0.088s
%% Hypothesis Search                       : 1.246s
%% Total                                   : 3.333s
%%%%%%%%%%%%%%%%%%%%%%%%%%%%%%%%%%%%%%%%%%%%%%%%%%%%%%%%%%%%%%%%%%%%%%%%%%%%%%%%

