%%%%%%%%%%%%%%%%%%%%%%%%%%%%%%%%%%%%%%%%%%%%%%%%%%%%%%%%%%%%%%%%%%%%%%%%%%%%%%%%
%%                                Iteration 1                                 %%
%%%%%%%%%%%%%%%%%%%%%%%%%%%%%%%%%%%%%%%%%%%%%%%%%%%%%%%%%%%%%%%%%%%%%%%%%%%%%%%%
%% Searching for counterexample... 
%% Found negative counterexample: aaf_4_30_PRF_NEG_6T (a total of 20 counterexamples found) 
%% Found hypothesis: [1] 1 
%%  :- arg(V1). 
%%%%%%%%%%%%%%%%%%%%%%%%%%%%%%%%%%%%%%%%%%%%%%%%%%%%%%%%%%%%%%%%%%%%%%%%%%%%%%%%
%%                                Iteration 2                                 %%
%%%%%%%%%%%%%%%%%%%%%%%%%%%%%%%%%%%%%%%%%%%%%%%%%%%%%%%%%%%%%%%%%%%%%%%%%%%%%%%%
%% Searching for counterexample... 
%% Found positive counterexample: aaf_4_15_PRF_POS_1T (a total of 20 counterexamples found) 
%% Found hypothesis: [100] 2 
%%  :- in(V1); not supported(V1). 
%%%%%%%%%%%%%%%%%%%%%%%%%%%%%%%%%%%%%%%%%%%%%%%%%%%%%%%%%%%%%%%%%%%%%%%%%%%%%%%%
%%                                Iteration 3                                 %%
%%%%%%%%%%%%%%%%%%%%%%%%%%%%%%%%%%%%%%%%%%%%%%%%%%%%%%%%%%%%%%%%%%%%%%%%%%%%%%%%
%% Searching for counterexample... 
%% Found negative counterexample: aaf_4_35_PRF_NEG_5T (a total of 8 counterexamples found) 
%% Found hypothesis: [63] 2 
%%  :- out(V1); not not_defended(V1). 
%%%%%%%%%%%%%%%%%%%%%%%%%%%%%%%%%%%%%%%%%%%%%%%%%%%%%%%%%%%%%%%%%%%%%%%%%%%%%%%%
%%                                Iteration 4                                 %%
%%%%%%%%%%%%%%%%%%%%%%%%%%%%%%%%%%%%%%%%%%%%%%%%%%%%%%%%%%%%%%%%%%%%%%%%%%%%%%%%
%% Searching for counterexample... 
%% Found negative counterexample: aaf_7_14_PRF_NEG_5T (a total of 3 counterexamples found) 
%% Found hypothesis: [8, 89] 4 
%% out(V1) :- defeated(V1). 
%% in(V1) :- supported(V1). 
%%%%%%%%%%%%%%%%%%%%%%%%%%%%%%%%%%%%%%%%%%%%%%%%%%%%%%%%%%%%%%%%%%%%%%%%%%%%%%%%
%%                                Iteration 5                                 %%
%%%%%%%%%%%%%%%%%%%%%%%%%%%%%%%%%%%%%%%%%%%%%%%%%%%%%%%%%%%%%%%%%%%%%%%%%%%%%%%%
%% Searching for counterexample... 
%%  
%%  
%% Final Hypothesis: 
%%  
out(V1) :- defeated(V1).
in(V1) :- supported(V1).

%%%%%%%%%%%%%%%%%%%%%%%%%%%%%%%%%%%%%%%%%%%%%%%%%%%%%%%%%%%%%%%%%%%%%%%%%%%%%%%%
%% Pre-processing                          : 0.01s
%% Hypothesis Space Generation             : 0.172s
%% Conflict analysis                       : 1.191s
%%   - Negative Examples                   : 0.48s
%%   - Positive Examples                   : 0.711s
%% Counterexample search                   : 0.037s
%%   - CDOEs                               : 0s
%%   - CDPIs                               : 0.036s
%% Hypothesis Search                       : 1.106s
%% Total                                   : 2.578s
%%%%%%%%%%%%%%%%%%%%%%%%%%%%%%%%%%%%%%%%%%%%%%%%%%%%%%%%%%%%%%%%%%%%%%%%%%%%%%%%
