%%%%%%%%%%%%%%%%%%%%%%%%%%%%%%%%%%%%%%%%%%%%%%%%%%%%%%%%%%%%%%%%%%%%%%%%%%%%%%%%
%%                                Iteration 1                                 %%
%%%%%%%%%%%%%%%%%%%%%%%%%%%%%%%%%%%%%%%%%%%%%%%%%%%%%%%%%%%%%%%%%%%%%%%%%%%%%%%%
%% Searching for counterexample... 
%% Found negative counterexample: aaf_4_23_PRF_NEG_1T (a total of 40 counterexamples found) 
%% Found hypothesis: [0] 1 
%%  :- not_defended(V1). 
%%%%%%%%%%%%%%%%%%%%%%%%%%%%%%%%%%%%%%%%%%%%%%%%%%%%%%%%%%%%%%%%%%%%%%%%%%%%%%%%
%%                                Iteration 2                                 %%
%%%%%%%%%%%%%%%%%%%%%%%%%%%%%%%%%%%%%%%%%%%%%%%%%%%%%%%%%%%%%%%%%%%%%%%%%%%%%%%%
%% Searching for counterexample... 
%% Found positive counterexample: aaf_4_35_PRF_POS_1T (a total of 52 counterexamples found) 
%% Found hypothesis: [115] 2 
%%  :- not_defended(V1); not out(V1). 
%%%%%%%%%%%%%%%%%%%%%%%%%%%%%%%%%%%%%%%%%%%%%%%%%%%%%%%%%%%%%%%%%%%%%%%%%%%%%%%%
%%                                Iteration 3                                 %%
%%%%%%%%%%%%%%%%%%%%%%%%%%%%%%%%%%%%%%%%%%%%%%%%%%%%%%%%%%%%%%%%%%%%%%%%%%%%%%%%
%% Searching for counterexample... 
%% Found negative counterexample: aaf_4_42_PRF_NEG_6T (a total of 12 counterexamples found) 
%% Found hypothesis: [100] 2 
%%  :- in(V1); not supported(V1). 
%%%%%%%%%%%%%%%%%%%%%%%%%%%%%%%%%%%%%%%%%%%%%%%%%%%%%%%%%%%%%%%%%%%%%%%%%%%%%%%%
%%                                Iteration 4                                 %%
%%%%%%%%%%%%%%%%%%%%%%%%%%%%%%%%%%%%%%%%%%%%%%%%%%%%%%%%%%%%%%%%%%%%%%%%%%%%%%%%
%% Searching for counterexample... 
%% Found negative counterexample: aaf_5_54_PRF_NEG_2T (a total of 5 counterexamples found) 
%% Found hypothesis: [80] 2 
%%  :- att(V1,V2); not att(V2,V1). 
%%%%%%%%%%%%%%%%%%%%%%%%%%%%%%%%%%%%%%%%%%%%%%%%%%%%%%%%%%%%%%%%%%%%%%%%%%%%%%%%
%%                                Iteration 5                                 %%
%%%%%%%%%%%%%%%%%%%%%%%%%%%%%%%%%%%%%%%%%%%%%%%%%%%%%%%%%%%%%%%%%%%%%%%%%%%%%%%%
%% Searching for counterexample... 
%% Found positive counterexample: aaf_4_39_PRF_POS_1T (a total of 39 counterexamples found) 
%% Found hypothesis: [23, 53] 4 
%%  :- defeated(V1); not not_defended(V1). 
%%  :- out(V1); not defeated(V1). 
%%%%%%%%%%%%%%%%%%%%%%%%%%%%%%%%%%%%%%%%%%%%%%%%%%%%%%%%%%%%%%%%%%%%%%%%%%%%%%%%
%%                                Iteration 6                                 %%
%%%%%%%%%%%%%%%%%%%%%%%%%%%%%%%%%%%%%%%%%%%%%%%%%%%%%%%%%%%%%%%%%%%%%%%%%%%%%%%%
%% Searching for counterexample... 
%% Found negative counterexample: aaf_4_62_PRF_NEG_1T (a total of 7 counterexamples found) 
%% Found hypothesis: [63, 107] 4 
%%  :- out(V1); not not_defended(V1). 
%% out(V1) :- not_defended(V1). 
%%%%%%%%%%%%%%%%%%%%%%%%%%%%%%%%%%%%%%%%%%%%%%%%%%%%%%%%%%%%%%%%%%%%%%%%%%%%%%%%
%%                                Iteration 7                                 %%
%%%%%%%%%%%%%%%%%%%%%%%%%%%%%%%%%%%%%%%%%%%%%%%%%%%%%%%%%%%%%%%%%%%%%%%%%%%%%%%%
%% Searching for counterexample... 
%%  
%%  
%% Final Hypothesis: 
%%  
 :- out(V1); not not_defended(V1).
out(V1) :- not_defended(V1).

%%%%%%%%%%%%%%%%%%%%%%%%%%%%%%%%%%%%%%%%%%%%%%%%%%%%%%%%%%%%%%%%%%%%%%%%%%%%%%%%
%% Pre-processing                          : 0.014s
%% Hypothesis Space Generation             : 0.177s
%% Conflict analysis                       : 2.198s
%%   - Negative Examples                   : 0.684s
%%   - Positive Examples                   : 1.514s
%% Counterexample search                   : 0.085s
%%   - CDOEs                               : 0s
%%   - CDPIs                               : 0.081s
%% Hypothesis Search                       : 1.743s
%% Total                                   : 4.282s
%%%%%%%%%%%%%%%%%%%%%%%%%%%%%%%%%%%%%%%%%%%%%%%%%%%%%%%%%%%%%%%%%%%%%%%%%%%%%%%%
domRec ignored: No domain atoms found.
domRec ignored: No domain atoms found.
domRec ignored: No domain atoms found.
domRec ignored: No domain atoms found.
domRec ignored: No domain atoms found.
domRec ignored: No domain atoms found.
domRec ignored: No domain atoms found.
domRec ignored: No domain atoms found.
domRec ignored: No domain atoms found.
domRec ignored: No domain atoms found.
domRec ignored: No domain atoms found.
domRec ignored: No domain atoms found.
domRec ignored: No domain atoms found.
domRec ignored: No domain atoms found.
domRec ignored: No domain atoms found.
domRec ignored: No domain atoms found.
domRec ignored: No domain atoms found.
domRec ignored: No domain atoms found.
domRec ignored: No domain atoms found.
domRec ignored: No domain atoms found.
domRec ignored: No domain atoms found.
domRec ignored: No domain atoms found.
domRec ignored: No domain atoms found.
domRec ignored: No domain atoms found.
domRec ignored: No domain atoms found.
domRec ignored: No domain atoms found.
domRec ignored: No domain atoms found.
domRec ignored: No domain atoms found.
domRec ignored: No domain atoms found.
domRec ignored: No domain atoms found.
domRec ignored: No domain atoms found.
domRec ignored: No domain atoms found.
domRec ignored: No domain atoms found.
domRec ignored: No domain atoms found.
domRec ignored: No domain atoms found.
domRec ignored: No domain atoms found.
domRec ignored: No domain atoms found.
domRec ignored: No domain atoms found.
domRec ignored: No domain atoms found.
domRec ignored: No domain atoms found.
domRec ignored: No domain atoms found.
domRec ignored: No domain atoms found.
domRec ignored: No domain atoms found.
domRec ignored: No domain atoms found.
domRec ignored: No domain atoms found.
domRec ignored: No domain atoms found.
domRec ignored: No domain atoms found.
domRec ignored: No domain atoms found.
domRec ignored: No domain atoms found.
domRec ignored: No domain atoms found.
domRec ignored: No domain atoms found.
domRec ignored: No domain atoms found.
domRec ignored: No domain atoms found.
domRec ignored: No domain atoms found.
domRec ignored: No domain atoms found.
domRec ignored: No domain atoms found.
domRec ignored: No domain atoms found.
domRec ignored: No domain atoms found.
domRec ignored: No domain atoms found.
domRec ignored: No domain atoms found.
domRec ignored: No domain atoms found.
domRec ignored: No domain atoms found.
domRec ignored: No domain atoms found.
domRec ignored: No domain atoms found.
domRec ignored: No domain atoms found.
domRec ignored: No domain atoms found.
domRec ignored: No domain atoms found.
domRec ignored: No domain atoms found.
domRec ignored: No domain atoms found.
domRec ignored: No domain atoms found.
domRec ignored: No domain atoms found.
domRec ignored: No domain atoms found.
domRec ignored: No domain atoms found.
domRec ignored: No domain atoms found.
domRec ignored: No domain atoms found.
domRec ignored: No domain atoms found.
domRec ignored: No domain atoms found.
domRec ignored: No domain atoms found.
{"tag": "adm_f40_fold0", "train_seconds": 4.3, "timed_out": false, "exit_code": 0, "succeeded": true, "theory": [":- out(V1); not not_defended(V1).", "out(V1) :- not_defended(V1)."], "tp": 30, "fp": 2, "tn": 28, "fn": 0, "mcc": 0.9354, "acc": 0.9667, "mismatches": ["aaf_5_88_PRF_NEG_6.lp", "aaf_6_46_PRF_NEG_5.lp"], "bare_aaf_exact_preferred_recovery": "8/25"}
%%%%%%%%%%%%%%%%%%%%%%%%%%%%%%%%%%%%%%%%%%%%%%%%%%%%%%%%%%%%%%%%%%%%%%%%%%%%%%%%
%%                                Iteration 1                                 %%
%%%%%%%%%%%%%%%%%%%%%%%%%%%%%%%%%%%%%%%%%%%%%%%%%%%%%%%%%%%%%%%%%%%%%%%%%%%%%%%%
%% Searching for counterexample... 
%% Found negative counterexample: aaf_4_41_PRF_NEG_6T (a total of 40 counterexamples found) 
%% Found hypothesis: [0] 1 
%%  :- not_defended(V1). 
%%%%%%%%%%%%%%%%%%%%%%%%%%%%%%%%%%%%%%%%%%%%%%%%%%%%%%%%%%%%%%%%%%%%%%%%%%%%%%%%
%%                                Iteration 2                                 %%
%%%%%%%%%%%%%%%%%%%%%%%%%%%%%%%%%%%%%%%%%%%%%%%%%%%%%%%%%%%%%%%%%%%%%%%%%%%%%%%%
%% Searching for counterexample... 
%% Found positive counterexample: aaf_4_10_PRF_POS_2T (a total of 52 counterexamples found) 
%% Found hypothesis: [107] 2 
%% out(V1) :- not_defended(V1). 
%%%%%%%%%%%%%%%%%%%%%%%%%%%%%%%%%%%%%%%%%%%%%%%%%%%%%%%%%%%%%%%%%%%%%%%%%%%%%%%%
%%                                Iteration 3                                 %%
%%%%%%%%%%%%%%%%%%%%%%%%%%%%%%%%%%%%%%%%%%%%%%%%%%%%%%%%%%%%%%%%%%%%%%%%%%%%%%%%
%% Searching for counterexample... 
%% Found negative counterexample: aaf_4_93_PRF_NEG_5T (a total of 13 counterexamples found) 
%% Found hypothesis: [63] 2 
%%  :- out(V1); not not_defended(V1). 
%%%%%%%%%%%%%%%%%%%%%%%%%%%%%%%%%%%%%%%%%%%%%%%%%%%%%%%%%%%%%%%%%%%%%%%%%%%%%%%%
%%                                Iteration 4                                 %%
%%%%%%%%%%%%%%%%%%%%%%%%%%%%%%%%%%%%%%%%%%%%%%%%%%%%%%%%%%%%%%%%%%%%%%%%%%%%%%%%
%% Searching for counterexample... 
%% Found negative counterexample: aaf_4_76_PRF_NEG_6T (a total of 15 counterexamples found) 
%% Found hypothesis: [1248] 3 
%%  :- in(V2); out(V1); not att(V2,V1). 
%%%%%%%%%%%%%%%%%%%%%%%%%%%%%%%%%%%%%%%%%%%%%%%%%%%%%%%%%%%%%%%%%%%%%%%%%%%%%%%%
%%                                Iteration 5                                 %%
%%%%%%%%%%%%%%%%%%%%%%%%%%%%%%%%%%%%%%%%%%%%%%%%%%%%%%%%%%%%%%%%%%%%%%%%%%%%%%%%
%% Searching for counterexample... 
%% Found negative counterexample: aaf_4_83_PRF_NEG_4T (a total of 21 counterexamples found) 
%% Found hypothesis: [533] 3 
%%  :- att(V1,V2); not out(V2); not att(V2,V1). 
%%%%%%%%%%%%%%%%%%%%%%%%%%%%%%%%%%%%%%%%%%%%%%%%%%%%%%%%%%%%%%%%%%%%%%%%%%%%%%%%
%%                                Iteration 6                                 %%
%%%%%%%%%%%%%%%%%%%%%%%%%%%%%%%%%%%%%%%%%%%%%%%%%%%%%%%%%%%%%%%%%%%%%%%%%%%%%%%%
%% Searching for counterexample... 
%% Found positive counterexample: aaf_5_97_PRF_POS_1T (a total of 14 counterexamples found) 
%% Found hypothesis: [113, 116] 4 
%%  :- not_defended(V1); not defeated(V1). 
%%  :- in(V1); defeated(V1). 
%%%%%%%%%%%%%%%%%%%%%%%%%%%%%%%%%%%%%%%%%%%%%%%%%%%%%%%%%%%%%%%%%%%%%%%%%%%%%%%%
%%                                Iteration 7                                 %%
%%%%%%%%%%%%%%%%%%%%%%%%%%%%%%%%%%%%%%%%%%%%%%%%%%%%%%%%%%%%%%%%%%%%%%%%%%%%%%%%
%% Searching for counterexample... 
%%  
%%  
%% Final Hypothesis: 
%%  
 :- not_defended(V1); not defeated(V1).
 :- in(V1); defeated(V1).

%%%%%%%%%%%%%%%%%%%%%%%%%%%%%%%%%%%%%%%%%%%%%%%%%%%%%%%%%%%%%%%%%%%%%%%%%%%%%%%%
%% Pre-processing                          : 0.013s
%% Hypothesis Space Generation             : 0.178s
%% Conflict analysis                       : 2.218s
%%   - Negative Examples                   : 0.705s
%%   - Positive Examples                   : 1.513s
%% Counterexample search                   : 0.08s
%%   - CDOEs                               : 0s
%%   - CDPIs                               : 0.078s
%% Hypothesis Search                       : 1.637s
%% Total                                   : 4.187s
%%%%%%%%%%%%%%%%%%%%%%%%%%%%%%%%%%%%%%%%%%%%%%%%%%%%%%%%%%%%%%%%%%%%%%%%%%%%%%%%
domRec ignored: No domain atoms found.
domRec ignored: No domain atoms found.
domRec ignored: No domain atoms found.
domRec ignored: No domain atoms found.
domRec ignored: No domain atoms found.
domRec ignored: No domain atoms found.
domRec ignored: No domain atoms found.
domRec ignored: No domain atoms found.
domRec ignored: No domain atoms found.
domRec ignored: No domain atoms found.
domRec ignored: No domain atoms found.
domRec ignored: No domain atoms found.
domRec ignored: No domain atoms found.
domRec ignored: No domain atoms found.
domRec ignored: No domain atoms found.
domRec ignored: No domain atoms found.
domRec ignored: No domain atoms found.
domRec ignored: No domain atoms found.
domRec ignored: No domain atoms found.
domRec ignored: No domain atoms found.
domRec ignored: No domain atoms found.
domRec ignored: No domain atoms found.
domRec ignored: No domain atoms found.
domRec ignored: No domain atoms found.
domRec ignored: No domain atoms found.
domRec ignored: No domain atoms found.
domRec ignored: No domain atoms found.
domRec ignored: No domain atoms found.
domRec ignored: No domain atoms found.
domRec ignored: No domain atoms found.
domRec ignored: No domain atoms found.
domRec ignored: No domain atoms found.
domRec ignored: No domain atoms found.
domRec ignored: No domain atoms found.
domRec ignored: No domain atoms found.
domRec ignored: No domain atoms found.
domRec ignored: No domain atoms found.
domRec ignored: No domain atoms found.
domRec ignored: No domain atoms found.
domRec ignored: No domain atoms found.
domRec ignored: No domain atoms found.
domRec ignored: No domain atoms found.
domRec ignored: No domain atoms found.
domRec ignored: No domain atoms found.
domRec ignored: No domain atoms found.
domRec ignored: No domain atoms found.
domRec ignored: No domain atoms found.
domRec ignored: No domain atoms found.
domRec ignored: No domain atoms found.
domRec ignored: No domain atoms found.
domRec ignored: No domain atoms found.
domRec ignored: No domain atoms found.
domRec ignored: No domain atoms found.
domRec ignored: No domain atoms found.
domRec ignored: No domain atoms found.
domRec ignored: No domain atoms found.
domRec ignored: No domain atoms found.
domRec ignored: No domain atoms found.
domRec ignored: No domain atoms found.
domRec ignored: No domain atoms found.
domRec ignored: No domain atoms found.
domRec ignored: No domain atoms found.
domRec ignored: No domain atoms found.
domRec ignored: No domain atoms found.
domRec ignored: No domain atoms found.
domRec ignored: No domain atoms found.
domRec ignored: No domain atoms found.
domRec ignored: No domain atoms found.
domRec ignored: No domain atoms found.
domRec ignored: No domain atoms found.
domRec ignored: No domain atoms found.
domRec ignored: No domain atoms found.
{"tag": "adm_f40_fold1", "train_seconds": 4.2, "timed_out": false, "exit_code": 0, "succeeded": true, "theory": [":- not_defended(V1); not defeated(V1).", ":- in(V1); defeated(V1)."], "tp": 30, "fp": 0, "tn": 30, "fn": 0, "mcc": 1.0, "acc": 1.0, "mismatches": [], "bare_aaf_exact_preferred_recovery": "25/25"}
%%%%%%%%%%%%%%%%%%%%%%%%%%%%%%%%%%%%%%%%%%%%%%%%%%%%%%%%%%%%%%%%%%%%%%%%%%%%%%%%
%%                                Iteration 1                                 %%
%%%%%%%%%%%%%%%%%%%%%%%%%%%%%%%%%%%%%%%%%%%%%%%%%%%%%%%%%%%%%%%%%%%%%%%%%%%%%%%%
%% Searching for counterexample... 
%% Found negative counterexample: aaf_4_63_PRF_NEG_2T (a total of 40 counterexamples found) 
%% Found hypothesis: [1] 1 
%%  :- arg(V1). 
%%%%%%%%%%%%%%%%%%%%%%%%%%%%%%%%%%%%%%%%%%%%%%%%%%%%%%%%%%%%%%%%%%%%%%%%%%%%%%%%
%%                                Iteration 2                                 %%
%%%%%%%%%%%%%%%%%%%%%%%%%%%%%%%%%%%%%%%%%%%%%%%%%%%%%%%%%%%%%%%%%%%%%%%%%%%%%%%%
%% Searching for counterexample... 
%% Found positive counterexample: aaf_4_19_PRF_POS_1T (a total of 40 counterexamples found) 
%% Found hypothesis: [115] 2 
%%  :- not_defended(V1); not out(V1). 
%%%%%%%%%%%%%%%%%%%%%%%%%%%%%%%%%%%%%%%%%%%%%%%%%%%%%%%%%%%%%%%%%%%%%%%%%%%%%%%%
%%                                Iteration 3                                 %%
%%%%%%%%%%%%%%%%%%%%%%%%%%%%%%%%%%%%%%%%%%%%%%%%%%%%%%%%%%%%%%%%%%%%%%%%%%%%%%%%
%% Searching for counterexample... 
%% Found negative counterexample: aaf_4_66_PRF_NEG_5T (a total of 18 counterexamples found) 
%% Found hypothesis: [100] 2 
%%  :- in(V1); not supported(V1). 
%%%%%%%%%%%%%%%%%%%%%%%%%%%%%%%%%%%%%%%%%%%%%%%%%%%%%%%%%%%%%%%%%%%%%%%%%%%%%%%%
%%                                Iteration 4                                 %%
%%%%%%%%%%%%%%%%%%%%%%%%%%%%%%%%%%%%%%%%%%%%%%%%%%%%%%%%%%%%%%%%%%%%%%%%%%%%%%%%
%% Searching for counterexample... 
%% Found negative counterexample: aaf_6_47_PRF_NEG_4T (a total of 8 counterexamples found) 
%% Found hypothesis: [533] 3 
%%  :- att(V1,V2); not out(V2); not att(V2,V1). 
%%%%%%%%%%%%%%%%%%%%%%%%%%%%%%%%%%%%%%%%%%%%%%%%%%%%%%%%%%%%%%%%%%%%%%%%%%%%%%%%
%%                                Iteration 5                                 %%
%%%%%%%%%%%%%%%%%%%%%%%%%%%%%%%%%%%%%%%%%%%%%%%%%%%%%%%%%%%%%%%%%%%%%%%%%%%%%%%%
%% Searching for counterexample... 
%% Found positive counterexample: aaf_5_12_PRF_POS_2T (a total of 14 counterexamples found) 
%% Found hypothesis: [63, 115] 4 
%%  :- out(V1); not not_defended(V1). 
%%  :- not_defended(V1); not out(V1). 
%%%%%%%%%%%%%%%%%%%%%%%%%%%%%%%%%%%%%%%%%%%%%%%%%%%%%%%%%%%%%%%%%%%%%%%%%%%%%%%%
%%                                Iteration 6                                 %%
%%%%%%%%%%%%%%%%%%%%%%%%%%%%%%%%%%%%%%%%%%%%%%%%%%%%%%%%%%%%%%%%%%%%%%%%%%%%%%%%
%% Searching for counterexample... 
%% Found negative counterexample: aaf_5_32_PRF_NEG_6T (a total of 3 counterexamples found) 
%% Found hypothesis: [8, 63] 4 
%% out(V1) :- defeated(V1). 
%%  :- out(V1); not not_defended(V1). 
%%%%%%%%%%%%%%%%%%%%%%%%%%%%%%%%%%%%%%%%%%%%%%%%%%%%%%%%%%%%%%%%%%%%%%%%%%%%%%%%
%%                                Iteration 7                                 %%
%%%%%%%%%%%%%%%%%%%%%%%%%%%%%%%%%%%%%%%%%%%%%%%%%%%%%%%%%%%%%%%%%%%%%%%%%%%%%%%%
%% Searching for counterexample... 
%% Found negative counterexample: aaf_6_73_PRF_NEG_2T (a total of 3 counterexamples found) 
%% Found hypothesis: [8, 53] 4 
%% out(V1) :- defeated(V1). 
%%  :- out(V1); not defeated(V1). 
%%%%%%%%%%%%%%%%%%%%%%%%%%%%%%%%%%%%%%%%%%%%%%%%%%%%%%%%%%%%%%%%%%%%%%%%%%%%%%%%
%%                                Iteration 8                                 %%
%%%%%%%%%%%%%%%%%%%%%%%%%%%%%%%%%%%%%%%%%%%%%%%%%%%%%%%%%%%%%%%%%%%%%%%%%%%%%%%%
%% Searching for counterexample... 
%% Found negative counterexample: aaf_8_87_PRF_NEG_5T (a total of 1 counterexamples found) 
%% Found hypothesis: [8, 113] 4 
%% out(V1) :- defeated(V1). 
%%  :- not_defended(V1); not defeated(V1). 
%%%%%%%%%%%%%%%%%%%%%%%%%%%%%%%%%%%%%%%%%%%%%%%%%%%%%%%%%%%%%%%%%%%%%%%%%%%%%%%%
%%                                Iteration 9                                 %%
%%%%%%%%%%%%%%%%%%%%%%%%%%%%%%%%%%%%%%%%%%%%%%%%%%%%%%%%%%%%%%%%%%%%%%%%%%%%%%%%
%% Searching for counterexample... 
%%  
%%  
%% Final Hypothesis: 
%%  
out(V1) :- defeated(V1).
 :- not_defended(V1); not defeated(V1).

%%%%%%%%%%%%%%%%%%%%%%%%%%%%%%%%%%%%%%%%%%%%%%%%%%%%%%%%%%%%%%%%%%%%%%%%%%%%%%%%
%% Pre-processing                          : 0.013s
%% Hypothesis Space Generation             : 0.176s
%% Conflict analysis                       : 2.683s
%%   - Negative Examples                   : 1.16s
%%   - Positive Examples                   : 1.523s
%% Counterexample search                   : 0.104s
%%   - CDOEs                               : 0s
%%   - CDPIs                               : 0.102s
%% Hypothesis Search                       : 1.593s
%% Total                                   : 4.635s
%%%%%%%%%%%%%%%%%%%%%%%%%%%%%%%%%%%%%%%%%%%%%%%%%%%%%%%%%%%%%%%%%%%%%%%%%%%%%%%%
domRec ignored: No domain atoms found.
domRec ignored: No domain atoms found.
domRec ignored: No domain atoms found.
domRec ignored: No domain atoms found.
domRec ignored: No domain atoms found.
domRec ignored: No domain atoms found.
domRec ignored: No domain atoms found.
domRec ignored: No domain atoms found.
domRec ignored: No domain atoms found.
domRec ignored: No domain atoms found.
domRec ignored: No domain atoms found.
domRec ignored: No domain atoms found.
domRec ignored: No domain atoms found.
domRec ignored: No domain atoms found.
domRec ignored: No domain atoms found.
domRec ignored: No domain atoms found.
domRec ignored: No domain atoms found.
domRec ignored: No domain atoms found.
domRec ignored: No domain atoms found.
domRec ignored: No domain atoms found.
domRec ignored: No domain atoms found.
domRec ignored: No domain atoms found.
domRec ignored: No domain atoms found.
domRec ignored: No domain atoms found.
domRec ignored: No domain atoms found.
domRec ignored: No domain atoms found.
domRec ignored: No domain atoms found.
domRec ignored: No domain atoms found.
domRec ignored: No domain atoms found.
domRec ignored: No domain atoms found.
domRec ignored: No domain atoms found.
domRec ignored: No domain atoms found.
domRec ignored: No domain atoms found.
domRec ignored: No domain atoms found.
domRec ignored: No domain atoms found.
domRec ignored: No domain atoms found.
domRec ignored: No domain atoms found.
domRec ignored: No domain atoms found.
domRec ignored: No domain atoms found.
domRec ignored: No domain atoms found.
domRec ignored: No domain atoms found.
domRec ignored: No domain atoms found.
domRec ignored: No domain atoms found.
domRec ignored: No domain atoms found.
domRec ignored: No domain atoms found.
domRec ignored: No domain atoms found.
domRec ignored: No domain atoms found.
domRec ignored: No domain atoms found.
domRec ignored: No domain atoms found.
domRec ignored: No domain atoms found.
domRec ignored: No domain atoms found.
domRec ignored: No domain atoms found.
domRec ignored: No domain atoms found.
domRec ignored: No domain atoms found.
domRec ignored: No domain atoms found.
domRec ignored: No domain atoms found.
domRec ignored: No domain atoms found.
domRec ignored: No domain atoms found.
domRec ignored: No domain atoms found.
domRec ignored: No domain atoms found.
domRec ignored: No domain atoms found.
domRec ignored: No domain atoms found.
domRec ignored: No domain atoms found.
domRec ignored: No domain atoms found.
domRec ignored: No domain atoms found.
domRec ignored: No domain atoms found.
domRec ignored: No domain atoms found.
domRec ignored: No domain atoms found.
domRec ignored: No domain atoms found.
domRec ignored: No domain atoms found.
domRec ignored: No domain atoms found.
domRec ignored: No domain atoms found.
domRec ignored: No domain atoms found.
{"tag": "adm_f40_fold2", "train_seconds": 4.65, "timed_out": false, "exit_code": 0, "succeeded": true, "theory": ["out(V1) :- defeated(V1).", ":- not_defended(V1); not defeated(V1)."], "tp": 30, "fp": 0, "tn": 30, "fn": 0, "mcc": 1.0, "acc": 1.0, "mismatches": [], "bare_aaf_exact_preferred_recovery": "25/25"}
%%%%%%%%%%%%%%%%%%%%%%%%%%%%%%%%%%%%%%%%%%%%%%%%%%%%%%%%%%%%%%%%%%%%%%%%%%%%%%%%
%%                                Iteration 1                                 %%
%%%%%%%%%%%%%%%%%%%%%%%%%%%%%%%%%%%%%%%%%%%%%%%%%%%%%%%%%%%%%%%%%%%%%%%%%%%%%%%%
%% Searching for counterexample... 
%% Found negative counterexample: aaf_4_100_PRF_NEG_1T (a total of 40 counterexamples found) 
%% Found hypothesis: [1] 1 
%%  :- arg(V1). 
%%%%%%%%%%%%%%%%%%%%%%%%%%%%%%%%%%%%%%%%%%%%%%%%%%%%%%%%%%%%%%%%%%%%%%%%%%%%%%%%
%%                                Iteration 2                                 %%
%%%%%%%%%%%%%%%%%%%%%%%%%%%%%%%%%%%%%%%%%%%%%%%%%%%%%%%%%%%%%%%%%%%%%%%%%%%%%%%%
%% Searching for counterexample... 
%% Found positive counterexample: aaf_4_27_PRF_POS_1T (a total of 40 counterexamples found) 
%% Found hypothesis: [116] 2 
%%  :- in(V1); defeated(V1). 
%%%%%%%%%%%%%%%%%%%%%%%%%%%%%%%%%%%%%%%%%%%%%%%%%%%%%%%%%%%%%%%%%%%%%%%%%%%%%%%%
%%                                Iteration 3                                 %%
%%%%%%%%%%%%%%%%%%%%%%%%%%%%%%%%%%%%%%%%%%%%%%%%%%%%%%%%%%%%%%%%%%%%%%%%%%%%%%%%
%% Searching for counterexample... 
%% Found negative counterexample: aaf_4_100_PRF_NEG_5T (a total of 4 counterexamples found) 
%% Found hypothesis: [96] 2 
%%  :- in(V2); att(V1,V2). 
%%%%%%%%%%%%%%%%%%%%%%%%%%%%%%%%%%%%%%%%%%%%%%%%%%%%%%%%%%%%%%%%%%%%%%%%%%%%%%%%
%%                                Iteration 4                                 %%
%%%%%%%%%%%%%%%%%%%%%%%%%%%%%%%%%%%%%%%%%%%%%%%%%%%%%%%%%%%%%%%%%%%%%%%%%%%%%%%%
%% Searching for counterexample... 
%% Found positive counterexample: aaf_4_2_PRF_POS_1T (a total of 39 counterexamples found) 
%% Found hypothesis: [63] 2 
%%  :- out(V1); not not_defended(V1). 
%%%%%%%%%%%%%%%%%%%%%%%%%%%%%%%%%%%%%%%%%%%%%%%%%%%%%%%%%%%%%%%%%%%%%%%%%%%%%%%%
%%                                Iteration 5                                 %%
%%%%%%%%%%%%%%%%%%%%%%%%%%%%%%%%%%%%%%%%%%%%%%%%%%%%%%%%%%%%%%%%%%%%%%%%%%%%%%%%
%% Searching for counterexample... 
%% Found negative counterexample: aaf_4_19_PRF_NEG_3T (a total of 12 counterexamples found) 
%% Found hypothesis: [760] 3 
%%  :- att(V1,V2); not out(V2); not not_defended(V1). 
%%%%%%%%%%%%%%%%%%%%%%%%%%%%%%%%%%%%%%%%%%%%%%%%%%%%%%%%%%%%%%%%%%%%%%%%%%%%%%%%
%%                                Iteration 6                                 %%
%%%%%%%%%%%%%%%%%%%%%%%%%%%%%%%%%%%%%%%%%%%%%%%%%%%%%%%%%%%%%%%%%%%%%%%%%%%%%%%%
%% Searching for counterexample... 
%% Found negative counterexample: aaf_4_4_PRF_NEG_4T (a total of 2 counterexamples found) 
%% Found hypothesis: [23, 53] 4 
%%  :- defeated(V1); not not_defended(V1). 
%%  :- out(V1); not defeated(V1). 
%%%%%%%%%%%%%%%%%%%%%%%%%%%%%%%%%%%%%%%%%%%%%%%%%%%%%%%%%%%%%%%%%%%%%%%%%%%%%%%%
%%                                Iteration 7                                 %%
%%%%%%%%%%%%%%%%%%%%%%%%%%%%%%%%%%%%%%%%%%%%%%%%%%%%%%%%%%%%%%%%%%%%%%%%%%%%%%%%
%% Searching for counterexample... 
%% Found negative counterexample: aaf_4_51_PRF_NEG_1T (a total of 4 counterexamples found) 
%% Found hypothesis: [23, 105] 4 
%%  :- defeated(V1); not not_defended(V1). 
%%  :- in(V1); not_defended(V1). 
%%%%%%%%%%%%%%%%%%%%%%%%%%%%%%%%%%%%%%%%%%%%%%%%%%%%%%%%%%%%%%%%%%%%%%%%%%%%%%%%
%%                                Iteration 8                                 %%
%%%%%%%%%%%%%%%%%%%%%%%%%%%%%%%%%%%%%%%%%%%%%%%%%%%%%%%%%%%%%%%%%%%%%%%%%%%%%%%%
%% Searching for counterexample... 
%%  
%%  
%% Final Hypothesis: 
%%  
 :- defeated(V1); not not_defended(V1).
 :- in(V1); not_defended(V1).

%%%%%%%%%%%%%%%%%%%%%%%%%%%%%%%%%%%%%%%%%%%%%%%%%%%%%%%%%%%%%%%%%%%%%%%%%%%%%%%%
%% Pre-processing                          : 0.012s
%% Hypothesis Space Generation             : 0.181s
%% Conflict analysis                       : 2.352s
%%   - Negative Examples                   : 0.865s
%%   - Positive Examples                   : 1.487s
%% Counterexample search                   : 0.094s
%%   - CDOEs                               : 0s
%%   - CDPIs                               : 0.093s
%% Hypothesis Search                       : 1.502s
%% Total                                   : 4.205s
%%%%%%%%%%%%%%%%%%%%%%%%%%%%%%%%%%%%%%%%%%%%%%%%%%%%%%%%%%%%%%%%%%%%%%%%%%%%%%%%
domRec ignored: No domain atoms found.
domRec ignored: No domain atoms found.
domRec ignored: No domain atoms found.
domRec ignored: No domain atoms found.
domRec ignored: No domain atoms found.
domRec ignored: No domain atoms found.
domRec ignored: No domain atoms found.
domRec ignored: No domain atoms found.
domRec ignored: No domain atoms found.
domRec ignored: No domain atoms found.
domRec ignored: No domain atoms found.
domRec ignored: No domain atoms found.
domRec ignored: No domain atoms found.
domRec ignored: No domain atoms found.
domRec ignored: No domain atoms found.
domRec ignored: No domain atoms found.
domRec ignored: No domain atoms found.
domRec ignored: No domain atoms found.
domRec ignored: No domain atoms found.
domRec ignored: No domain atoms found.
domRec ignored: No domain atoms found.
domRec ignored: No domain atoms found.
domRec ignored: No domain atoms found.
domRec ignored: No domain atoms found.
domRec ignored: No domain atoms found.
domRec ignored: No domain atoms found.
domRec ignored: No domain atoms found.
domRec ignored: No domain atoms found.
domRec ignored: No domain atoms found.
domRec ignored: No domain atoms found.
domRec ignored: No domain atoms found.
domRec ignored: No domain atoms found.
domRec ignored: No domain atoms found.
domRec ignored: No domain atoms found.
domRec ignored: No domain atoms found.
domRec ignored: No domain atoms found.
domRec ignored: No domain atoms found.
domRec ignored: No domain atoms found.
domRec ignored: No domain atoms found.
domRec ignored: No domain atoms found.
domRec ignored: No domain atoms found.
domRec ignored: No domain atoms found.
domRec ignored: No domain atoms found.
domRec ignored: No domain atoms found.
domRec ignored: No domain atoms found.
domRec ignored: No domain atoms found.
domRec ignored: No domain atoms found.
domRec ignored: No domain atoms found.
domRec ignored: No domain atoms found.
domRec ignored: No domain atoms found.
domRec ignored: No domain atoms found.
domRec ignored: No domain atoms found.
domRec ignored: No domain atoms found.
domRec ignored: No domain atoms found.
domRec ignored: No domain atoms found.
domRec ignored: No domain atoms found.
domRec ignored: No domain atoms found.
domRec ignored: No domain atoms found.
domRec ignored: No domain atoms found.
domRec ignored: No domain atoms found.
domRec ignored: No domain atoms found.
domRec ignored: No domain atoms found.
domRec ignored: No domain atoms found.
domRec ignored: No domain atoms found.
domRec ignored: No domain atoms found.
domRec ignored: No domain atoms found.
domRec ignored: No domain atoms found.
{"tag": "adm_f40_fold3", "train_seconds": 4.22, "timed_out": false, "exit_code": 0, "succeeded": true, "theory": [":- defeated(V1); not not_defended(V1).", ":- in(V1); not_defended(V1)."], "tp": 30, "fp": 0, "tn": 30, "fn": 0, "mcc": 1.0, "acc": 1.0, "mismatches": [], "bare_aaf_exact_preferred_recovery": "25/25"}
%%%%%%%%%%%%%%%%%%%%%%%%%%%%%%%%%%%%%%%%%%%%%%%%%%%%%%%%%%%%%%%%%%%%%%%%%%%%%%%%
%%                                Iteration 1                                 %%
%%%%%%%%%%%%%%%%%%%%%%%%%%%%%%%%%%%%%%%%%%%%%%%%%%%%%%%%%%%%%%%%%%%%%%%%%%%%%%%%
%% Searching for counterexample... 
%% Found negative counterexample: aaf_4_100_PRF_NEG_1T (a total of 40 counterexamples found) 
%% Found hypothesis: [1] 1 
%%  :- arg(V1). 
%%%%%%%%%%%%%%%%%%%%%%%%%%%%%%%%%%%%%%%%%%%%%%%%%%%%%%%%%%%%%%%%%%%%%%%%%%%%%%%%
%%                                Iteration 2                                 %%
%%%%%%%%%%%%%%%%%%%%%%%%%%%%%%%%%%%%%%%%%%%%%%%%%%%%%%%%%%%%%%%%%%%%%%%%%%%%%%%%
%% Searching for counterexample... 
%% Found positive counterexample: aaf_4_20_PRF_POS_2T (a total of 40 counterexamples found) 
%% Found hypothesis: [100] 2 
%%  :- in(V1); not supported(V1). 
%%%%%%%%%%%%%%%%%%%%%%%%%%%%%%%%%%%%%%%%%%%%%%%%%%%%%%%%%%%%%%%%%%%%%%%%%%%%%%%%
%%                                Iteration 3                                 %%
%%%%%%%%%%%%%%%%%%%%%%%%%%%%%%%%%%%%%%%%%%%%%%%%%%%%%%%%%%%%%%%%%%%%%%%%%%%%%%%%
%% Searching for counterexample... 
%% Found negative counterexample: aaf_4_44_PRF_NEG_2T (a total of 8 counterexamples found) 
%% Found hypothesis: [533] 3 
%%  :- att(V1,V2); not out(V2); not att(V2,V1). 
%%%%%%%%%%%%%%%%%%%%%%%%%%%%%%%%%%%%%%%%%%%%%%%%%%%%%%%%%%%%%%%%%%%%%%%%%%%%%%%%
%%                                Iteration 4                                 %%
%%%%%%%%%%%%%%%%%%%%%%%%%%%%%%%%%%%%%%%%%%%%%%%%%%%%%%%%%%%%%%%%%%%%%%%%%%%%%%%%
%% Searching for counterexample... 
%% Found negative counterexample: aaf_4_62_PRF_NEG_4T (a total of 21 counterexamples found) 
%% Found hypothesis: [529] 3 
%%  :- att(V1,V2); not in(V1); not att(V2,V1). 
%%%%%%%%%%%%%%%%%%%%%%%%%%%%%%%%%%%%%%%%%%%%%%%%%%%%%%%%%%%%%%%%%%%%%%%%%%%%%%%%
%%                                Iteration 5                                 %%
%%%%%%%%%%%%%%%%%%%%%%%%%%%%%%%%%%%%%%%%%%%%%%%%%%%%%%%%%%%%%%%%%%%%%%%%%%%%%%%%
%% Searching for counterexample... 
%% Found positive counterexample: aaf_4_53_PRF_POS_1T (a total of 45 counterexamples found) 
%% Found hypothesis: [53, 100] 4 
%%  :- out(V1); not defeated(V1). 
%%  :- in(V1); not supported(V1). 
%%%%%%%%%%%%%%%%%%%%%%%%%%%%%%%%%%%%%%%%%%%%%%%%%%%%%%%%%%%%%%%%%%%%%%%%%%%%%%%%
%%                                Iteration 6                                 %%
%%%%%%%%%%%%%%%%%%%%%%%%%%%%%%%%%%%%%%%%%%%%%%%%%%%%%%%%%%%%%%%%%%%%%%%%%%%%%%%%
%% Searching for counterexample... 
%%  
%%  
%% Final Hypothesis: 
%%  
 :- out(V1); not defeated(V1).
 :- in(V1); not supported(V1).

%%%%%%%%%%%%%%%%%%%%%%%%%%%%%%%%%%%%%%%%%%%%%%%%%%%%%%%%%%%%%%%%%%%%%%%%%%%%%%%%
%% Pre-processing                          : 0.014s
%% Hypothesis Space Generation             : 0.178s
%% Conflict analysis                       : 2.028s
%%   - Negative Examples                   : 0.532s
%%   - Positive Examples                   : 1.496s
%% Counterexample search                   : 0.068s
%%   - CDOEs                               : 0s
%%   - CDPIs                               : 0.067s
%% Hypothesis Search                       : 1.292s
%% Total                                   : 3.639s
%%%%%%%%%%%%%%%%%%%%%%%%%%%%%%%%%%%%%%%%%%%%%%%%%%%%%%%%%%%%%%%%%%%%%%%%%%%%%%%%
domRec ignored: No domain atoms found.
domRec ignored: No domain atoms found.
domRec ignored: No domain atoms found.
domRec ignored: No domain atoms found.
domRec ignored: No domain atoms found.
domRec ignored: No domain atoms found.
domRec ignored: No domain atoms found.
domRec ignored: No domain atoms found.
domRec ignored: No domain atoms found.
domRec ignored: No domain atoms found.
domRec ignored: No domain atoms found.
domRec ignored: No domain atoms found.
domRec ignored: No domain atoms found.
domRec ignored: No domain atoms found.
domRec ignored: No domain atoms found.
domRec ignored: No domain atoms found.
domRec ignored: No domain atoms found.
domRec ignored: No domain atoms found.
domRec ignored: No domain atoms found.
domRec ignored: No domain atoms found.
domRec ignored: No domain atoms found.
domRec ignored: No domain atoms found.
domRec ignored: No domain atoms found.
domRec ignored: No domain atoms found.
domRec ignored: No domain atoms found.
domRec ignored: No domain atoms found.
domRec ignored: No domain atoms found.
domRec ignored: No domain atoms found.
domRec ignored: No domain atoms found.
domRec ignored: No domain atoms found.
domRec ignored: No domain atoms found.
domRec ignored: No domain atoms found.
domRec ignored: No domain atoms found.
domRec ignored: No domain atoms found.
domRec ignored: No domain atoms found.
domRec ignored: No domain atoms found.
domRec ignored: No domain atoms found.
domRec ignored: No domain atoms found.
domRec ignored: No domain atoms found.
domRec ignored: No domain atoms found.
domRec ignored: No domain atoms found.
domRec ignored: No domain atoms found.
domRec ignored: No domain atoms found.
domRec ignored: No domain atoms found.
domRec ignored: No domain atoms found.
domRec ignored: No domain atoms found.
domRec ignored: No domain atoms found.
domRec ignored: No domain atoms found.
domRec ignored: No domain atoms found.
domRec ignored: No domain atoms found.
domRec ignored: No domain atoms found.
domRec ignored: No domain atoms found.
domRec ignored: No domain atoms found.
domRec ignored: No domain atoms found.
domRec ignored: No domain atoms found.
domRec ignored: No domain atoms found.
domRec ignored: No domain atoms found.
domRec ignored: No domain atoms found.
domRec ignored: No domain atoms found.
domRec ignored: No domain atoms found.
domRec ignored: No domain atoms found.
domRec ignored: No domain atoms found.
domRec ignored: No domain atoms found.
domRec ignored: No domain atoms found.
domRec ignored: No domain atoms found.
domRec ignored: No domain atoms found.
domRec ignored: No domain atoms found.
domRec ignored: No domain atoms found.
domRec ignored: No domain atoms found.
domRec ignored: No domain atoms found.
domRec ignored: No domain atoms found.
domRec ignored: No domain atoms found.
domRec ignored: No domain atoms found.
domRec ignored: No domain atoms found.
domRec ignored: No domain atoms found.
{"tag": "adm_f40_fold4", "train_seconds": 3.65, "timed_out": false, "exit_code": 0, "succeeded": true, "theory": [":- out(V1); not defeated(V1).", ":- in(V1); not supported(V1)."], "tp": 30, "fp": 0, "tn": 30, "fn": 0, "mcc": 1.0, "acc": 1.0, "mismatches": [], "bare_aaf_exact_preferred_recovery": "25/25"}
%%%%%%%%%%%%%%%%%%%%%%%%%%%%%%%%%%%%%%%%%%%%%%%%%%%%%%%%%%%%%%%%%%%%%%%%%%%%%%%%
%%                                Iteration 1                                 %%
%%%%%%%%%%%%%%%%%%%%%%%%%%%%%%%%%%%%%%%%%%%%%%%%%%%%%%%%%%%%%%%%%%%%%%%%%%%%%%%%
%% Searching for counterexample... 
%% Found negative counterexample: aaf_4_23_PRF_NEG_3T (a total of 40 counterexamples found) 
%% Found hypothesis: [0] 1 
%%  :- not_defended(V1). 
%%%%%%%%%%%%%%%%%%%%%%%%%%%%%%%%%%%%%%%%%%%%%%%%%%%%%%%%%%%%%%%%%%%%%%%%%%%%%%%%
%%                                Iteration 2                                 %%
%%%%%%%%%%%%%%%%%%%%%%%%%%%%%%%%%%%%%%%%%%%%%%%%%%%%%%%%%%%%%%%%%%%%%%%%%%%%%%%%
%% Searching for counterexample... 
%% Found negative counterexample: aaf_4_29_PRF_NEG_4T (a total of 57 counterexamples found) 
%% Found hypothesis: [1] 1 
%%  :- arg(V1). 
%%%%%%%%%%%%%%%%%%%%%%%%%%%%%%%%%%%%%%%%%%%%%%%%%%%%%%%%%%%%%%%%%%%%%%%%%%%%%%%%
%%                                Iteration 3                                 %%
%%%%%%%%%%%%%%%%%%%%%%%%%%%%%%%%%%%%%%%%%%%%%%%%%%%%%%%%%%%%%%%%%%%%%%%%%%%%%%%%
%% Searching for counterexample... 
%% Found positive counterexample: aaf_4_35_PRF_POS_3T (a total of 40 counterexamples found) 
%% Found hypothesis: [100] 2 
%%  :- in(V1); not supported(V1). 
%%%%%%%%%%%%%%%%%%%%%%%%%%%%%%%%%%%%%%%%%%%%%%%%%%%%%%%%%%%%%%%%%%%%%%%%%%%%%%%%
%%                                Iteration 4                                 %%
%%%%%%%%%%%%%%%%%%%%%%%%%%%%%%%%%%%%%%%%%%%%%%%%%%%%%%%%%%%%%%%%%%%%%%%%%%%%%%%%
%% Searching for counterexample... 
%% Found negative counterexample: aaf_5_10_PRF_NEG_4T (a total of 9 counterexamples found) 
%% Found hypothesis: [63] 2 
%%  :- out(V1); not not_defended(V1). 
%%%%%%%%%%%%%%%%%%%%%%%%%%%%%%%%%%%%%%%%%%%%%%%%%%%%%%%%%%%%%%%%%%%%%%%%%%%%%%%%
%%                                Iteration 5                                 %%
%%%%%%%%%%%%%%%%%%%%%%%%%%%%%%%%%%%%%%%%%%%%%%%%%%%%%%%%%%%%%%%%%%%%%%%%%%%%%%%%
%% Searching for counterexample... 
%% Found negative counterexample: aaf_4_32_PRF_NEG_5T (a total of 12 counterexamples found) 
%% Found hypothesis: [80] 2 
%%  :- att(V1,V2); not att(V2,V1). 
%%%%%%%%%%%%%%%%%%%%%%%%%%%%%%%%%%%%%%%%%%%%%%%%%%%%%%%%%%%%%%%%%%%%%%%%%%%%%%%%
%%                                Iteration 6                                 %%
%%%%%%%%%%%%%%%%%%%%%%%%%%%%%%%%%%%%%%%%%%%%%%%%%%%%%%%%%%%%%%%%%%%%%%%%%%%%%%%%
%% Searching for counterexample... 
%% Found positive counterexample: aaf_4_44_PRF_POS_1T (a total of 36 counterexamples found) 
%% Found hypothesis: [23, 53] 4 
%%  :- defeated(V1); not not_defended(V1). 
%%  :- out(V1); not defeated(V1). 
%%%%%%%%%%%%%%%%%%%%%%%%%%%%%%%%%%%%%%%%%%%%%%%%%%%%%%%%%%%%%%%%%%%%%%%%%%%%%%%%
%%                                Iteration 7                                 %%
%%%%%%%%%%%%%%%%%%%%%%%%%%%%%%%%%%%%%%%%%%%%%%%%%%%%%%%%%%%%%%%%%%%%%%%%%%%%%%%%
%% Searching for counterexample... 
%% Found negative counterexample: aaf_4_66_PRF_NEG_1T (a total of 7 counterexamples found) 
%% Found hypothesis: [8, 89] 4 
%% out(V1) :- defeated(V1). 
%% in(V1) :- supported(V1). 
%%%%%%%%%%%%%%%%%%%%%%%%%%%%%%%%%%%%%%%%%%%%%%%%%%%%%%%%%%%%%%%%%%%%%%%%%%%%%%%%
%%                                Iteration 8                                 %%
%%%%%%%%%%%%%%%%%%%%%%%%%%%%%%%%%%%%%%%%%%%%%%%%%%%%%%%%%%%%%%%%%%%%%%%%%%%%%%%%
%% Searching for counterexample... 
%%  
%%  
%% Final Hypothesis: 
%%  
out(V1) :- defeated(V1).
in(V1) :- supported(V1).

%%%%%%%%%%%%%%%%%%%%%%%%%%%%%%%%%%%%%%%%%%%%%%%%%%%%%%%%%%%%%%%%%%%%%%%%%%%%%%%%
%% Pre-processing                          : 0.013s
%% Hypothesis Space Generation             : 0.176s
%% Conflict analysis                       : 2.392s
%%   - Negative Examples                   : 0.89s
%%   - Positive Examples                   : 1.502s
%% Counterexample search                   : 0.093s
%%   - CDOEs                               : 0s
%%   - CDPIs                               : 0.089s
%% Hypothesis Search                       : 1.799s
%% Total                                   : 4.538s
%%%%%%%%%%%%%%%%%%%%%%%%%%%%%%%%%%%%%%%%%%%%%%%%%%%%%%%%%%%%%%%%%%%%%%%%%%%%%%%%
domRec ignored: No domain atoms found.
domRec ignored: No domain atoms found.
domRec ignored: No domain atoms found.
domRec ignored: No domain atoms found.
domRec ignored: No domain atoms found.
domRec ignored: No domain atoms found.
domRec ignored: No domain atoms found.
domRec ignored: No domain atoms found.
domRec ignored: No domain atoms found.
domRec ignored: No domain atoms found.
domRec ignored: No domain atoms found.
domRec ignored: No domain atoms found.
domRec ignored: No domain atoms found.
domRec ignored: No domain atoms found.
domRec ignored: No domain atoms found.
domRec ignored: No domain atoms found.
domRec ignored: No domain atoms found.
domRec ignored: No domain atoms found.
domRec ignored: No domain atoms found.
domRec ignored: No domain atoms found.
domRec ignored: No domain atoms found.
domRec ignored: No domain atoms found.
domRec ignored: No domain atoms found.
domRec ignored: No domain atoms found.
domRec ignored: No domain atoms found.
domRec ignored: No domain atoms found.
domRec ignored: No domain atoms found.
domRec ignored: No domain atoms found.
domRec ignored: No domain atoms found.
domRec ignored: No domain atoms found.
domRec ignored: No domain atoms found.
domRec ignored: No domain atoms found.
domRec ignored: No domain atoms found.
domRec ignored: No domain atoms found.
domRec ignored: No domain atoms found.
domRec ignored: No domain atoms found.
domRec ignored: No domain atoms found.
domRec ignored: No domain atoms found.
domRec ignored: No domain atoms found.
domRec ignored: No domain atoms found.
domRec ignored: No domain atoms found.
domRec ignored: No domain atoms found.
domRec ignored: No domain atoms found.
domRec ignored: No domain atoms found.
domRec ignored: No domain atoms found.
domRec ignored: No domain atoms found.
domRec ignored: No domain atoms found.
domRec ignored: No domain atoms found.
domRec ignored: No domain atoms found.
domRec ignored: No domain atoms found.
domRec ignored: No domain atoms found.
domRec ignored: No domain atoms found.
domRec ignored: No domain atoms found.
domRec ignored: No domain atoms found.
domRec ignored: No domain atoms found.
domRec ignored: No domain atoms found.
domRec ignored: No domain atoms found.
domRec ignored: No domain atoms found.
domRec ignored: No domain atoms found.
domRec ignored: No domain atoms found.
domRec ignored: No domain atoms found.
domRec ignored: No domain atoms found.
domRec ignored: No domain atoms found.
domRec ignored: No domain atoms found.
domRec ignored: No domain atoms found.
domRec ignored: No domain atoms found.
domRec ignored: No domain atoms found.
domRec ignored: No domain atoms found.
domRec ignored: No domain atoms found.
domRec ignored: No domain atoms found.
domRec ignored: No domain atoms found.
domRec ignored: No domain atoms found.
domRec ignored: No domain atoms found.
domRec ignored: No domain atoms found.
domRec ignored: No domain atoms found.
domRec ignored: No domain atoms found.
{"tag": "cmp_f40_fold0", "train_seconds": 4.55, "timed_out": false, "exit_code": 0, "succeeded": true, "theory": ["out(V1) :- defeated(V1).", "in(V1) :- supported(V1)."], "tp": 30, "fp": 0, "tn": 30, "fn": 0, "mcc": 1.0, "acc": 1.0, "mismatches": [], "bare_aaf_exact_preferred_recovery": "25/25"}
%%%%%%%%%%%%%%%%%%%%%%%%%%%%%%%%%%%%%%%%%%%%%%%%%%%%%%%%%%%%%%%%%%%%%%%%%%%%%%%%
%%                                Iteration 1                                 %%
%%%%%%%%%%%%%%%%%%%%%%%%%%%%%%%%%%%%%%%%%%%%%%%%%%%%%%%%%%%%%%%%%%%%%%%%%%%%%%%%
%% Searching for counterexample... 
%% Found negative counterexample: aaf_4_10_PRF_NEG_3T (a total of 40 counterexamples found) 
%% Found hypothesis: [3] 1 
%%  :- in(V1). 
%%%%%%%%%%%%%%%%%%%%%%%%%%%%%%%%%%%%%%%%%%%%%%%%%%%%%%%%%%%%%%%%%%%%%%%%%%%%%%%%
%%                                Iteration 2                                 %%
%%%%%%%%%%%%%%%%%%%%%%%%%%%%%%%%%%%%%%%%%%%%%%%%%%%%%%%%%%%%%%%%%%%%%%%%%%%%%%%%
%% Searching for counterexample... 
%% Found positive counterexample: aaf_4_22_PRF_POS_2T (a total of 40 counterexamples found) 
%% Found hypothesis: [100] 2 
%%  :- in(V1); not supported(V1). 
%%%%%%%%%%%%%%%%%%%%%%%%%%%%%%%%%%%%%%%%%%%%%%%%%%%%%%%%%%%%%%%%%%%%%%%%%%%%%%%%
%%                                Iteration 3                                 %%
%%%%%%%%%%%%%%%%%%%%%%%%%%%%%%%%%%%%%%%%%%%%%%%%%%%%%%%%%%%%%%%%%%%%%%%%%%%%%%%%
%% Searching for counterexample... 
%% Found negative counterexample: aaf_4_33_PRF_NEG_3T (a total of 11 counterexamples found) 
%% Found hypothesis: [8, 113] 4 
%% out(V1) :- defeated(V1). 
%%  :- not_defended(V1); not defeated(V1). 
%%%%%%%%%%%%%%%%%%%%%%%%%%%%%%%%%%%%%%%%%%%%%%%%%%%%%%%%%%%%%%%%%%%%%%%%%%%%%%%%
%%                                Iteration 4                                 %%
%%%%%%%%%%%%%%%%%%%%%%%%%%%%%%%%%%%%%%%%%%%%%%%%%%%%%%%%%%%%%%%%%%%%%%%%%%%%%%%%
%% Searching for counterexample... 
%% Found negative counterexample: aaf_7_78_PRF_NEG_2T (a total of 2 counterexamples found) 
%% Found hypothesis: [8, 89] 4 
%% out(V1) :- defeated(V1). 
%% in(V1) :- supported(V1). 
%%%%%%%%%%%%%%%%%%%%%%%%%%%%%%%%%%%%%%%%%%%%%%%%%%%%%%%%%%%%%%%%%%%%%%%%%%%%%%%%
%%                                Iteration 5                                 %%
%%%%%%%%%%%%%%%%%%%%%%%%%%%%%%%%%%%%%%%%%%%%%%%%%%%%%%%%%%%%%%%%%%%%%%%%%%%%%%%%
%% Searching for counterexample... 
%%  
%%  
%% Final Hypothesis: 
%%  
out(V1) :- defeated(V1).
in(V1) :- supported(V1).

%%%%%%%%%%%%%%%%%%%%%%%%%%%%%%%%%%%%%%%%%%%%%%%%%%%%%%%%%%%%%%%%%%%%%%%%%%%%%%%%
%% Pre-processing                          : 0.013s
%% Hypothesis Space Generation             : 0.175s
%% Conflict analysis                       : 1.325s
%%   - Negative Examples                   : 0.567s
%%   - Positive Examples                   : 0.758s
%% Counterexample search                   : 0.059s
%%   - CDOEs                               : 0s
%%   - CDPIs                               : 0.058s
%% Hypothesis Search                       : 0.911s
%% Total                                   : 2.542s
%%%%%%%%%%%%%%%%%%%%%%%%%%%%%%%%%%%%%%%%%%%%%%%%%%%%%%%%%%%%%%%%%%%%%%%%%%%%%%%%
domRec ignored: No domain atoms found.
domRec ignored: No domain atoms found.
domRec ignored: No domain atoms found.
domRec ignored: No domain atoms found.
domRec ignored: No domain atoms found.
domRec ignored: No domain atoms found.
domRec ignored: No domain atoms found.
domRec ignored: No domain atoms found.
domRec ignored: No domain atoms found.
domRec ignored: No domain atoms found.
domRec ignored: No domain atoms found.
domRec ignored: No domain atoms found.
domRec ignored: No domain atoms found.
domRec ignored: No domain atoms found.
domRec ignored: No domain atoms found.
domRec ignored: No domain atoms found.
domRec ignored: No domain atoms found.
domRec ignored: No domain atoms found.
domRec ignored: No domain atoms found.
domRec ignored: No domain atoms found.
domRec ignored: No domain atoms found.
domRec ignored: No domain atoms found.
domRec ignored: No domain atoms found.
domRec ignored: No domain atoms found.
domRec ignored: No domain atoms found.
domRec ignored: No domain atoms found.
domRec ignored: No domain atoms found.
domRec ignored: No domain atoms found.
domRec ignored: No domain atoms found.
domRec ignored: No domain atoms found.
domRec ignored: No domain atoms found.
domRec ignored: No domain atoms found.
domRec ignored: No domain atoms found.
domRec ignored: No domain atoms found.
domRec ignored: No domain atoms found.
domRec ignored: No domain atoms found.
domRec ignored: No domain atoms found.
domRec ignored: No domain atoms found.
domRec ignored: No domain atoms found.
domRec ignored: No domain atoms found.
domRec ignored: No domain atoms found.
domRec ignored: No domain atoms found.
domRec ignored: No domain atoms found.
domRec ignored: No domain atoms found.
domRec ignored: No domain atoms found.
domRec ignored: No domain atoms found.
domRec ignored: No domain atoms found.
domRec ignored: No domain atoms found.
domRec ignored: No domain atoms found.
domRec ignored: No domain atoms found.
domRec ignored: No domain atoms found.
domRec ignored: No domain atoms found.
domRec ignored: No domain atoms found.
domRec ignored: No domain atoms found.
domRec ignored: No domain atoms found.
domRec ignored: No domain atoms found.
domRec ignored: No domain atoms found.
domRec ignored: No domain atoms found.
domRec ignored: No domain atoms found.
domRec ignored: No domain atoms found.
domRec ignored: No domain atoms found.
domRec ignored: No domain atoms found.
domRec ignored: No domain atoms found.
domRec ignored: No domain atoms found.
domRec ignored: No domain atoms found.
domRec ignored: No domain atoms found.
domRec ignored: No domain atoms found.
domRec ignored: No domain atoms found.
domRec ignored: No domain atoms found.
domRec ignored: No domain atoms found.
domRec ignored: No domain atoms found.
domRec ignored: No domain atoms found.
domRec ignored: No domain atoms found.
domRec ignored: No domain atoms found.
domRec ignored: No domain atoms found.
domRec ignored: No domain atoms found.
domRec ignored: No domain atoms found.
domRec ignored: No domain atoms found.
domRec ignored: No domain atoms found.
domRec ignored: No domain atoms found.
domRec ignored: No domain atoms found.
domRec ignored: No domain atoms found.
{"tag": "cmp_f40_fold1", "train_seconds": 2.56, "timed_out": false, "exit_code": 0, "succeeded": true, "theory": ["out(V1) :- defeated(V1).", "in(V1) :- supported(V1)."], "tp": 30, "fp": 0, "tn": 30, "fn": 0, "mcc": 1.0, "acc": 1.0, "mismatches": [], "bare_aaf_exact_preferred_recovery": "25/25"}
%%%%%%%%%%%%%%%%%%%%%%%%%%%%%%%%%%%%%%%%%%%%%%%%%%%%%%%%%%%%%%%%%%%%%%%%%%%%%%%%
%%                                Iteration 1                                 %%
%%%%%%%%%%%%%%%%%%%%%%%%%%%%%%%%%%%%%%%%%%%%%%%%%%%%%%%%%%%%%%%%%%%%%%%%%%%%%%%%
%% Searching for counterexample... 
%% Found negative counterexample: aaf_4_22_PRF_NEG_5T (a total of 40 counterexamples found) 
%% Found hypothesis: [0] 1 
%%  :- not_defended(V1). 
%%%%%%%%%%%%%%%%%%%%%%%%%%%%%%%%%%%%%%%%%%%%%%%%%%%%%%%%%%%%%%%%%%%%%%%%%%%%%%%%
%%                                Iteration 2                                 %%
%%%%%%%%%%%%%%%%%%%%%%%%%%%%%%%%%%%%%%%%%%%%%%%%%%%%%%%%%%%%%%%%%%%%%%%%%%%%%%%%
%% Searching for counterexample... 
%% Found positive counterexample: aaf_4_21_PRF_POS_1T (a total of 59 counterexamples found) 
%% Found hypothesis: [63] 2 
%%  :- out(V1); not not_defended(V1). 
%%%%%%%%%%%%%%%%%%%%%%%%%%%%%%%%%%%%%%%%%%%%%%%%%%%%%%%%%%%%%%%%%%%%%%%%%%%%%%%%
%%                                Iteration 3                                 %%
%%%%%%%%%%%%%%%%%%%%%%%%%%%%%%%%%%%%%%%%%%%%%%%%%%%%%%%%%%%%%%%%%%%%%%%%%%%%%%%%
%% Searching for counterexample... 
%% Found negative counterexample: aaf_4_45_PRF_NEG_4T (a total of 9 counterexamples found) 
%% Found hypothesis: [781] 3 
%%  :- att(V2,V1); att(V1,V2); not out(V1). 
%%%%%%%%%%%%%%%%%%%%%%%%%%%%%%%%%%%%%%%%%%%%%%%%%%%%%%%%%%%%%%%%%%%%%%%%%%%%%%%%
%%                                Iteration 4                                 %%
%%%%%%%%%%%%%%%%%%%%%%%%%%%%%%%%%%%%%%%%%%%%%%%%%%%%%%%%%%%%%%%%%%%%%%%%%%%%%%%%
%% Searching for counterexample... 
%% Found positive counterexample: aaf_4_26_PRF_POS_1T (a total of 39 counterexamples found) 
%% Found hypothesis: [53, 123] 4 
%%  :- out(V1); not defeated(V1). 
%%  :- defeated(V1); not out(V1). 
%%%%%%%%%%%%%%%%%%%%%%%%%%%%%%%%%%%%%%%%%%%%%%%%%%%%%%%%%%%%%%%%%%%%%%%%%%%%%%%%
%%                                Iteration 5                                 %%
%%%%%%%%%%%%%%%%%%%%%%%%%%%%%%%%%%%%%%%%%%%%%%%%%%%%%%%%%%%%%%%%%%%%%%%%%%%%%%%%
%% Searching for counterexample... 
%%  
%%  
%% Final Hypothesis: 
%%  
 :- out(V1); not defeated(V1).
 :- defeated(V1); not out(V1).

%%%%%%%%%%%%%%%%%%%%%%%%%%%%%%%%%%%%%%%%%%%%%%%%%%%%%%%%%%%%%%%%%%%%%%%%%%%%%%%%
%% Pre-processing                          : 0.014s
%% Hypothesis Space Generation             : 0.176s
%% Conflict analysis                       : 1.833s
%%   - Negative Examples                   : 0.332s
%%   - Positive Examples                   : 1.501s
%% Counterexample search                   : 0.061s
%%   - CDOEs                               : 0.001s
%%   - CDPIs                               : 0.059s
%% Hypothesis Search                       : 1.135s
%% Total                                   : 3.276s
%%%%%%%%%%%%%%%%%%%%%%%%%%%%%%%%%%%%%%%%%%%%%%%%%%%%%%%%%%%%%%%%%%%%%%%%%%%%%%%%
domRec ignored: No domain atoms found.
domRec ignored: No domain atoms found.
domRec ignored: No domain atoms found.
domRec ignored: No domain atoms found.
domRec ignored: No domain atoms found.
domRec ignored: No domain atoms found.
domRec ignored: No domain atoms found.
domRec ignored: No domain atoms found.
domRec ignored: No domain atoms found.
domRec ignored: No domain atoms found.
domRec ignored: No domain atoms found.
domRec ignored: No domain atoms found.
domRec ignored: No domain atoms found.
domRec ignored: No domain atoms found.
domRec ignored: No domain atoms found.
domRec ignored: No domain atoms found.
domRec ignored: No domain atoms found.
domRec ignored: No domain atoms found.
domRec ignored: No domain atoms found.
domRec ignored: No domain atoms found.
domRec ignored: No domain atoms found.
domRec ignored: No domain atoms found.
domRec ignored: No domain atoms found.
domRec ignored: No domain atoms found.
domRec ignored: No domain atoms found.
domRec ignored: No domain atoms found.
domRec ignored: No domain atoms found.
domRec ignored: No domain atoms found.
domRec ignored: No domain atoms found.
domRec ignored: No domain atoms found.
domRec ignored: No domain atoms found.
domRec ignored: No domain atoms found.
domRec ignored: No domain atoms found.
domRec ignored: No domain atoms found.
domRec ignored: No domain atoms found.
domRec ignored: No domain atoms found.
domRec ignored: No domain atoms found.
domRec ignored: No domain atoms found.
domRec ignored: No domain atoms found.
domRec ignored: No domain atoms found.
domRec ignored: No domain atoms found.
domRec ignored: No domain atoms found.
domRec ignored: No domain atoms found.
domRec ignored: No domain atoms found.
domRec ignored: No domain atoms found.
domRec ignored: No domain atoms found.
domRec ignored: No domain atoms found.
domRec ignored: No domain atoms found.
domRec ignored: No domain atoms found.
domRec ignored: No domain atoms found.
domRec ignored: No domain atoms found.
domRec ignored: No domain atoms found.
domRec ignored: No domain atoms found.
domRec ignored: No domain atoms found.
domRec ignored: No domain atoms found.
domRec ignored: No domain atoms found.
domRec ignored: No domain atoms found.
domRec ignored: No domain atoms found.
domRec ignored: No domain atoms found.
domRec ignored: No domain atoms found.
domRec ignored: No domain atoms found.
domRec ignored: No domain atoms found.
domRec ignored: No domain atoms found.
domRec ignored: No domain atoms found.
domRec ignored: No domain atoms found.
domRec ignored: No domain atoms found.
domRec ignored: No domain atoms found.
domRec ignored: No domain atoms found.
domRec ignored: No domain atoms found.
domRec ignored: No domain atoms found.
domRec ignored: No domain atoms found.
domRec ignored: No domain atoms found.
domRec ignored: No domain atoms found.
domRec ignored: No domain atoms found.
domRec ignored: No domain atoms found.
{"tag": "cmp_f40_fold2", "train_seconds": 3.29, "timed_out": false, "exit_code": 0, "succeeded": true, "theory": [":- out(V1); not defeated(V1).", ":- defeated(V1); not out(V1)."], "tp": 30, "fp": 0, "tn": 30, "fn": 0, "mcc": 1.0, "acc": 1.0, "mismatches": [], "bare_aaf_exact_preferred_recovery": "25/25"}
%%%%%%%%%%%%%%%%%%%%%%%%%%%%%%%%%%%%%%%%%%%%%%%%%%%%%%%%%%%%%%%%%%%%%%%%%%%%%%%%
%%                                Iteration 1                                 %%
%%%%%%%%%%%%%%%%%%%%%%%%%%%%%%%%%%%%%%%%%%%%%%%%%%%%%%%%%%%%%%%%%%%%%%%%%%%%%%%%
%% Searching for counterexample... 
%% Found negative counterexample: aaf_4_21_PRF_NEG_3T (a total of 40 counterexamples found) 
%% Found hypothesis: [0] 1 
%%  :- not_defended(V1). 
%%%%%%%%%%%%%%%%%%%%%%%%%%%%%%%%%%%%%%%%%%%%%%%%%%%%%%%%%%%%%%%%%%%%%%%%%%%%%%%%
%%                                Iteration 2                                 %%
%%%%%%%%%%%%%%%%%%%%%%%%%%%%%%%%%%%%%%%%%%%%%%%%%%%%%%%%%%%%%%%%%%%%%%%%%%%%%%%%
%% Searching for counterexample... 
%% Found positive counterexample: aaf_4_26_PRF_POS_1T (a total of 59 counterexamples found) 
%% Found hypothesis: [115] 2 
%%  :- not_defended(V1); not out(V1). 
%%%%%%%%%%%%%%%%%%%%%%%%%%%%%%%%%%%%%%%%%%%%%%%%%%%%%%%%%%%%%%%%%%%%%%%%%%%%%%%%
%%                                Iteration 3                                 %%
%%%%%%%%%%%%%%%%%%%%%%%%%%%%%%%%%%%%%%%%%%%%%%%%%%%%%%%%%%%%%%%%%%%%%%%%%%%%%%%%
%% Searching for counterexample... 
%% Found negative counterexample: aaf_4_35_PRF_NEG_1T (a total of 21 counterexamples found) 
%% Found hypothesis: [100] 2 
%%  :- in(V1); not supported(V1). 
%%%%%%%%%%%%%%%%%%%%%%%%%%%%%%%%%%%%%%%%%%%%%%%%%%%%%%%%%%%%%%%%%%%%%%%%%%%%%%%%
%%                                Iteration 4                                 %%
%%%%%%%%%%%%%%%%%%%%%%%%%%%%%%%%%%%%%%%%%%%%%%%%%%%%%%%%%%%%%%%%%%%%%%%%%%%%%%%%
%% Searching for counterexample... 
%% Found negative counterexample: aaf_4_64_PRF_NEG_4T (a total of 10 counterexamples found) 
%% Found hypothesis: [63] 2 
%%  :- out(V1); not not_defended(V1). 
%%%%%%%%%%%%%%%%%%%%%%%%%%%%%%%%%%%%%%%%%%%%%%%%%%%%%%%%%%%%%%%%%%%%%%%%%%%%%%%%
%%                                Iteration 5                                 %%
%%%%%%%%%%%%%%%%%%%%%%%%%%%%%%%%%%%%%%%%%%%%%%%%%%%%%%%%%%%%%%%%%%%%%%%%%%%%%%%%
%% Searching for counterexample... 
%% Found negative counterexample: aaf_5_56_PRF_NEG_2T (a total of 11 counterexamples found) 
%% Found hypothesis: [1248] 3 
%%  :- in(V2); out(V1); not att(V2,V1). 
%%%%%%%%%%%%%%%%%%%%%%%%%%%%%%%%%%%%%%%%%%%%%%%%%%%%%%%%%%%%%%%%%%%%%%%%%%%%%%%%
%%                                Iteration 6                                 %%
%%%%%%%%%%%%%%%%%%%%%%%%%%%%%%%%%%%%%%%%%%%%%%%%%%%%%%%%%%%%%%%%%%%%%%%%%%%%%%%%
%% Searching for counterexample... 
%% Found negative counterexample: aaf_4_5_PRF_NEG_6T (a total of 21 counterexamples found) 
%% Found hypothesis: [453] 3 
%%  :- in(V2); att(V1,V2); not not_defended(V1). 
%%%%%%%%%%%%%%%%%%%%%%%%%%%%%%%%%%%%%%%%%%%%%%%%%%%%%%%%%%%%%%%%%%%%%%%%%%%%%%%%
%%                                Iteration 7                                 %%
%%%%%%%%%%%%%%%%%%%%%%%%%%%%%%%%%%%%%%%%%%%%%%%%%%%%%%%%%%%%%%%%%%%%%%%%%%%%%%%%
%% Searching for counterexample... 
%% Found negative counterexample: aaf_4_72_PRF_NEG_1T (a total of 7 counterexamples found) 
%% Found hypothesis: [63, 105] 4 
%%  :- out(V1); not not_defended(V1). 
%%  :- in(V1); not_defended(V1). 
%%%%%%%%%%%%%%%%%%%%%%%%%%%%%%%%%%%%%%%%%%%%%%%%%%%%%%%%%%%%%%%%%%%%%%%%%%%%%%%%
%%                                Iteration 8                                 %%
%%%%%%%%%%%%%%%%%%%%%%%%%%%%%%%%%%%%%%%%%%%%%%%%%%%%%%%%%%%%%%%%%%%%%%%%%%%%%%%%
%% Searching for counterexample... 
%% Found negative counterexample: aaf_7_95_PRF_NEG_4T (a total of 2 counterexamples found) 
%% Found hypothesis: [63, 116] 4 
%%  :- out(V1); not not_defended(V1). 
%%  :- in(V1); defeated(V1). 
%%%%%%%%%%%%%%%%%%%%%%%%%%%%%%%%%%%%%%%%%%%%%%%%%%%%%%%%%%%%%%%%%%%%%%%%%%%%%%%%
%%                                Iteration 9                                 %%
%%%%%%%%%%%%%%%%%%%%%%%%%%%%%%%%%%%%%%%%%%%%%%%%%%%%%%%%%%%%%%%%%%%%%%%%%%%%%%%%
%% Searching for counterexample... 
%% Found negative counterexample: aaf_5_61_PRF_NEG_6T (a total of 4 counterexamples found) 
%% Found hypothesis: [89, 116] 4 
%% in(V1) :- supported(V1). 
%%  :- in(V1); defeated(V1). 
%%%%%%%%%%%%%%%%%%%%%%%%%%%%%%%%%%%%%%%%%%%%%%%%%%%%%%%%%%%%%%%%%%%%%%%%%%%%%%%%
%%                                Iteration 10                                %%
%%%%%%%%%%%%%%%%%%%%%%%%%%%%%%%%%%%%%%%%%%%%%%%%%%%%%%%%%%%%%%%%%%%%%%%%%%%%%%%%
%% Searching for counterexample... 
%% Found negative counterexample: aaf_8_87_PRF_NEG_5T (a total of 1 counterexamples found) 
%% Found hypothesis: [89, 100] 4 
%% in(V1) :- supported(V1). 
%%  :- in(V1); not supported(V1). 
%%%%%%%%%%%%%%%%%%%%%%%%%%%%%%%%%%%%%%%%%%%%%%%%%%%%%%%%%%%%%%%%%%%%%%%%%%%%%%%%
%%                                Iteration 11                                %%
%%%%%%%%%%%%%%%%%%%%%%%%%%%%%%%%%%%%%%%%%%%%%%%%%%%%%%%%%%%%%%%%%%%%%%%%%%%%%%%%
%% Searching for counterexample... 
%%  
%%  
%% Final Hypothesis: 
%%  
in(V1) :- supported(V1).
 :- in(V1); not supported(V1).

%%%%%%%%%%%%%%%%%%%%%%%%%%%%%%%%%%%%%%%%%%%%%%%%%%%%%%%%%%%%%%%%%%%%%%%%%%%%%%%%
%% Pre-processing                          : 0.012s
%% Hypothesis Space Generation             : 0.174s
%% Conflict analysis                       : 2.388s
%%   - Negative Examples                   : 1.624s
%%   - Positive Examples                   : 0.764s
%% Counterexample search                   : 0.132s
%%   - CDOEs                               : 0.001s
%%   - CDPIs                               : 0.127s
%% Hypothesis Search                       : 2.21s
%% Total                                   : 4.979s
%%%%%%%%%%%%%%%%%%%%%%%%%%%%%%%%%%%%%%%%%%%%%%%%%%%%%%%%%%%%%%%%%%%%%%%%%%%%%%%%
domRec ignored: No domain atoms found.
domRec ignored: No domain atoms found.
domRec ignored: No domain atoms found.
domRec ignored: No domain atoms found.
domRec ignored: No domain atoms found.
domRec ignored: No domain atoms found.
domRec ignored: No domain atoms found.
domRec ignored: No domain atoms found.
domRec ignored: No domain atoms found.
domRec ignored: No domain atoms found.
domRec ignored: No domain atoms found.
domRec ignored: No domain atoms found.
domRec ignored: No domain atoms found.
domRec ignored: No domain atoms found.
domRec ignored: No domain atoms found.
domRec ignored: No domain atoms found.
domRec ignored: No domain atoms found.
domRec ignored: No domain atoms found.
domRec ignored: No domain atoms found.
domRec ignored: No domain atoms found.
domRec ignored: No domain atoms found.
domRec ignored: No domain atoms found.
domRec ignored: No domain atoms found.
domRec ignored: No domain atoms found.
domRec ignored: No domain atoms found.
domRec ignored: No domain atoms found.
domRec ignored: No domain atoms found.
domRec ignored: No domain atoms found.
domRec ignored: No domain atoms found.
domRec ignored: No domain atoms found.
domRec ignored: No domain atoms found.
domRec ignored: No domain atoms found.
domRec ignored: No domain atoms found.
domRec ignored: No domain atoms found.
domRec ignored: No domain atoms found.
domRec ignored: No domain atoms found.
domRec ignored: No domain atoms found.
domRec ignored: No domain atoms found.
domRec ignored: No domain atoms found.
domRec ignored: No domain atoms found.
domRec ignored: No domain atoms found.
domRec ignored: No domain atoms found.
domRec ignored: No domain atoms found.
domRec ignored: No domain atoms found.
domRec ignored: No domain atoms found.
domRec ignored: No domain atoms found.
domRec ignored: No domain atoms found.
domRec ignored: No domain atoms found.
domRec ignored: No domain atoms found.
domRec ignored: No domain atoms found.
domRec ignored: No domain atoms found.
domRec ignored: No domain atoms found.
domRec ignored: No domain atoms found.
domRec ignored: No domain atoms found.
domRec ignored: No domain atoms found.
domRec ignored: No domain atoms found.
domRec ignored: No domain atoms found.
domRec ignored: No domain atoms found.
domRec ignored: No domain atoms found.
domRec ignored: No domain atoms found.
domRec ignored: No domain atoms found.
domRec ignored: No domain atoms found.
domRec ignored: No domain atoms found.
domRec ignored: No domain atoms found.
domRec ignored: No domain atoms found.
domRec ignored: No domain atoms found.
domRec ignored: No domain atoms found.
domRec ignored: No domain atoms found.
{"tag": "cmp_f40_fold3", "train_seconds": 4.99, "timed_out": false, "exit_code": 0, "succeeded": true, "theory": ["in(V1) :- supported(V1).", ":- in(V1); not supported(V1)."], "tp": 30, "fp": 0, "tn": 30, "fn": 0, "mcc": 1.0, "acc": 1.0, "mismatches": [], "bare_aaf_exact_preferred_recovery": "25/25"}
%%%%%%%%%%%%%%%%%%%%%%%%%%%%%%%%%%%%%%%%%%%%%%%%%%%%%%%%%%%%%%%%%%%%%%%%%%%%%%%%
%%                                Iteration 1                                 %%
%%%%%%%%%%%%%%%%%%%%%%%%%%%%%%%%%%%%%%%%%%%%%%%%%%%%%%%%%%%%%%%%%%%%%%%%%%%%%%%%
%% Searching for counterexample... 
%% Found negative counterexample: aaf_4_16_PRF_NEG_5T (a total of 40 counterexamples found) 
%% Found hypothesis: [0] 1 
%%  :- not_defended(V1). 
%%%%%%%%%%%%%%%%%%%%%%%%%%%%%%%%%%%%%%%%%%%%%%%%%%%%%%%%%%%%%%%%%%%%%%%%%%%%%%%%
%%                                Iteration 2                                 %%
%%%%%%%%%%%%%%%%%%%%%%%%%%%%%%%%%%%%%%%%%%%%%%%%%%%%%%%%%%%%%%%%%%%%%%%%%%%%%%%%
%% Searching for counterexample... 
%% Found positive counterexample: aaf_4_32_PRF_POS_2T (a total of 50 counterexamples found) 
%% Found hypothesis: [115] 2 
%%  :- not_defended(V1); not out(V1). 
%%%%%%%%%%%%%%%%%%%%%%%%%%%%%%%%%%%%%%%%%%%%%%%%%%%%%%%%%%%%%%%%%%%%%%%%%%%%%%%%
%%                                Iteration 3                                 %%
%%%%%%%%%%%%%%%%%%%%%%%%%%%%%%%%%%%%%%%%%%%%%%%%%%%%%%%%%%%%%%%%%%%%%%%%%%%%%%%%
%% Searching for counterexample... 
%% Found negative counterexample: aaf_4_22_PRF_NEG_3T (a total of 15 counterexamples found) 
%% Found hypothesis: [100] 2 
%%  :- in(V1); not supported(V1). 
%%%%%%%%%%%%%%%%%%%%%%%%%%%%%%%%%%%%%%%%%%%%%%%%%%%%%%%%%%%%%%%%%%%%%%%%%%%%%%%%
%%                                Iteration 4                                 %%
%%%%%%%%%%%%%%%%%%%%%%%%%%%%%%%%%%%%%%%%%%%%%%%%%%%%%%%%%%%%%%%%%%%%%%%%%%%%%%%%
%% Searching for counterexample... 
%% Found negative counterexample: aaf_4_52_PRF_NEG_5T (a total of 13 counterexamples found) 
%% Found hypothesis: [63] 2 
%%  :- out(V1); not not_defended(V1). 
%%%%%%%%%%%%%%%%%%%%%%%%%%%%%%%%%%%%%%%%%%%%%%%%%%%%%%%%%%%%%%%%%%%%%%%%%%%%%%%%
%%                                Iteration 5                                 %%
%%%%%%%%%%%%%%%%%%%%%%%%%%%%%%%%%%%%%%%%%%%%%%%%%%%%%%%%%%%%%%%%%%%%%%%%%%%%%%%%
%% Searching for counterexample... 
%% Found negative counterexample: aaf_4_76_PRF_NEG_6T (a total of 8 counterexamples found) 
%% Found hypothesis: [1248] 3 
%%  :- in(V2); out(V1); not att(V2,V1). 
%%%%%%%%%%%%%%%%%%%%%%%%%%%%%%%%%%%%%%%%%%%%%%%%%%%%%%%%%%%%%%%%%%%%%%%%%%%%%%%%
%%                                Iteration 6                                 %%
%%%%%%%%%%%%%%%%%%%%%%%%%%%%%%%%%%%%%%%%%%%%%%%%%%%%%%%%%%%%%%%%%%%%%%%%%%%%%%%%
%% Searching for counterexample... 
%% Found positive counterexample: aaf_4_67_PRF_POS_2T (a total of 15 counterexamples found) 
%% Found hypothesis: [113, 123] 4 
%%  :- not_defended(V1); not defeated(V1). 
%%  :- defeated(V1); not out(V1). 
%%%%%%%%%%%%%%%%%%%%%%%%%%%%%%%%%%%%%%%%%%%%%%%%%%%%%%%%%%%%%%%%%%%%%%%%%%%%%%%%
%%                                Iteration 7                                 %%
%%%%%%%%%%%%%%%%%%%%%%%%%%%%%%%%%%%%%%%%%%%%%%%%%%%%%%%%%%%%%%%%%%%%%%%%%%%%%%%%
%% Searching for counterexample... 
%% Found negative counterexample: aaf_5_18_PRF_NEG_2T (a total of 2 counterexamples found) 
%% Found hypothesis: [58, 115] 4 
%%  :- out(V1); supported(V1). 
%%  :- not_defended(V1); not out(V1). 
%%%%%%%%%%%%%%%%%%%%%%%%%%%%%%%%%%%%%%%%%%%%%%%%%%%%%%%%%%%%%%%%%%%%%%%%%%%%%%%%
%%                                Iteration 8                                 %%
%%%%%%%%%%%%%%%%%%%%%%%%%%%%%%%%%%%%%%%%%%%%%%%%%%%%%%%%%%%%%%%%%%%%%%%%%%%%%%%%
%% Searching for counterexample... 
%% Found negative counterexample: aaf_5_26_PRF_NEG_5T (a total of 10 counterexamples found) 
%% Found hypothesis: [58, 123] 4 
%%  :- out(V1); supported(V1). 
%%  :- defeated(V1); not out(V1). 
%%%%%%%%%%%%%%%%%%%%%%%%%%%%%%%%%%%%%%%%%%%%%%%%%%%%%%%%%%%%%%%%%%%%%%%%%%%%%%%%
%%                                Iteration 9                                 %%
%%%%%%%%%%%%%%%%%%%%%%%%%%%%%%%%%%%%%%%%%%%%%%%%%%%%%%%%%%%%%%%%%%%%%%%%%%%%%%%%
%% Searching for counterexample... 
%%  
%%  
%% Final Hypothesis: 
%%  
 :- out(V1); supported(V1).
 :- defeated(V1); not out(V1).

%%%%%%%%%%%%%%%%%%%%%%%%%%%%%%%%%%%%%%%%%%%%%%%%%%%%%%%%%%%%%%%%%%%%%%%%%%%%%%%%
%% Pre-processing                          : 0.012s
%% Hypothesis Space Generation             : 0.175s
%% Conflict analysis                       : 2.511s
%%   - Negative Examples                   : 1.03s
%%   - Positive Examples                   : 1.481s
%% Counterexample search                   : 0.106s
%%   - CDOEs                               : 0s
%%   - CDPIs                               : 0.103s
%% Hypothesis Search                       : 1.865s
%% Total                                   : 4.733s
%%%%%%%%%%%%%%%%%%%%%%%%%%%%%%%%%%%%%%%%%%%%%%%%%%%%%%%%%%%%%%%%%%%%%%%%%%%%%%%%
domRec ignored: No domain atoms found.
domRec ignored: No domain atoms found.
domRec ignored: No domain atoms found.
domRec ignored: No domain atoms found.
domRec ignored: No domain atoms found.
domRec ignored: No domain atoms found.
domRec ignored: No domain atoms found.
domRec ignored: No domain atoms found.
domRec ignored: No domain atoms found.
domRec ignored: No domain atoms found.
domRec ignored: No domain atoms found.
domRec ignored: No domain atoms found.
domRec ignored: No domain atoms found.
domRec ignored: No domain atoms found.
domRec ignored: No domain atoms found.
domRec ignored: No domain atoms found.
domRec ignored: No domain atoms found.
domRec ignored: No domain atoms found.
domRec ignored: No domain atoms found.
domRec ignored: No domain atoms found.
domRec ignored: No domain atoms found.
domRec ignored: No domain atoms found.
domRec ignored: No domain atoms found.
domRec ignored: No domain atoms found.
domRec ignored: No domain atoms found.
domRec ignored: No domain atoms found.
domRec ignored: No domain atoms found.
domRec ignored: No domain atoms found.
domRec ignored: No domain atoms found.
domRec ignored: No domain atoms found.
domRec ignored: No domain atoms found.
domRec ignored: No domain atoms found.
domRec ignored: No domain atoms found.
domRec ignored: No domain atoms found.
domRec ignored: No domain atoms found.
domRec ignored: No domain atoms found.
domRec ignored: No domain atoms found.
domRec ignored: No domain atoms found.
domRec ignored: No domain atoms found.
domRec ignored: No domain atoms found.
domRec ignored: No domain atoms found.
domRec ignored: No domain atoms found.
domRec ignored: No domain atoms found.
domRec ignored: No domain atoms found.
domRec ignored: No domain atoms found.
domRec ignored: No domain atoms found.
domRec ignored: No domain atoms found.
domRec ignored: No domain atoms found.
domRec ignored: No domain atoms found.
domRec ignored: No domain atoms found.
domRec ignored: No domain atoms found.
domRec ignored: No domain atoms found.
domRec ignored: No domain atoms found.
domRec ignored: No domain atoms found.
domRec ignored: No domain atoms found.
domRec ignored: No domain atoms found.
domRec ignored: No domain atoms found.
domRec ignored: No domain atoms found.
domRec ignored: No domain atoms found.
domRec ignored: No domain atoms found.
domRec ignored: No domain atoms found.
domRec ignored: No domain atoms found.
domRec ignored: No domain atoms found.
domRec ignored: No domain atoms found.
domRec ignored: No domain atoms found.
domRec ignored: No domain atoms found.
domRec ignored: No domain atoms found.
domRec ignored: No domain atoms found.
domRec ignored: No domain atoms found.
domRec ignored: No domain atoms found.
domRec ignored: No domain atoms found.
domRec ignored: No domain atoms found.
domRec ignored: No domain atoms found.
domRec ignored: No domain atoms found.
domRec ignored: No domain atoms found.
{"tag": "cmp_f40_fold4", "train_seconds": 4.75, "timed_out": false, "exit_code": 0, "succeeded": true, "theory": [":- out(V1); supported(V1).", ":- defeated(V1); not out(V1)."], "tp": 30, "fp": 0, "tn": 30, "fn": 0, "mcc": 1.0, "acc": 1.0, "mismatches": [], "bare_aaf_exact_preferred_recovery": "25/25"}
