%%%%%%%%%%%%%%%%%%%%%%%%%%%%%%%%%%%%%%%%%%%%%%%%%%%%%%%%%%%%%%%%%%%%%%%%%%%%%%%%
%%                                Iteration 1                                 %%
%%%%%%%%%%%%%%%%%%%%%%%%%%%%%%%%%%%%%%%%%%%%%%%%%%%%%%%%%%%%%%%%%%%%%%%%%%%%%%%%
%% Searching for counterexample... 
%% Found negative counterexample: aaf_4_26_PRF_NEG_3T (a total of 40 counterexamples found) 
%% Found hypothesis: [0] 1 
%%  :- not_defended(V1). 
%%%%%%%%%%%%%%%%%%%%%%%%%%%%%%%%%%%%%%%%%%%%%%%%%%%%%%%%%%%%%%%%%%%%%%%%%%%%%%%%
%%                                Iteration 2                                 %%
%%%%%%%%%%%%%%%%%%%%%%%%%%%%%%%%%%%%%%%%%%%%%%%%%%%%%%%%%%%%%%%%%%%%%%%%%%%%%%%%
%% Searching for counterexample... 
%% Found positive counterexample: aaf_4_15_PRF_POS_1T (a total of 58 counterexamples found) 
%% Found hypothesis: [115] 2 
%%  :- not_defended(V1); not out(V1). 
%%%%%%%%%%%%%%%%%%%%%%%%%%%%%%%%%%%%%%%%%%%%%%%%%%%%%%%%%%%%%%%%%%%%%%%%%%%%%%%%
%%                                Iteration 3                                 %%
%%%%%%%%%%%%%%%%%%%%%%%%%%%%%%%%%%%%%%%%%%%%%%%%%%%%%%%%%%%%%%%%%%%%%%%%%%%%%%%%
%% Searching for counterexample... 
%% Found negative counterexample: aaf_4_75_PRF_NEG_6T (a total of 16 counterexamples found) 
%% Found hypothesis: [100] 2 
%%  :- in(V1); not supported(V1). 
%%%%%%%%%%%%%%%%%%%%%%%%%%%%%%%%%%%%%%%%%%%%%%%%%%%%%%%%%%%%%%%%%%%%%%%%%%%%%%%%
%%                                Iteration 4                                 %%
%%%%%%%%%%%%%%%%%%%%%%%%%%%%%%%%%%%%%%%%%%%%%%%%%%%%%%%%%%%%%%%%%%%%%%%%%%%%%%%%
%% Searching for counterexample... 
%% Found negative counterexample: aaf_4_86_PRF_NEG_4T (a total of 6 counterexamples found) 
%% Found hypothesis: [63] 2 
%%  :- out(V1); not not_defended(V1). 
%%%%%%%%%%%%%%%%%%%%%%%%%%%%%%%%%%%%%%%%%%%%%%%%%%%%%%%%%%%%%%%%%%%%%%%%%%%%%%%%
%%                                Iteration 5                                 %%
%%%%%%%%%%%%%%%%%%%%%%%%%%%%%%%%%%%%%%%%%%%%%%%%%%%%%%%%%%%%%%%%%%%%%%%%%%%%%%%%
%% Searching for counterexample... 
%% Found negative counterexample: aaf_4_48_PRF_NEG_2T (a total of 12 counterexamples found) 
%% Found hypothesis: [8, 113] 4 
%% out(V1) :- defeated(V1). 
%%  :- not_defended(V1); not defeated(V1). 
%%%%%%%%%%%%%%%%%%%%%%%%%%%%%%%%%%%%%%%%%%%%%%%%%%%%%%%%%%%%%%%%%%%%%%%%%%%%%%%%
%%                                Iteration 6                                 %%
%%%%%%%%%%%%%%%%%%%%%%%%%%%%%%%%%%%%%%%%%%%%%%%%%%%%%%%%%%%%%%%%%%%%%%%%%%%%%%%%
%% Searching for counterexample... 
%% Found positive counterexample: aaf_5_16_EMPTYPOS_T (a total of 9 counterexamples found) 
%% Found hypothesis: [63, 105] 4 
%%  :- out(V1); not not_defended(V1). 
%%  :- in(V1); not_defended(V1). 
%%%%%%%%%%%%%%%%%%%%%%%%%%%%%%%%%%%%%%%%%%%%%%%%%%%%%%%%%%%%%%%%%%%%%%%%%%%%%%%%
%%                                Iteration 7                                 %%
%%%%%%%%%%%%%%%%%%%%%%%%%%%%%%%%%%%%%%%%%%%%%%%%%%%%%%%%%%%%%%%%%%%%%%%%%%%%%%%%
%% Searching for counterexample... 
%% Found negative counterexample: aaf_5_80_PRF_NEG_5T (a total of 2 counterexamples found) 
%% Found hypothesis: [63, 116] 4 
%%  :- out(V1); not not_defended(V1). 
%%  :- in(V1); defeated(V1). 
%%%%%%%%%%%%%%%%%%%%%%%%%%%%%%%%%%%%%%%%%%%%%%%%%%%%%%%%%%%%%%%%%%%%%%%%%%%%%%%%
%%                                Iteration 8                                 %%
%%%%%%%%%%%%%%%%%%%%%%%%%%%%%%%%%%%%%%%%%%%%%%%%%%%%%%%%%%%%%%%%%%%%%%%%%%%%%%%%
%% Searching for counterexample... 
%%  
%%  
%% Final Hypothesis: 
%%  
 :- out(V1); not not_defended(V1).
 :- in(V1); defeated(V1).

%%%%%%%%%%%%%%%%%%%%%%%%%%%%%%%%%%%%%%%%%%%%%%%%%%%%%%%%%%%%%%%%%%%%%%%%%%%%%%%%
%% Pre-processing                          : 0.014s
%% Hypothesis Space Generation             : 0.176s
%% Conflict analysis                       : 2.356s
%%   - Negative Examples                   : 0.869s
%%   - Positive Examples                   : 1.487s
%% Counterexample search                   : 0.095s
%%   - CDOEs                               : 0s
%%   - CDPIs                               : 0.094s
%% Hypothesis Search                       : 1.762s
%% Total                                   : 4.464s
%%%%%%%%%%%%%%%%%%%%%%%%%%%%%%%%%%%%%%%%%%%%%%%%%%%%%%%%%%%%%%%%%%%%%%%%%%%%%%%%
domRec ignored: No domain atoms found.
domRec ignored: No domain atoms found.
domRec ignored: No domain atoms found.
domRec ignored: No domain atoms found.
domRec ignored: No domain atoms found.
domRec ignored: No domain atoms found.
domRec ignored: No domain atoms found.
domRec ignored: No domain atoms found.
domRec ignored: No domain atoms found.
domRec ignored: No domain atoms found.
domRec ignored: No domain atoms found.
domRec ignored: No domain atoms found.
domRec ignored: No domain atoms found.
domRec ignored: No domain atoms found.
domRec ignored: No domain atoms found.
domRec ignored: No domain atoms found.
domRec ignored: No domain atoms found.
domRec ignored: No domain atoms found.
domRec ignored: No domain atoms found.
domRec ignored: No domain atoms found.
domRec ignored: No domain atoms found.
domRec ignored: No domain atoms found.
domRec ignored: No domain atoms found.
domRec ignored: No domain atoms found.
domRec ignored: No domain atoms found.
domRec ignored: No domain atoms found.
domRec ignored: No domain atoms found.
domRec ignored: No domain atoms found.
domRec ignored: No domain atoms found.
domRec ignored: No domain atoms found.
domRec ignored: No domain atoms found.
domRec ignored: No domain atoms found.
domRec ignored: No domain atoms found.
domRec ignored: No domain atoms found.
domRec ignored: No domain atoms found.
domRec ignored: No domain atoms found.
domRec ignored: No domain atoms found.
domRec ignored: No domain atoms found.
domRec ignored: No domain atoms found.
domRec ignored: No domain atoms found.
domRec ignored: No domain atoms found.
domRec ignored: No domain atoms found.
domRec ignored: No domain atoms found.
domRec ignored: No domain atoms found.
domRec ignored: No domain atoms found.
domRec ignored: No domain atoms found.
domRec ignored: No domain atoms found.
domRec ignored: No domain atoms found.
domRec ignored: No domain atoms found.
domRec ignored: No domain atoms found.
domRec ignored: No domain atoms found.
domRec ignored: No domain atoms found.
domRec ignored: No domain atoms found.
domRec ignored: No domain atoms found.
domRec ignored: No domain atoms found.
domRec ignored: No domain atoms found.
domRec ignored: No domain atoms found.
domRec ignored: No domain atoms found.
domRec ignored: No domain atoms found.
domRec ignored: No domain atoms found.
domRec ignored: No domain atoms found.
domRec ignored: No domain atoms found.
domRec ignored: No domain atoms found.
domRec ignored: No domain atoms found.
domRec ignored: No domain atoms found.
domRec ignored: No domain atoms found.
domRec ignored: No domain atoms found.
domRec ignored: No domain atoms found.
domRec ignored: No domain atoms found.
domRec ignored: No domain atoms found.
domRec ignored: No domain atoms found.
domRec ignored: No domain atoms found.
domRec ignored: No domain atoms found.
domRec ignored: No domain atoms found.
domRec ignored: No domain atoms found.
domRec ignored: No domain atoms found.
{"tag": "cmpc_f40_fold0", "train_seconds": 4.48, "timed_out": false, "exit_code": 0, "succeeded": true, "forced_nontotal_pos": ["aaf_8_82_PRF_POS_1.lp"], "theory": [":- out(V1); not not_defended(V1).", ":- in(V1); defeated(V1)."], "tp": 30, "fp": 1, "tn": 29, "fn": 0, "mcc": 0.9672, "mismatches": ["aaf_6_80_PRF_NEG_4.lp"], "bare_aaf_exact_preferred_recovery": "20/25", "incoherent_heldout_exact": "0/7", "nontotal_pos_test": [["aaf_8_87_PRF_POS_1.lp", false]]}
%%%%%%%%%%%%%%%%%%%%%%%%%%%%%%%%%%%%%%%%%%%%%%%%%%%%%%%%%%%%%%%%%%%%%%%%%%%%%%%%
%%                                Iteration 1                                 %%
%%%%%%%%%%%%%%%%%%%%%%%%%%%%%%%%%%%%%%%%%%%%%%%%%%%%%%%%%%%%%%%%%%%%%%%%%%%%%%%%
%% Searching for counterexample... 
%% Found negative counterexample: aaf_4_41_PRF_NEG_3T (a total of 40 counterexamples found) 
%% Found hypothesis: [1] 1 
%%  :- arg(V1). 
%%%%%%%%%%%%%%%%%%%%%%%%%%%%%%%%%%%%%%%%%%%%%%%%%%%%%%%%%%%%%%%%%%%%%%%%%%%%%%%%
%%                                Iteration 2                                 %%
%%%%%%%%%%%%%%%%%%%%%%%%%%%%%%%%%%%%%%%%%%%%%%%%%%%%%%%%%%%%%%%%%%%%%%%%%%%%%%%%
%% Searching for counterexample... 
%% Found positive counterexample: aaf_4_14_PRF_POS_1T (a total of 48 counterexamples found) 
%% Found hypothesis: [100] 2 
%%  :- in(V1); not supported(V1). 
%%%%%%%%%%%%%%%%%%%%%%%%%%%%%%%%%%%%%%%%%%%%%%%%%%%%%%%%%%%%%%%%%%%%%%%%%%%%%%%%
%%                                Iteration 3                                 %%
%%%%%%%%%%%%%%%%%%%%%%%%%%%%%%%%%%%%%%%%%%%%%%%%%%%%%%%%%%%%%%%%%%%%%%%%%%%%%%%%
%% Searching for counterexample... 
%% Found negative counterexample: aaf_4_58_PRF_NEG_1T (a total of 11 counterexamples found) 
%% Found hypothesis: [63] 2 
%%  :- out(V1); not not_defended(V1). 
%%%%%%%%%%%%%%%%%%%%%%%%%%%%%%%%%%%%%%%%%%%%%%%%%%%%%%%%%%%%%%%%%%%%%%%%%%%%%%%%
%%                                Iteration 4                                 %%
%%%%%%%%%%%%%%%%%%%%%%%%%%%%%%%%%%%%%%%%%%%%%%%%%%%%%%%%%%%%%%%%%%%%%%%%%%%%%%%%
%% Searching for counterexample... 
%% Found negative counterexample: aaf_4_48_PRF_NEG_6T (a total of 11 counterexamples found) 
%% Found hypothesis: [760] 3 
%%  :- att(V1,V2); not out(V2); not not_defended(V1). 
%%%%%%%%%%%%%%%%%%%%%%%%%%%%%%%%%%%%%%%%%%%%%%%%%%%%%%%%%%%%%%%%%%%%%%%%%%%%%%%%
%%                                Iteration 5                                 %%
%%%%%%%%%%%%%%%%%%%%%%%%%%%%%%%%%%%%%%%%%%%%%%%%%%%%%%%%%%%%%%%%%%%%%%%%%%%%%%%%
%% Searching for counterexample... 
%% Found negative counterexample: aaf_4_71_PRF_NEG_6T (a total of 10 counterexamples found) 
%% Found hypothesis: [63, 107] 4 
%%  :- out(V1); not not_defended(V1). 
%% out(V1) :- not_defended(V1). 
%%%%%%%%%%%%%%%%%%%%%%%%%%%%%%%%%%%%%%%%%%%%%%%%%%%%%%%%%%%%%%%%%%%%%%%%%%%%%%%%
%%                                Iteration 6                                 %%
%%%%%%%%%%%%%%%%%%%%%%%%%%%%%%%%%%%%%%%%%%%%%%%%%%%%%%%%%%%%%%%%%%%%%%%%%%%%%%%%
%% Searching for counterexample... 
%% Found negative counterexample: aaf_7_60_PRF_NEG_6T (a total of 1 counterexamples found) 
%% Found hypothesis: [58, 100] 4 
%%  :- out(V1); supported(V1). 
%%  :- in(V1); not supported(V1). 
%%%%%%%%%%%%%%%%%%%%%%%%%%%%%%%%%%%%%%%%%%%%%%%%%%%%%%%%%%%%%%%%%%%%%%%%%%%%%%%%
%%                                Iteration 7                                 %%
%%%%%%%%%%%%%%%%%%%%%%%%%%%%%%%%%%%%%%%%%%%%%%%%%%%%%%%%%%%%%%%%%%%%%%%%%%%%%%%%
%% Searching for counterexample... 
%% Found positive counterexample: aaf_5_16_EMPTYPOS_T (a total of 9 counterexamples found) 
%% Found hypothesis: [63, 100] 4 
%%  :- out(V1); not not_defended(V1). 
%%  :- in(V1); not supported(V1). 
%%%%%%%%%%%%%%%%%%%%%%%%%%%%%%%%%%%%%%%%%%%%%%%%%%%%%%%%%%%%%%%%%%%%%%%%%%%%%%%%
%%                                Iteration 8                                 %%
%%%%%%%%%%%%%%%%%%%%%%%%%%%%%%%%%%%%%%%%%%%%%%%%%%%%%%%%%%%%%%%%%%%%%%%%%%%%%%%%
%% Searching for counterexample... 
%% Found negative counterexample: aaf_6_73_PRF_NEG_2T (a total of 3 counterexamples found) 
%% Found hypothesis: [8, 515] 5 
%% out(V1) :- defeated(V1). 
%% in(V1) :- defeated(V2); supported(V1). 
%%%%%%%%%%%%%%%%%%%%%%%%%%%%%%%%%%%%%%%%%%%%%%%%%%%%%%%%%%%%%%%%%%%%%%%%%%%%%%%%
%%                                Iteration 9                                 %%
%%%%%%%%%%%%%%%%%%%%%%%%%%%%%%%%%%%%%%%%%%%%%%%%%%%%%%%%%%%%%%%%%%%%%%%%%%%%%%%%
%% Searching for counterexample... 
%% Found positive counterexample: aaf_8_82_PRF_POS_1T (a total of 2 counterexamples found) 
%% Found hypothesis: [63, 107, 116] 6 
%%  :- out(V1); not not_defended(V1). 
%% out(V1) :- not_defended(V1). 
%%  :- in(V1); defeated(V1). 
%%%%%%%%%%%%%%%%%%%%%%%%%%%%%%%%%%%%%%%%%%%%%%%%%%%%%%%%%%%%%%%%%%%%%%%%%%%%%%%%
%%                                Iteration 10                                %%
%%%%%%%%%%%%%%%%%%%%%%%%%%%%%%%%%%%%%%%%%%%%%%%%%%%%%%%%%%%%%%%%%%%%%%%%%%%%%%%%
%% Searching for counterexample... 
%%  
%%  
%% Final Hypothesis: 
%%  
 :- out(V1); not not_defended(V1).
out(V1) :- not_defended(V1).
 :- in(V1); defeated(V1).

%%%%%%%%%%%%%%%%%%%%%%%%%%%%%%%%%%%%%%%%%%%%%%%%%%%%%%%%%%%%%%%%%%%%%%%%%%%%%%%%
%% Pre-processing                          : 0.014s
%% Hypothesis Space Generation             : 0.176s
%% Conflict analysis                       : 4.737s
%%   - Negative Examples                   : 1.126s
%%   - Positive Examples                   : 3.611s
%% Counterexample search                   : 0.127s
%%   - CDOEs                               : 0s
%%   - CDPIs                               : 0.125s
%% Hypothesis Search                       : 2.686s
%% Total                                   : 7.816s
%%%%%%%%%%%%%%%%%%%%%%%%%%%%%%%%%%%%%%%%%%%%%%%%%%%%%%%%%%%%%%%%%%%%%%%%%%%%%%%%
domRec ignored: No domain atoms found.
domRec ignored: No domain atoms found.
domRec ignored: No domain atoms found.
domRec ignored: No domain atoms found.
domRec ignored: No domain atoms found.
domRec ignored: No domain atoms found.
domRec ignored: No domain atoms found.
domRec ignored: No domain atoms found.
domRec ignored: No domain atoms found.
domRec ignored: No domain atoms found.
domRec ignored: No domain atoms found.
domRec ignored: No domain atoms found.
domRec ignored: No domain atoms found.
domRec ignored: No domain atoms found.
domRec ignored: No domain atoms found.
domRec ignored: No domain atoms found.
domRec ignored: No domain atoms found.
domRec ignored: No domain atoms found.
domRec ignored: No domain atoms found.
domRec ignored: No domain atoms found.
domRec ignored: No domain atoms found.
domRec ignored: No domain atoms found.
domRec ignored: No domain atoms found.
domRec ignored: No domain atoms found.
domRec ignored: No domain atoms found.
domRec ignored: No domain atoms found.
domRec ignored: No domain atoms found.
domRec ignored: No domain atoms found.
domRec ignored: No domain atoms found.
domRec ignored: No domain atoms found.
domRec ignored: No domain atoms found.
domRec ignored: No domain atoms found.
domRec ignored: No domain atoms found.
domRec ignored: No domain atoms found.
domRec ignored: No domain atoms found.
domRec ignored: No domain atoms found.
domRec ignored: No domain atoms found.
domRec ignored: No domain atoms found.
domRec ignored: No domain atoms found.
domRec ignored: No domain atoms found.
domRec ignored: No domain atoms found.
domRec ignored: No domain atoms found.
domRec ignored: No domain atoms found.
domRec ignored: No domain atoms found.
domRec ignored: No domain atoms found.
domRec ignored: No domain atoms found.
domRec ignored: No domain atoms found.
domRec ignored: No domain atoms found.
domRec ignored: No domain atoms found.
domRec ignored: No domain atoms found.
domRec ignored: No domain atoms found.
domRec ignored: No domain atoms found.
domRec ignored: No domain atoms found.
domRec ignored: No domain atoms found.
domRec ignored: No domain atoms found.
domRec ignored: No domain atoms found.
domRec ignored: No domain atoms found.
domRec ignored: No domain atoms found.
domRec ignored: No domain atoms found.
domRec ignored: No domain atoms found.
domRec ignored: No domain atoms found.
domRec ignored: No domain atoms found.
domRec ignored: No domain atoms found.
domRec ignored: No domain atoms found.
domRec ignored: No domain atoms found.
domRec ignored: No domain atoms found.
domRec ignored: No domain atoms found.
domRec ignored: No domain atoms found.
domRec ignored: No domain atoms found.
domRec ignored: No domain atoms found.
domRec ignored: No domain atoms found.
domRec ignored: No domain atoms found.
domRec ignored: No domain atoms found.
domRec ignored: No domain atoms found.
domRec ignored: No domain atoms found.
domRec ignored: No domain atoms found.
domRec ignored: No domain atoms found.
domRec ignored: No domain atoms found.
domRec ignored: No domain atoms found.
domRec ignored: No domain atoms found.
domRec ignored: No domain atoms found.
{"tag": "cmpc_f40_fold1", "train_seconds": 7.83, "timed_out": false, "exit_code": 0, "succeeded": true, "forced_nontotal_pos": ["aaf_8_82_PRF_POS_1.lp"], "theory": [":- out(V1); not not_defended(V1).", "out(V1) :- not_defended(V1).", ":- in(V1); defeated(V1)."], "tp": 30, "fp": 0, "tn": 30, "fn": 0, "mcc": 1.0, "mismatches": [], "bare_aaf_exact_preferred_recovery": "25/25", "incoherent_heldout_exact": "7/7", "nontotal_pos_test": []}
%%%%%%%%%%%%%%%%%%%%%%%%%%%%%%%%%%%%%%%%%%%%%%%%%%%%%%%%%%%%%%%%%%%%%%%%%%%%%%%%
%%                                Iteration 1                                 %%
%%%%%%%%%%%%%%%%%%%%%%%%%%%%%%%%%%%%%%%%%%%%%%%%%%%%%%%%%%%%%%%%%%%%%%%%%%%%%%%%
%% Searching for counterexample... 
%% Found negative counterexample: aaf_4_30_PRF_NEG_4T (a total of 40 counterexamples found) 
%% Found hypothesis: [0] 1 
%%  :- not_defended(V1). 
%%%%%%%%%%%%%%%%%%%%%%%%%%%%%%%%%%%%%%%%%%%%%%%%%%%%%%%%%%%%%%%%%%%%%%%%%%%%%%%%
%%                                Iteration 2                                 %%
%%%%%%%%%%%%%%%%%%%%%%%%%%%%%%%%%%%%%%%%%%%%%%%%%%%%%%%%%%%%%%%%%%%%%%%%%%%%%%%%
%% Searching for counterexample... 
%% Found positive counterexample: aaf_4_11_PRF_POS_1T (a total of 62 counterexamples found) 
%% Found hypothesis: [63] 2 
%%  :- out(V1); not not_defended(V1). 
%%%%%%%%%%%%%%%%%%%%%%%%%%%%%%%%%%%%%%%%%%%%%%%%%%%%%%%%%%%%%%%%%%%%%%%%%%%%%%%%
%%                                Iteration 3                                 %%
%%%%%%%%%%%%%%%%%%%%%%%%%%%%%%%%%%%%%%%%%%%%%%%%%%%%%%%%%%%%%%%%%%%%%%%%%%%%%%%%
%% Searching for counterexample... 
%% Found negative counterexample: aaf_4_31_PRF_NEG_3T (a total of 7 counterexamples found) 
%% Found hypothesis: [8, 53] 4 
%% out(V1) :- defeated(V1). 
%%  :- out(V1); not defeated(V1). 
%%%%%%%%%%%%%%%%%%%%%%%%%%%%%%%%%%%%%%%%%%%%%%%%%%%%%%%%%%%%%%%%%%%%%%%%%%%%%%%%
%%                                Iteration 4                                 %%
%%%%%%%%%%%%%%%%%%%%%%%%%%%%%%%%%%%%%%%%%%%%%%%%%%%%%%%%%%%%%%%%%%%%%%%%%%%%%%%%
%% Searching for counterexample... 
%% Found positive counterexample: aaf_5_16_EMPTYPOS_T (a total of 9 counterexamples found) 
%% Found hypothesis: [63, 107] 4 
%%  :- out(V1); not not_defended(V1). 
%% out(V1) :- not_defended(V1). 
%%%%%%%%%%%%%%%%%%%%%%%%%%%%%%%%%%%%%%%%%%%%%%%%%%%%%%%%%%%%%%%%%%%%%%%%%%%%%%%%
%%                                Iteration 5                                 %%
%%%%%%%%%%%%%%%%%%%%%%%%%%%%%%%%%%%%%%%%%%%%%%%%%%%%%%%%%%%%%%%%%%%%%%%%%%%%%%%%
%% Searching for counterexample... 
%%  
%%  
%% Final Hypothesis: 
%%  
 :- out(V1); not not_defended(V1).
out(V1) :- not_defended(V1).

%%%%%%%%%%%%%%%%%%%%%%%%%%%%%%%%%%%%%%%%%%%%%%%%%%%%%%%%%%%%%%%%%%%%%%%%%%%%%%%%
%% Pre-processing                          : 0.014s
%% Hypothesis Space Generation             : 0.177s
%% Conflict analysis                       : 1.856s
%%   - Negative Examples                   : 0.355s
%%   - Positive Examples                   : 1.501s
%% Counterexample search                   : 0.061s
%%   - CDOEs                               : 0s
%%   - CDPIs                               : 0.06s
%% Hypothesis Search                       : 1.19s
%% Total                                   : 3.359s
%%%%%%%%%%%%%%%%%%%%%%%%%%%%%%%%%%%%%%%%%%%%%%%%%%%%%%%%%%%%%%%%%%%%%%%%%%%%%%%%
domRec ignored: No domain atoms found.
domRec ignored: No domain atoms found.
domRec ignored: No domain atoms found.
domRec ignored: No domain atoms found.
domRec ignored: No domain atoms found.
domRec ignored: No domain atoms found.
domRec ignored: No domain atoms found.
domRec ignored: No domain atoms found.
domRec ignored: No domain atoms found.
domRec ignored: No domain atoms found.
domRec ignored: No domain atoms found.
domRec ignored: No domain atoms found.
domRec ignored: No domain atoms found.
domRec ignored: No domain atoms found.
domRec ignored: No domain atoms found.
domRec ignored: No domain atoms found.
domRec ignored: No domain atoms found.
domRec ignored: No domain atoms found.
domRec ignored: No domain atoms found.
domRec ignored: No domain atoms found.
domRec ignored: No domain atoms found.
domRec ignored: No domain atoms found.
domRec ignored: No domain atoms found.
domRec ignored: No domain atoms found.
domRec ignored: No domain atoms found.
domRec ignored: No domain atoms found.
domRec ignored: No domain atoms found.
domRec ignored: No domain atoms found.
domRec ignored: No domain atoms found.
domRec ignored: No domain atoms found.
domRec ignored: No domain atoms found.
domRec ignored: No domain atoms found.
domRec ignored: No domain atoms found.
domRec ignored: No domain atoms found.
domRec ignored: No domain atoms found.
domRec ignored: No domain atoms found.
domRec ignored: No domain atoms found.
domRec ignored: No domain atoms found.
domRec ignored: No domain atoms found.
domRec ignored: No domain atoms found.
domRec ignored: No domain atoms found.
domRec ignored: No domain atoms found.
domRec ignored: No domain atoms found.
domRec ignored: No domain atoms found.
domRec ignored: No domain atoms found.
domRec ignored: No domain atoms found.
domRec ignored: No domain atoms found.
domRec ignored: No domain atoms found.
domRec ignored: No domain atoms found.
domRec ignored: No domain atoms found.
domRec ignored: No domain atoms found.
domRec ignored: No domain atoms found.
domRec ignored: No domain atoms found.
domRec ignored: No domain atoms found.
domRec ignored: No domain atoms found.
domRec ignored: No domain atoms found.
domRec ignored: No domain atoms found.
domRec ignored: No domain atoms found.
domRec ignored: No domain atoms found.
domRec ignored: No domain atoms found.
domRec ignored: No domain atoms found.
domRec ignored: No domain atoms found.
domRec ignored: No domain atoms found.
domRec ignored: No domain atoms found.
domRec ignored: No domain atoms found.
domRec ignored: No domain atoms found.
domRec ignored: No domain atoms found.
domRec ignored: No domain atoms found.
domRec ignored: No domain atoms found.
domRec ignored: No domain atoms found.
domRec ignored: No domain atoms found.
domRec ignored: No domain atoms found.
domRec ignored: No domain atoms found.
domRec ignored: No domain atoms found.
domRec ignored: No domain atoms found.
domRec ignored: No domain atoms found.
domRec ignored: No domain atoms found.
domRec ignored: No domain atoms found.
domRec ignored: No domain atoms found.
{"tag": "cmpc_f40_fold2", "train_seconds": 3.38, "timed_out": false, "exit_code": 0, "succeeded": true, "forced_nontotal_pos": ["aaf_8_82_PRF_POS_1.lp", "aaf_8_87_PRF_POS_1.lp"], "theory": [":- out(V1); not not_defended(V1).", "out(V1) :- not_defended(V1)."], "tp": 30, "fp": 2, "tn": 28, "fn": 0, "mcc": 0.9354, "mismatches": ["aaf_4_92_PRF_NEG_6.lp", "aaf_7_42_PRF_NEG_5.lp"], "bare_aaf_exact_preferred_recovery": "10/25", "incoherent_heldout_exact": "0/7", "nontotal_pos_test": []}
%%%%%%%%%%%%%%%%%%%%%%%%%%%%%%%%%%%%%%%%%%%%%%%%%%%%%%%%%%%%%%%%%%%%%%%%%%%%%%%%
%%                                Iteration 1                                 %%
%%%%%%%%%%%%%%%%%%%%%%%%%%%%%%%%%%%%%%%%%%%%%%%%%%%%%%%%%%%%%%%%%%%%%%%%%%%%%%%%
%% Searching for counterexample... 
%% Found negative counterexample: aaf_4_11_PRF_NEG_4T (a total of 40 counterexamples found) 
%% Found hypothesis: [0] 1 
%%  :- not_defended(V1). 
%%%%%%%%%%%%%%%%%%%%%%%%%%%%%%%%%%%%%%%%%%%%%%%%%%%%%%%%%%%%%%%%%%%%%%%%%%%%%%%%
%%                                Iteration 2                                 %%
%%%%%%%%%%%%%%%%%%%%%%%%%%%%%%%%%%%%%%%%%%%%%%%%%%%%%%%%%%%%%%%%%%%%%%%%%%%%%%%%
%% Searching for counterexample... 
%% Found negative counterexample: aaf_4_2_PRF_NEG_2T (a total of 69 counterexamples found) 
%% Found hypothesis: [1] 1 
%%  :- arg(V1). 
%%%%%%%%%%%%%%%%%%%%%%%%%%%%%%%%%%%%%%%%%%%%%%%%%%%%%%%%%%%%%%%%%%%%%%%%%%%%%%%%
%%                                Iteration 3                                 %%
%%%%%%%%%%%%%%%%%%%%%%%%%%%%%%%%%%%%%%%%%%%%%%%%%%%%%%%%%%%%%%%%%%%%%%%%%%%%%%%%
%% Searching for counterexample... 
%% Found positive counterexample: aaf_4_32_PRF_POS_1T (a total of 49 counterexamples found) 
%% Found hypothesis: [63] 2 
%%  :- out(V1); not not_defended(V1). 
%%%%%%%%%%%%%%%%%%%%%%%%%%%%%%%%%%%%%%%%%%%%%%%%%%%%%%%%%%%%%%%%%%%%%%%%%%%%%%%%
%%                                Iteration 4                                 %%
%%%%%%%%%%%%%%%%%%%%%%%%%%%%%%%%%%%%%%%%%%%%%%%%%%%%%%%%%%%%%%%%%%%%%%%%%%%%%%%%
%% Searching for counterexample... 
%% Found negative counterexample: aaf_4_21_PRF_NEG_4T (a total of 9 counterexamples found) 
%% Found hypothesis: [533] 3 
%%  :- att(V1,V2); not out(V2); not att(V2,V1). 
%%%%%%%%%%%%%%%%%%%%%%%%%%%%%%%%%%%%%%%%%%%%%%%%%%%%%%%%%%%%%%%%%%%%%%%%%%%%%%%%
%%                                Iteration 5                                 %%
%%%%%%%%%%%%%%%%%%%%%%%%%%%%%%%%%%%%%%%%%%%%%%%%%%%%%%%%%%%%%%%%%%%%%%%%%%%%%%%%
%% Searching for counterexample... 
%% Found negative counterexample: aaf_4_32_PRF_NEG_1T (a total of 19 counterexamples found) 
%% Found hypothesis: [63, 123] 4 
%%  :- out(V1); not not_defended(V1). 
%%  :- defeated(V1); not out(V1). 
%%%%%%%%%%%%%%%%%%%%%%%%%%%%%%%%%%%%%%%%%%%%%%%%%%%%%%%%%%%%%%%%%%%%%%%%%%%%%%%%
%%                                Iteration 6                                 %%
%%%%%%%%%%%%%%%%%%%%%%%%%%%%%%%%%%%%%%%%%%%%%%%%%%%%%%%%%%%%%%%%%%%%%%%%%%%%%%%%
%% Searching for counterexample... 
%% Found negative counterexample: aaf_6_12_PRF_NEG_2T (a total of 1 counterexamples found) 
%% Found hypothesis: [115, 123] 4 
%%  :- not_defended(V1); not out(V1). 
%%  :- defeated(V1); not out(V1). 
%%%%%%%%%%%%%%%%%%%%%%%%%%%%%%%%%%%%%%%%%%%%%%%%%%%%%%%%%%%%%%%%%%%%%%%%%%%%%%%%
%%                                Iteration 7                                 %%
%%%%%%%%%%%%%%%%%%%%%%%%%%%%%%%%%%%%%%%%%%%%%%%%%%%%%%%%%%%%%%%%%%%%%%%%%%%%%%%%
%% Searching for counterexample... 
%% Found negative counterexample: aaf_4_95_PRF_NEG_2T (a total of 3 counterexamples found) 
%% Found hypothesis: [100, 113] 4 
%%  :- in(V1); not supported(V1). 
%%  :- not_defended(V1); not defeated(V1). 
%%%%%%%%%%%%%%%%%%%%%%%%%%%%%%%%%%%%%%%%%%%%%%%%%%%%%%%%%%%%%%%%%%%%%%%%%%%%%%%%
%%                                Iteration 8                                 %%
%%%%%%%%%%%%%%%%%%%%%%%%%%%%%%%%%%%%%%%%%%%%%%%%%%%%%%%%%%%%%%%%%%%%%%%%%%%%%%%%
%% Searching for counterexample... 
%% Found positive counterexample: aaf_5_16_EMPTYPOS_T (a total of 10 counterexamples found) 
%% Found hypothesis: [63, 115] 4 
%%  :- out(V1); not not_defended(V1). 
%%  :- not_defended(V1); not out(V1). 
%%%%%%%%%%%%%%%%%%%%%%%%%%%%%%%%%%%%%%%%%%%%%%%%%%%%%%%%%%%%%%%%%%%%%%%%%%%%%%%%
%%                                Iteration 9                                 %%
%%%%%%%%%%%%%%%%%%%%%%%%%%%%%%%%%%%%%%%%%%%%%%%%%%%%%%%%%%%%%%%%%%%%%%%%%%%%%%%%
%% Searching for counterexample... 
%% Found negative counterexample: aaf_5_53_PRF_NEG_1T (a total of 1 counterexamples found) 
%% Found hypothesis: [100, 1248] 5 
%%  :- in(V1); not supported(V1). 
%%  :- in(V2); out(V1); not att(V2,V1). 
%%%%%%%%%%%%%%%%%%%%%%%%%%%%%%%%%%%%%%%%%%%%%%%%%%%%%%%%%%%%%%%%%%%%%%%%%%%%%%%%
%%                                Iteration 10                                %%
%%%%%%%%%%%%%%%%%%%%%%%%%%%%%%%%%%%%%%%%%%%%%%%%%%%%%%%%%%%%%%%%%%%%%%%%%%%%%%%%
%% Searching for counterexample... 
%% Found positive counterexample: aaf_4_38_PRF_POS_2T (a total of 15 counterexamples found) 
%% Found hypothesis: [100, 304] 5 
%%  :- in(V1); not supported(V1). 
%%  :- defeated(V2); not_defended(V1); not defeated(V1). 
%%%%%%%%%%%%%%%%%%%%%%%%%%%%%%%%%%%%%%%%%%%%%%%%%%%%%%%%%%%%%%%%%%%%%%%%%%%%%%%%
%%                                Iteration 11                                %%
%%%%%%%%%%%%%%%%%%%%%%%%%%%%%%%%%%%%%%%%%%%%%%%%%%%%%%%%%%%%%%%%%%%%%%%%%%%%%%%%
%% Searching for counterexample... 
%% Found negative counterexample: aaf_7_40_PRF_NEG_5T (a total of 3 counterexamples found) 
%% Found hypothesis: [100, 524] 5 
%%  :- in(V1); not supported(V1). 
%%  :- defeated(V2); supported(V1); not in(V1). 
%%%%%%%%%%%%%%%%%%%%%%%%%%%%%%%%%%%%%%%%%%%%%%%%%%%%%%%%%%%%%%%%%%%%%%%%%%%%%%%%
%%                                Iteration 12                                %%
%%%%%%%%%%%%%%%%%%%%%%%%%%%%%%%%%%%%%%%%%%%%%%%%%%%%%%%%%%%%%%%%%%%%%%%%%%%%%%%%
%% Searching for counterexample... 
%% Found positive counterexample: aaf_8_82_PRF_POS_1T (a total of 2 counterexamples found) 
%% Found hypothesis: [160, 515] 6 
%%  :- defeated(V1); not out(V1); not not_defended(V1). 
%% in(V1) :- defeated(V2); supported(V1). 
%%%%%%%%%%%%%%%%%%%%%%%%%%%%%%%%%%%%%%%%%%%%%%%%%%%%%%%%%%%%%%%%%%%%%%%%%%%%%%%%
%%                                Iteration 13                                %%
%%%%%%%%%%%%%%%%%%%%%%%%%%%%%%%%%%%%%%%%%%%%%%%%%%%%%%%%%%%%%%%%%%%%%%%%%%%%%%%%
%% Searching for counterexample... 
%% Found negative counterexample: aaf_4_60_PRF_NEG_4T (a total of 4 counterexamples found) 
%% Found hypothesis: [123, 2630] 6 
%%  :- defeated(V1); not out(V1). 
%% in(V1) :- att(V1,V2); defeated(V2); supported(V1). 
%%%%%%%%%%%%%%%%%%%%%%%%%%%%%%%%%%%%%%%%%%%%%%%%%%%%%%%%%%%%%%%%%%%%%%%%%%%%%%%%
%%                                Iteration 14                                %%
%%%%%%%%%%%%%%%%%%%%%%%%%%%%%%%%%%%%%%%%%%%%%%%%%%%%%%%%%%%%%%%%%%%%%%%%%%%%%%%%
%% Searching for counterexample... 
%% Found positive counterexample: aaf_8_87_PRF_POS_1T (a total of 1 counterexamples found) 
%% Found hypothesis: [8, 63, 107] 6 
%% out(V1) :- defeated(V1). 
%%  :- out(V1); not not_defended(V1). 
%% out(V1) :- not_defended(V1). 
%%%%%%%%%%%%%%%%%%%%%%%%%%%%%%%%%%%%%%%%%%%%%%%%%%%%%%%%%%%%%%%%%%%%%%%%%%%%%%%%
%%                                Iteration 15                                %%
%%%%%%%%%%%%%%%%%%%%%%%%%%%%%%%%%%%%%%%%%%%%%%%%%%%%%%%%%%%%%%%%%%%%%%%%%%%%%%%%
%% Searching for counterexample... 
%%  
%%  
%% Final Hypothesis: 
%%  
out(V1) :- defeated(V1).
 :- out(V1); not not_defended(V1).
out(V1) :- not_defended(V1).

%%%%%%%%%%%%%%%%%%%%%%%%%%%%%%%%%%%%%%%%%%%%%%%%%%%%%%%%%%%%%%%%%%%%%%%%%%%%%%%%
%% Pre-processing                          : 0.014s
%% Hypothesis Space Generation             : 0.178s
%% Conflict analysis                       : 8.413s
%%   - Negative Examples                   : 1.579s
%%   - Positive Examples                   : 6.834s
%% Counterexample search                   : 0.185s
%%   - CDOEs                               : 0.001s
%%   - CDPIs                               : 0.184s
%% Hypothesis Search                       : 4.429s
%% Total                                   : 13.295s
%%%%%%%%%%%%%%%%%%%%%%%%%%%%%%%%%%%%%%%%%%%%%%%%%%%%%%%%%%%%%%%%%%%%%%%%%%%%%%%%
domRec ignored: No domain atoms found.
domRec ignored: No domain atoms found.
domRec ignored: No domain atoms found.
domRec ignored: No domain atoms found.
domRec ignored: No domain atoms found.
domRec ignored: No domain atoms found.
domRec ignored: No domain atoms found.
domRec ignored: No domain atoms found.
domRec ignored: No domain atoms found.
domRec ignored: No domain atoms found.
domRec ignored: No domain atoms found.
domRec ignored: No domain atoms found.
domRec ignored: No domain atoms found.
domRec ignored: No domain atoms found.
domRec ignored: No domain atoms found.
domRec ignored: No domain atoms found.
domRec ignored: No domain atoms found.
domRec ignored: No domain atoms found.
domRec ignored: No domain atoms found.
domRec ignored: No domain atoms found.
domRec ignored: No domain atoms found.
domRec ignored: No domain atoms found.
domRec ignored: No domain atoms found.
domRec ignored: No domain atoms found.
domRec ignored: No domain atoms found.
domRec ignored: No domain atoms found.
domRec ignored: No domain atoms found.
domRec ignored: No domain atoms found.
domRec ignored: No domain atoms found.
domRec ignored: No domain atoms found.
domRec ignored: No domain atoms found.
domRec ignored: No domain atoms found.
domRec ignored: No domain atoms found.
domRec ignored: No domain atoms found.
domRec ignored: No domain atoms found.
domRec ignored: No domain atoms found.
domRec ignored: No domain atoms found.
domRec ignored: No domain atoms found.
domRec ignored: No domain atoms found.
domRec ignored: No domain atoms found.
domRec ignored: No domain atoms found.
domRec ignored: No domain atoms found.
domRec ignored: No domain atoms found.
domRec ignored: No domain atoms found.
domRec ignored: No domain atoms found.
domRec ignored: No domain atoms found.
domRec ignored: No domain atoms found.
domRec ignored: No domain atoms found.
domRec ignored: No domain atoms found.
domRec ignored: No domain atoms found.
domRec ignored: No domain atoms found.
domRec ignored: No domain atoms found.
domRec ignored: No domain atoms found.
domRec ignored: No domain atoms found.
domRec ignored: No domain atoms found.
domRec ignored: No domain atoms found.
domRec ignored: No domain atoms found.
domRec ignored: No domain atoms found.
domRec ignored: No domain atoms found.
domRec ignored: No domain atoms found.
domRec ignored: No domain atoms found.
domRec ignored: No domain atoms found.
domRec ignored: No domain atoms found.
domRec ignored: No domain atoms found.
domRec ignored: No domain atoms found.
domRec ignored: No domain atoms found.
domRec ignored: No domain atoms found.
domRec ignored: No domain atoms found.
domRec ignored: No domain atoms found.
domRec ignored: No domain atoms found.
domRec ignored: No domain atoms found.
domRec ignored: No domain atoms found.
domRec ignored: No domain atoms found.
domRec ignored: No domain atoms found.
{"tag": "cmpc_f40_fold3", "train_seconds": 13.31, "timed_out": false, "exit_code": 0, "succeeded": true, "forced_nontotal_pos": ["aaf_8_82_PRF_POS_1.lp", "aaf_8_87_PRF_POS_1.lp"], "theory": ["out(V1) :- defeated(V1).", ":- out(V1); not not_defended(V1).", "out(V1) :- not_defended(V1)."], "tp": 30, "fp": 0, "tn": 30, "fn": 0, "mcc": 1.0, "mismatches": [], "bare_aaf_exact_preferred_recovery": "25/25", "incoherent_heldout_exact": "7/7", "nontotal_pos_test": []}
%%%%%%%%%%%%%%%%%%%%%%%%%%%%%%%%%%%%%%%%%%%%%%%%%%%%%%%%%%%%%%%%%%%%%%%%%%%%%%%%
%%                                Iteration 1                                 %%
%%%%%%%%%%%%%%%%%%%%%%%%%%%%%%%%%%%%%%%%%%%%%%%%%%%%%%%%%%%%%%%%%%%%%%%%%%%%%%%%
%% Searching for counterexample... 
%% Found negative counterexample: aaf_4_22_PRF_NEG_4T (a total of 40 counterexamples found) 
%% Found hypothesis: [0] 1 
%%  :- not_defended(V1). 
%%%%%%%%%%%%%%%%%%%%%%%%%%%%%%%%%%%%%%%%%%%%%%%%%%%%%%%%%%%%%%%%%%%%%%%%%%%%%%%%
%%                                Iteration 2                                 %%
%%%%%%%%%%%%%%%%%%%%%%%%%%%%%%%%%%%%%%%%%%%%%%%%%%%%%%%%%%%%%%%%%%%%%%%%%%%%%%%%
%% Searching for counterexample... 
%% Found positive counterexample: aaf_4_20_PRF_POS_1T (a total of 65 counterexamples found) 
%% Found hypothesis: [115] 2 
%%  :- not_defended(V1); not out(V1). 
%%%%%%%%%%%%%%%%%%%%%%%%%%%%%%%%%%%%%%%%%%%%%%%%%%%%%%%%%%%%%%%%%%%%%%%%%%%%%%%%
%%                                Iteration 3                                 %%
%%%%%%%%%%%%%%%%%%%%%%%%%%%%%%%%%%%%%%%%%%%%%%%%%%%%%%%%%%%%%%%%%%%%%%%%%%%%%%%%
%% Searching for counterexample... 
%% Found negative counterexample: aaf_4_35_PRF_NEG_4T (a total of 22 counterexamples found) 
%% Found hypothesis: [100] 2 
%%  :- in(V1); not supported(V1). 
%%%%%%%%%%%%%%%%%%%%%%%%%%%%%%%%%%%%%%%%%%%%%%%%%%%%%%%%%%%%%%%%%%%%%%%%%%%%%%%%
%%                                Iteration 4                                 %%
%%%%%%%%%%%%%%%%%%%%%%%%%%%%%%%%%%%%%%%%%%%%%%%%%%%%%%%%%%%%%%%%%%%%%%%%%%%%%%%%
%% Searching for counterexample... 
%% Found negative counterexample: aaf_5_22_PRF_NEG_1T (a total of 9 counterexamples found) 
%% Found hypothesis: [23, 53] 4 
%%  :- defeated(V1); not not_defended(V1). 
%%  :- out(V1); not defeated(V1). 
%%%%%%%%%%%%%%%%%%%%%%%%%%%%%%%%%%%%%%%%%%%%%%%%%%%%%%%%%%%%%%%%%%%%%%%%%%%%%%%%
%%                                Iteration 5                                 %%
%%%%%%%%%%%%%%%%%%%%%%%%%%%%%%%%%%%%%%%%%%%%%%%%%%%%%%%%%%%%%%%%%%%%%%%%%%%%%%%%
%% Searching for counterexample... 
%% Found negative counterexample: aaf_4_45_PRF_NEG_4T (a total of 12 counterexamples found) 
%% Found hypothesis: [63, 105] 4 
%%  :- out(V1); not not_defended(V1). 
%%  :- in(V1); not_defended(V1). 
%%%%%%%%%%%%%%%%%%%%%%%%%%%%%%%%%%%%%%%%%%%%%%%%%%%%%%%%%%%%%%%%%%%%%%%%%%%%%%%%
%%                                Iteration 6                                 %%
%%%%%%%%%%%%%%%%%%%%%%%%%%%%%%%%%%%%%%%%%%%%%%%%%%%%%%%%%%%%%%%%%%%%%%%%%%%%%%%%
%% Searching for counterexample... 
%% Found negative counterexample: aaf_4_52_PRF_NEG_1T (a total of 2 counterexamples found) 
%% Found hypothesis: [23, 105] 4 
%%  :- defeated(V1); not not_defended(V1). 
%%  :- in(V1); not_defended(V1). 
%%%%%%%%%%%%%%%%%%%%%%%%%%%%%%%%%%%%%%%%%%%%%%%%%%%%%%%%%%%%%%%%%%%%%%%%%%%%%%%%
%%                                Iteration 7                                 %%
%%%%%%%%%%%%%%%%%%%%%%%%%%%%%%%%%%%%%%%%%%%%%%%%%%%%%%%%%%%%%%%%%%%%%%%%%%%%%%%%
%% Searching for counterexample... 
%% Found negative counterexample: aaf_7_30_PRF_NEG_6T (a total of 5 counterexamples found) 
%% Found hypothesis: [58, 100] 4 
%%  :- out(V1); supported(V1). 
%%  :- in(V1); not supported(V1). 
%%%%%%%%%%%%%%%%%%%%%%%%%%%%%%%%%%%%%%%%%%%%%%%%%%%%%%%%%%%%%%%%%%%%%%%%%%%%%%%%
%%                                Iteration 8                                 %%
%%%%%%%%%%%%%%%%%%%%%%%%%%%%%%%%%%%%%%%%%%%%%%%%%%%%%%%%%%%%%%%%%%%%%%%%%%%%%%%%
%% Searching for counterexample... 
%% Found positive counterexample: aaf_5_16_EMPTYPOS_T (a total of 8 counterexamples found) 
%% Found hypothesis: [63, 521] 5 
%%  :- out(V1); not not_defended(V1). 
%%  :- att(V1,V2); not att(V2,V1); not supported(V1). 
%%%%%%%%%%%%%%%%%%%%%%%%%%%%%%%%%%%%%%%%%%%%%%%%%%%%%%%%%%%%%%%%%%%%%%%%%%%%%%%%
%%                                Iteration 9                                 %%
%%%%%%%%%%%%%%%%%%%%%%%%%%%%%%%%%%%%%%%%%%%%%%%%%%%%%%%%%%%%%%%%%%%%%%%%%%%%%%%%
%% Searching for counterexample... 
%% Found positive counterexample: aaf_4_44_PRF_POS_2T (a total of 38 counterexamples found) 
%% Found hypothesis: [123, 747] 5 
%%  :- defeated(V1); not out(V1). 
%%  :- out(V1); defeated(V2); supported(V1). 
%%%%%%%%%%%%%%%%%%%%%%%%%%%%%%%%%%%%%%%%%%%%%%%%%%%%%%%%%%%%%%%%%%%%%%%%%%%%%%%%
%%                                Iteration 10                                %%
%%%%%%%%%%%%%%%%%%%%%%%%%%%%%%%%%%%%%%%%%%%%%%%%%%%%%%%%%%%%%%%%%%%%%%%%%%%%%%%%
%% Searching for counterexample... 
%% Found positive counterexample: aaf_8_87_PRF_POS_1T (a total of 1 counterexamples found) 
%% Found hypothesis: [123, 2202] 6 
%%  :- defeated(V1); not out(V1). 
%% in(V1) :- in(V2); not_defended(V1); supported(V1). 
%%%%%%%%%%%%%%%%%%%%%%%%%%%%%%%%%%%%%%%%%%%%%%%%%%%%%%%%%%%%%%%%%%%%%%%%%%%%%%%%
%%                                Iteration 11                                %%
%%%%%%%%%%%%%%%%%%%%%%%%%%%%%%%%%%%%%%%%%%%%%%%%%%%%%%%%%%%%%%%%%%%%%%%%%%%%%%%%
%% Searching for counterexample... 
%% Found negative counterexample: aaf_7_82_PRF_NEG_4T (a total of 3 counterexamples found) 
%% Found hypothesis: [23, 63, 115] 6 
%%  :- defeated(V1); not not_defended(V1). 
%%  :- out(V1); not not_defended(V1). 
%%  :- not_defended(V1); not out(V1). 
%%%%%%%%%%%%%%%%%%%%%%%%%%%%%%%%%%%%%%%%%%%%%%%%%%%%%%%%%%%%%%%%%%%%%%%%%%%%%%%%
%%                                Iteration 12                                %%
%%%%%%%%%%%%%%%%%%%%%%%%%%%%%%%%%%%%%%%%%%%%%%%%%%%%%%%%%%%%%%%%%%%%%%%%%%%%%%%%
%% Searching for counterexample... 
%%  
%%  
%% Final Hypothesis: 
%%  
 :- defeated(V1); not not_defended(V1).
 :- out(V1); not not_defended(V1).
 :- not_defended(V1); not out(V1).

%%%%%%%%%%%%%%%%%%%%%%%%%%%%%%%%%%%%%%%%%%%%%%%%%%%%%%%%%%%%%%%%%%%%%%%%%%%%%%%%
%% Pre-processing                          : 0.012s
%% Hypothesis Space Generation             : 0.177s
%% Conflict analysis                       : 5.949s
%%   - Negative Examples                   : 1.235s
%%   - Positive Examples                   : 4.714s
%% Counterexample search                   : 0.147s
%%   - CDOEs                               : 0.001s
%%   - CDPIs                               : 0.143s
%% Hypothesis Search                       : 3.4s
%% Total                                   : 9.754s
%%%%%%%%%%%%%%%%%%%%%%%%%%%%%%%%%%%%%%%%%%%%%%%%%%%%%%%%%%%%%%%%%%%%%%%%%%%%%%%%
domRec ignored: No domain atoms found.
domRec ignored: No domain atoms found.
domRec ignored: No domain atoms found.
domRec ignored: No domain atoms found.
domRec ignored: No domain atoms found.
domRec ignored: No domain atoms found.
domRec ignored: No domain atoms found.
domRec ignored: No domain atoms found.
domRec ignored: No domain atoms found.
domRec ignored: No domain atoms found.
domRec ignored: No domain atoms found.
domRec ignored: No domain atoms found.
domRec ignored: No domain atoms found.
domRec ignored: No domain atoms found.
domRec ignored: No domain atoms found.
domRec ignored: No domain atoms found.
domRec ignored: No domain atoms found.
domRec ignored: No domain atoms found.
domRec ignored: No domain atoms found.
domRec ignored: No domain atoms found.
domRec ignored: No domain atoms found.
domRec ignored: No domain atoms found.
domRec ignored: No domain atoms found.
domRec ignored: No domain atoms found.
domRec ignored: No domain atoms found.
domRec ignored: No domain atoms found.
domRec ignored: No domain atoms found.
domRec ignored: No domain atoms found.
domRec ignored: No domain atoms found.
domRec ignored: No domain atoms found.
domRec ignored: No domain atoms found.
domRec ignored: No domain atoms found.
domRec ignored: No domain atoms found.
domRec ignored: No domain atoms found.
domRec ignored: No domain atoms found.
domRec ignored: No domain atoms found.
domRec ignored: No domain atoms found.
domRec ignored: No domain atoms found.
domRec ignored: No domain atoms found.
domRec ignored: No domain atoms found.
domRec ignored: No domain atoms found.
domRec ignored: No domain atoms found.
domRec ignored: No domain atoms found.
domRec ignored: No domain atoms found.
domRec ignored: No domain atoms found.
domRec ignored: No domain atoms found.
domRec ignored: No domain atoms found.
domRec ignored: No domain atoms found.
domRec ignored: No domain atoms found.
domRec ignored: No domain atoms found.
domRec ignored: No domain atoms found.
domRec ignored: No domain atoms found.
domRec ignored: No domain atoms found.
domRec ignored: No domain atoms found.
domRec ignored: No domain atoms found.
domRec ignored: No domain atoms found.
domRec ignored: No domain atoms found.
domRec ignored: No domain atoms found.
domRec ignored: No domain atoms found.
domRec ignored: No domain atoms found.
domRec ignored: No domain atoms found.
domRec ignored: No domain atoms found.
domRec ignored: No domain atoms found.
domRec ignored: No domain atoms found.
domRec ignored: No domain atoms found.
domRec ignored: No domain atoms found.
domRec ignored: No domain atoms found.
domRec ignored: No domain atoms found.
domRec ignored: No domain atoms found.
domRec ignored: No domain atoms found.
domRec ignored: No domain atoms found.
domRec ignored: No domain atoms found.
domRec ignored: No domain atoms found.
domRec ignored: No domain atoms found.
{"tag": "cmpc_f40_fold4", "train_seconds": 9.77, "timed_out": false, "exit_code": 0, "succeeded": true, "forced_nontotal_pos": ["aaf_8_87_PRF_POS_1.lp"], "theory": [":- defeated(V1); not not_defended(V1).", ":- out(V1); not not_defended(V1).", ":- not_defended(V1); not out(V1)."], "tp": 30, "fp": 0, "tn": 30, "fn": 0, "mcc": 1.0, "mismatches": [], "bare_aaf_exact_preferred_recovery": "25/25", "incoherent_heldout_exact": "7/7", "nontotal_pos_test": [["aaf_8_82_PRF_POS_1.lp", true]]}
%%%%%%%%%%%%%%%%%%%%%%%%%%%%%%%%%%%%%%%%%%%%%%%%%%%%%%%%%%%%%%%%%%%%%%%%%%%%%%%%
%%                                Iteration 1                                 %%
%%%%%%%%%%%%%%%%%%%%%%%%%%%%%%%%%%%%%%%%%%%%%%%%%%%%%%%%%%%%%%%%%%%%%%%%%%%%%%%%
%% Searching for counterexample... 
%% Found negative counterexample: aaf_4_13_PRF_NEG_2T (a total of 20 counterexamples found) 
%% Found hypothesis: [0] 1 
%%  :- not_defended(V1). 
%%%%%%%%%%%%%%%%%%%%%%%%%%%%%%%%%%%%%%%%%%%%%%%%%%%%%%%%%%%%%%%%%%%%%%%%%%%%%%%%
%%                                Iteration 2                                 %%
%%%%%%%%%%%%%%%%%%%%%%%%%%%%%%%%%%%%%%%%%%%%%%%%%%%%%%%%%%%%%%%%%%%%%%%%%%%%%%%%
%% Searching for counterexample... 
%% Found negative counterexample: aaf_4_42_PRF_NEG_2T (a total of 36 counterexamples found) 
%% Found hypothesis: [1] 1 
%%  :- arg(V1). 
%%%%%%%%%%%%%%%%%%%%%%%%%%%%%%%%%%%%%%%%%%%%%%%%%%%%%%%%%%%%%%%%%%%%%%%%%%%%%%%%
%%                                Iteration 3                                 %%
%%%%%%%%%%%%%%%%%%%%%%%%%%%%%%%%%%%%%%%%%%%%%%%%%%%%%%%%%%%%%%%%%%%%%%%%%%%%%%%%
%% Searching for counterexample... 
%% Found positive counterexample: aaf_4_42_PRF_POS_2T (a total of 28 counterexamples found) 
%% Found hypothesis: [100] 2 
%%  :- in(V1); not supported(V1). 
%%%%%%%%%%%%%%%%%%%%%%%%%%%%%%%%%%%%%%%%%%%%%%%%%%%%%%%%%%%%%%%%%%%%%%%%%%%%%%%%
%%                                Iteration 4                                 %%
%%%%%%%%%%%%%%%%%%%%%%%%%%%%%%%%%%%%%%%%%%%%%%%%%%%%%%%%%%%%%%%%%%%%%%%%%%%%%%%%
%% Searching for counterexample... 
%% Found negative counterexample: aaf_4_23_PRF_NEG_6T (a total of 6 counterexamples found) 
%% Found hypothesis: [1228] 3 
%%  :- in(V1); defeated(V2); not att(V2,V1). 
%%%%%%%%%%%%%%%%%%%%%%%%%%%%%%%%%%%%%%%%%%%%%%%%%%%%%%%%%%%%%%%%%%%%%%%%%%%%%%%%
%%                                Iteration 5                                 %%
%%%%%%%%%%%%%%%%%%%%%%%%%%%%%%%%%%%%%%%%%%%%%%%%%%%%%%%%%%%%%%%%%%%%%%%%%%%%%%%%
%% Searching for counterexample... 
%% Found negative counterexample: aaf_4_2_PRF_NEG_1T (a total of 20 counterexamples found) 
%% Found hypothesis: [53, 123] 4 
%%  :- out(V1); not defeated(V1). 
%%  :- defeated(V1); not out(V1). 
%%%%%%%%%%%%%%%%%%%%%%%%%%%%%%%%%%%%%%%%%%%%%%%%%%%%%%%%%%%%%%%%%%%%%%%%%%%%%%%%
%%                                Iteration 6                                 %%
%%%%%%%%%%%%%%%%%%%%%%%%%%%%%%%%%%%%%%%%%%%%%%%%%%%%%%%%%%%%%%%%%%%%%%%%%%%%%%%%
%% Searching for counterexample... 
%% Found positive counterexample: aaf_5_16_EMPTYPOS_T (a total of 9 counterexamples found) 
%% Found hypothesis: [63, 105] 4 
%%  :- out(V1); not not_defended(V1). 
%%  :- in(V1); not_defended(V1). 
%%%%%%%%%%%%%%%%%%%%%%%%%%%%%%%%%%%%%%%%%%%%%%%%%%%%%%%%%%%%%%%%%%%%%%%%%%%%%%%%
%%                                Iteration 7                                 %%
%%%%%%%%%%%%%%%%%%%%%%%%%%%%%%%%%%%%%%%%%%%%%%%%%%%%%%%%%%%%%%%%%%%%%%%%%%%%%%%%
%% Searching for counterexample... 
%% Found negative counterexample: aaf_6_79_PRF_NEG_2T (a total of 1 counterexamples found) 
%% Found hypothesis: [105, 1228] 5 
%%  :- in(V1); not_defended(V1). 
%%  :- in(V1); defeated(V2); not att(V2,V1). 
%%%%%%%%%%%%%%%%%%%%%%%%%%%%%%%%%%%%%%%%%%%%%%%%%%%%%%%%%%%%%%%%%%%%%%%%%%%%%%%%
%%                                Iteration 8                                 %%
%%%%%%%%%%%%%%%%%%%%%%%%%%%%%%%%%%%%%%%%%%%%%%%%%%%%%%%%%%%%%%%%%%%%%%%%%%%%%%%%
%% Searching for counterexample... 
%% Found positive counterexample: aaf_5_72_PRF_POS_1T (a total of 17 counterexamples found) 
%% Found hypothesis: [123, 515] 5 
%%  :- defeated(V1); not out(V1). 
%% in(V1) :- defeated(V2); supported(V1). 
%%%%%%%%%%%%%%%%%%%%%%%%%%%%%%%%%%%%%%%%%%%%%%%%%%%%%%%%%%%%%%%%%%%%%%%%%%%%%%%%
%%                                Iteration 9                                 %%
%%%%%%%%%%%%%%%%%%%%%%%%%%%%%%%%%%%%%%%%%%%%%%%%%%%%%%%%%%%%%%%%%%%%%%%%%%%%%%%%
%% Searching for counterexample... 
%% Found positive counterexample: aaf_8_82_PRF_POS_1T (a total of 2 counterexamples found) 
%% Found hypothesis: [63, 105, 116] 6 
%%  :- out(V1); not not_defended(V1). 
%%  :- in(V1); not_defended(V1). 
%%  :- in(V1); defeated(V1). 
%%%%%%%%%%%%%%%%%%%%%%%%%%%%%%%%%%%%%%%%%%%%%%%%%%%%%%%%%%%%%%%%%%%%%%%%%%%%%%%%
%%                                Iteration 10                                %%
%%%%%%%%%%%%%%%%%%%%%%%%%%%%%%%%%%%%%%%%%%%%%%%%%%%%%%%%%%%%%%%%%%%%%%%%%%%%%%%%
%% Searching for counterexample... 
%%  
%%  
%% Final Hypothesis: 
%%  
 :- out(V1); not not_defended(V1).
 :- in(V1); not_defended(V1).
 :- in(V1); defeated(V1).

%%%%%%%%%%%%%%%%%%%%%%%%%%%%%%%%%%%%%%%%%%%%%%%%%%%%%%%%%%%%%%%%%%%%%%%%%%%%%%%%
%% Pre-processing                          : 0.011s
%% Hypothesis Space Generation             : 0.176s
%% Conflict analysis                       : 5.144s
%%   - Negative Examples                   : 0.868s
%%   - Positive Examples                   : 4.276s
%% Counterexample search                   : 0.092s
%%   - CDOEs                               : 0s
%%   - CDPIs                               : 0.089s
%% Hypothesis Search                       : 2.764s
%% Total                                   : 8.258s
%%%%%%%%%%%%%%%%%%%%%%%%%%%%%%%%%%%%%%%%%%%%%%%%%%%%%%%%%%%%%%%%%%%%%%%%%%%%%%%%
domRec ignored: No domain atoms found.
domRec ignored: No domain atoms found.
domRec ignored: No domain atoms found.
domRec ignored: No domain atoms found.
domRec ignored: No domain atoms found.
domRec ignored: No domain atoms found.
domRec ignored: No domain atoms found.
domRec ignored: No domain atoms found.
domRec ignored: No domain atoms found.
domRec ignored: No domain atoms found.
domRec ignored: No domain atoms found.
domRec ignored: No domain atoms found.
domRec ignored: No domain atoms found.
domRec ignored: No domain atoms found.
domRec ignored: No domain atoms found.
domRec ignored: No domain atoms found.
domRec ignored: No domain atoms found.
domRec ignored: No domain atoms found.
domRec ignored: No domain atoms found.
domRec ignored: No domain atoms found.
domRec ignored: No domain atoms found.
domRec ignored: No domain atoms found.
domRec ignored: No domain atoms found.
domRec ignored: No domain atoms found.
domRec ignored: No domain atoms found.
domRec ignored: No domain atoms found.
domRec ignored: No domain atoms found.
domRec ignored: No domain atoms found.
domRec ignored: No domain atoms found.
domRec ignored: No domain atoms found.
domRec ignored: No domain atoms found.
domRec ignored: No domain atoms found.
domRec ignored: No domain atoms found.
domRec ignored: No domain atoms found.
domRec ignored: No domain atoms found.
domRec ignored: No domain atoms found.
domRec ignored: No domain atoms found.
domRec ignored: No domain atoms found.
domRec ignored: No domain atoms found.
domRec ignored: No domain atoms found.
domRec ignored: No domain atoms found.
domRec ignored: No domain atoms found.
domRec ignored: No domain atoms found.
domRec ignored: No domain atoms found.
domRec ignored: No domain atoms found.
domRec ignored: No domain atoms found.
domRec ignored: No domain atoms found.
domRec ignored: No domain atoms found.
domRec ignored: No domain atoms found.
domRec ignored: No domain atoms found.
domRec ignored: No domain atoms found.
domRec ignored: No domain atoms found.
domRec ignored: No domain atoms found.
domRec ignored: No domain atoms found.
domRec ignored: No domain atoms found.
domRec ignored: No domain atoms found.
domRec ignored: No domain atoms found.
domRec ignored: No domain atoms found.
domRec ignored: No domain atoms found.
domRec ignored: No domain atoms found.
domRec ignored: No domain atoms found.
domRec ignored: No domain atoms found.
domRec ignored: No domain atoms found.
domRec ignored: No domain atoms found.
domRec ignored: No domain atoms found.
domRec ignored: No domain atoms found.
domRec ignored: No domain atoms found.
domRec ignored: No domain atoms found.
domRec ignored: No domain atoms found.
domRec ignored: No domain atoms found.
domRec ignored: No domain atoms found.
domRec ignored: No domain atoms found.
domRec ignored: No domain atoms found.
domRec ignored: No domain atoms found.
domRec ignored: No domain atoms found.
domRec ignored: No domain atoms found.
domRec ignored: No domain atoms found.
domRec ignored: No domain atoms found.
domRec ignored: No domain atoms found.
domRec ignored: No domain atoms found.
domRec ignored: No domain atoms found.
domRec ignored: No domain atoms found.
{"tag": "cmpc_f20_fold1", "train_seconds": 8.27, "timed_out": false, "exit_code": 0, "succeeded": true, "forced_nontotal_pos": ["aaf_8_82_PRF_POS_1.lp"], "theory": [":- out(V1); not not_defended(V1).", ":- in(V1); not_defended(V1).", ":- in(V1); defeated(V1)."], "tp": 30, "fp": 0, "tn": 30, "fn": 0, "mcc": 1.0, "mismatches": [], "bare_aaf_exact_preferred_recovery": "25/25", "incoherent_heldout_exact": "7/7", "nontotal_pos_test": []}
%%%%%%%%%%%%%%%%%%%%%%%%%%%%%%%%%%%%%%%%%%%%%%%%%%%%%%%%%%%%%%%%%%%%%%%%%%%%%%%%
%%                                Iteration 1                                 %%
%%%%%%%%%%%%%%%%%%%%%%%%%%%%%%%%%%%%%%%%%%%%%%%%%%%%%%%%%%%%%%%%%%%%%%%%%%%%%%%%
%% Searching for counterexample... 
%% Found negative counterexample: aaf_4_24_PRF_NEG_4T (a total of 20 counterexamples found) 
%% Found hypothesis: [0] 1 
%%  :- not_defended(V1). 
%%%%%%%%%%%%%%%%%%%%%%%%%%%%%%%%%%%%%%%%%%%%%%%%%%%%%%%%%%%%%%%%%%%%%%%%%%%%%%%%
%%                                Iteration 2                                 %%
%%%%%%%%%%%%%%%%%%%%%%%%%%%%%%%%%%%%%%%%%%%%%%%%%%%%%%%%%%%%%%%%%%%%%%%%%%%%%%%%
%% Searching for counterexample... 
%% Found positive counterexample: aaf_4_36_PRF_POS_1T (a total of 41 counterexamples found) 
%% Found hypothesis: [115] 2 
%%  :- not_defended(V1); not out(V1). 
%%%%%%%%%%%%%%%%%%%%%%%%%%%%%%%%%%%%%%%%%%%%%%%%%%%%%%%%%%%%%%%%%%%%%%%%%%%%%%%%
%%                                Iteration 3                                 %%
%%%%%%%%%%%%%%%%%%%%%%%%%%%%%%%%%%%%%%%%%%%%%%%%%%%%%%%%%%%%%%%%%%%%%%%%%%%%%%%%
%% Searching for counterexample... 
%% Found negative counterexample: aaf_4_59_PRF_NEG_1T (a total of 14 counterexamples found) 
%% Found hypothesis: [83] 2 
%%  :- supported(V1); not in(V1). 
%%%%%%%%%%%%%%%%%%%%%%%%%%%%%%%%%%%%%%%%%%%%%%%%%%%%%%%%%%%%%%%%%%%%%%%%%%%%%%%%
%%                                Iteration 4                                 %%
%%%%%%%%%%%%%%%%%%%%%%%%%%%%%%%%%%%%%%%%%%%%%%%%%%%%%%%%%%%%%%%%%%%%%%%%%%%%%%%%
%% Searching for counterexample... 
%% Found positive counterexample: aaf_5_16_EMPTYPOS_T (a total of 21 counterexamples found) 
%% Found hypothesis: [63] 2 
%%  :- out(V1); not not_defended(V1). 
%%%%%%%%%%%%%%%%%%%%%%%%%%%%%%%%%%%%%%%%%%%%%%%%%%%%%%%%%%%%%%%%%%%%%%%%%%%%%%%%
%%                                Iteration 5                                 %%
%%%%%%%%%%%%%%%%%%%%%%%%%%%%%%%%%%%%%%%%%%%%%%%%%%%%%%%%%%%%%%%%%%%%%%%%%%%%%%%%
%% Searching for counterexample... 
%% Found negative counterexample: aaf_5_41_PRF_NEG_1T (a total of 3 counterexamples found) 
%% Found hypothesis: [8, 63] 4 
%% out(V1) :- defeated(V1). 
%%  :- out(V1); not not_defended(V1). 
%%%%%%%%%%%%%%%%%%%%%%%%%%%%%%%%%%%%%%%%%%%%%%%%%%%%%%%%%%%%%%%%%%%%%%%%%%%%%%%%
%%                                Iteration 6                                 %%
%%%%%%%%%%%%%%%%%%%%%%%%%%%%%%%%%%%%%%%%%%%%%%%%%%%%%%%%%%%%%%%%%%%%%%%%%%%%%%%%
%% Searching for counterexample... 
%% Found negative counterexample: aaf_7_90_PRF_NEG_1T (a total of 1 counterexamples found) 
%% Found hypothesis: [63, 115] 4 
%%  :- out(V1); not not_defended(V1). 
%%  :- not_defended(V1); not out(V1). 
%%%%%%%%%%%%%%%%%%%%%%%%%%%%%%%%%%%%%%%%%%%%%%%%%%%%%%%%%%%%%%%%%%%%%%%%%%%%%%%%
%%                                Iteration 7                                 %%
%%%%%%%%%%%%%%%%%%%%%%%%%%%%%%%%%%%%%%%%%%%%%%%%%%%%%%%%%%%%%%%%%%%%%%%%%%%%%%%%
%% Searching for counterexample... 
%% Found negative counterexample: aaf_5_79_PRF_NEG_4T (a total of 1 counterexamples found) 
%% Found hypothesis: [63, 533] 5 
%%  :- out(V1); not not_defended(V1). 
%%  :- att(V1,V2); not out(V2); not att(V2,V1). 
%%%%%%%%%%%%%%%%%%%%%%%%%%%%%%%%%%%%%%%%%%%%%%%%%%%%%%%%%%%%%%%%%%%%%%%%%%%%%%%%
%%                                Iteration 8                                 %%
%%%%%%%%%%%%%%%%%%%%%%%%%%%%%%%%%%%%%%%%%%%%%%%%%%%%%%%%%%%%%%%%%%%%%%%%%%%%%%%%
%% Searching for counterexample... 
%% Found positive counterexample: aaf_4_77_PRF_POS_1T (a total of 10 counterexamples found) 
%% Found hypothesis: [100, 857] 5 
%%  :- in(V1); not supported(V1). 
%%  :- in(V2); out(V1); supported(V1). 
%%%%%%%%%%%%%%%%%%%%%%%%%%%%%%%%%%%%%%%%%%%%%%%%%%%%%%%%%%%%%%%%%%%%%%%%%%%%%%%%
%%                                Iteration 9                                 %%
%%%%%%%%%%%%%%%%%%%%%%%%%%%%%%%%%%%%%%%%%%%%%%%%%%%%%%%%%%%%%%%%%%%%%%%%%%%%%%%%
%% Searching for counterexample... 
%% Found positive counterexample: aaf_8_82_PRF_POS_1T (a total of 2 counterexamples found) 
%% Found hypothesis: [63, 100, 105] 6 
%%  :- out(V1); not not_defended(V1). 
%%  :- in(V1); not supported(V1). 
%%  :- in(V1); not_defended(V1). 
%%%%%%%%%%%%%%%%%%%%%%%%%%%%%%%%%%%%%%%%%%%%%%%%%%%%%%%%%%%%%%%%%%%%%%%%%%%%%%%%
%%                                Iteration 10                                %%
%%%%%%%%%%%%%%%%%%%%%%%%%%%%%%%%%%%%%%%%%%%%%%%%%%%%%%%%%%%%%%%%%%%%%%%%%%%%%%%%
%% Searching for counterexample... 
%%  
%%  
%% Final Hypothesis: 
%%  
 :- out(V1); not not_defended(V1).
 :- in(V1); not supported(V1).
 :- in(V1); not_defended(V1).

%%%%%%%%%%%%%%%%%%%%%%%%%%%%%%%%%%%%%%%%%%%%%%%%%%%%%%%%%%%%%%%%%%%%%%%%%%%%%%%%
%% Pre-processing                          : 0.011s
%% Hypothesis Space Generation             : 0.174s
%% Conflict analysis                       : 5.095s
%%   - Negative Examples                   : 0.878s
%%   - Positive Examples                   : 4.217s
%% Counterexample search                   : 0.095s
%%   - CDOEs                               : 0s
%%   - CDPIs                               : 0.093s
%% Hypothesis Search                       : 3.077s
%% Total                                   : 8.522s
%%%%%%%%%%%%%%%%%%%%%%%%%%%%%%%%%%%%%%%%%%%%%%%%%%%%%%%%%%%%%%%%%%%%%%%%%%%%%%%%
domRec ignored: No domain atoms found.
domRec ignored: No domain atoms found.
domRec ignored: No domain atoms found.
domRec ignored: No domain atoms found.
domRec ignored: No domain atoms found.
domRec ignored: No domain atoms found.
domRec ignored: No domain atoms found.
domRec ignored: No domain atoms found.
domRec ignored: No domain atoms found.
domRec ignored: No domain atoms found.
domRec ignored: No domain atoms found.
domRec ignored: No domain atoms found.
domRec ignored: No domain atoms found.
domRec ignored: No domain atoms found.
domRec ignored: No domain atoms found.
domRec ignored: No domain atoms found.
domRec ignored: No domain atoms found.
domRec ignored: No domain atoms found.
domRec ignored: No domain atoms found.
domRec ignored: No domain atoms found.
domRec ignored: No domain atoms found.
domRec ignored: No domain atoms found.
domRec ignored: No domain atoms found.
domRec ignored: No domain atoms found.
domRec ignored: No domain atoms found.
domRec ignored: No domain atoms found.
domRec ignored: No domain atoms found.
domRec ignored: No domain atoms found.
domRec ignored: No domain atoms found.
domRec ignored: No domain atoms found.
domRec ignored: No domain atoms found.
domRec ignored: No domain atoms found.
domRec ignored: No domain atoms found.
domRec ignored: No domain atoms found.
domRec ignored: No domain atoms found.
domRec ignored: No domain atoms found.
domRec ignored: No domain atoms found.
domRec ignored: No domain atoms found.
domRec ignored: No domain atoms found.
domRec ignored: No domain atoms found.
domRec ignored: No domain atoms found.
domRec ignored: No domain atoms found.
domRec ignored: No domain atoms found.
domRec ignored: No domain atoms found.
domRec ignored: No domain atoms found.
domRec ignored: No domain atoms found.
domRec ignored: No domain atoms found.
domRec ignored: No domain atoms found.
domRec ignored: No domain atoms found.
domRec ignored: No domain atoms found.
domRec ignored: No domain atoms found.
domRec ignored: No domain atoms found.
domRec ignored: No domain atoms found.
domRec ignored: No domain atoms found.
domRec ignored: No domain atoms found.
domRec ignored: No domain atoms found.
domRec ignored: No domain atoms found.
domRec ignored: No domain atoms found.
domRec ignored: No domain atoms found.
domRec ignored: No domain atoms found.
domRec ignored: No domain atoms found.
domRec ignored: No domain atoms found.
domRec ignored: No domain atoms found.
domRec ignored: No domain atoms found.
domRec ignored: No domain atoms found.
domRec ignored: No domain atoms found.
domRec ignored: No domain atoms found.
domRec ignored: No domain atoms found.
domRec ignored: No domain atoms found.
domRec ignored: No domain atoms found.
domRec ignored: No domain atoms found.
domRec ignored: No domain atoms found.
domRec ignored: No domain atoms found.
domRec ignored: No domain atoms found.
domRec ignored: No domain atoms found.
domRec ignored: No domain atoms found.
domRec ignored: No domain atoms found.
domRec ignored: No domain atoms found.
domRec ignored: No domain atoms found.
{"tag": "cmpc_f20_fold2", "train_seconds": 8.54, "timed_out": false, "exit_code": 0, "succeeded": true, "forced_nontotal_pos": ["aaf_8_82_PRF_POS_1.lp", "aaf_8_87_PRF_POS_1.lp"], "theory": [":- out(V1); not not_defended(V1).", ":- in(V1); not supported(V1).", ":- in(V1); not_defended(V1)."], "tp": 30, "fp": 0, "tn": 30, "fn": 0, "mcc": 1.0, "mismatches": [], "bare_aaf_exact_preferred_recovery": "25/25", "incoherent_heldout_exact": "7/7", "nontotal_pos_test": []}
%%%%%%%%%%%%%%%%%%%%%%%%%%%%%%%%%%%%%%%%%%%%%%%%%%%%%%%%%%%%%%%%%%%%%%%%%%%%%%%%
%%                                Iteration 1                                 %%
%%%%%%%%%%%%%%%%%%%%%%%%%%%%%%%%%%%%%%%%%%%%%%%%%%%%%%%%%%%%%%%%%%%%%%%%%%%%%%%%
%% Searching for counterexample... 
%% Found negative counterexample: aaf_4_13_PRF_NEG_1T (a total of 20 counterexamples found) 
%% Found hypothesis: [3] 1 
%%  :- in(V1). 
%%%%%%%%%%%%%%%%%%%%%%%%%%%%%%%%%%%%%%%%%%%%%%%%%%%%%%%%%%%%%%%%%%%%%%%%%%%%%%%%
%%                                Iteration 2                                 %%
%%%%%%%%%%%%%%%%%%%%%%%%%%%%%%%%%%%%%%%%%%%%%%%%%%%%%%%%%%%%%%%%%%%%%%%%%%%%%%%%
%% Searching for counterexample... 
%% Found positive counterexample: aaf_4_32_PRF_POS_2T (a total of 21 counterexamples found) 
%% Found hypothesis: [100] 2 
%%  :- in(V1); not supported(V1). 
%%%%%%%%%%%%%%%%%%%%%%%%%%%%%%%%%%%%%%%%%%%%%%%%%%%%%%%%%%%%%%%%%%%%%%%%%%%%%%%%
%%                                Iteration 3                                 %%
%%%%%%%%%%%%%%%%%%%%%%%%%%%%%%%%%%%%%%%%%%%%%%%%%%%%%%%%%%%%%%%%%%%%%%%%%%%%%%%%
%% Searching for counterexample... 
%% Found negative counterexample: aaf_4_93_PRF_NEG_1T (a total of 3 counterexamples found) 
%% Found hypothesis: [191] 3 
%% out(V1) :- att(V2,V1); not att(V1,V2). 
%%%%%%%%%%%%%%%%%%%%%%%%%%%%%%%%%%%%%%%%%%%%%%%%%%%%%%%%%%%%%%%%%%%%%%%%%%%%%%%%
%%                                Iteration 4                                 %%
%%%%%%%%%%%%%%%%%%%%%%%%%%%%%%%%%%%%%%%%%%%%%%%%%%%%%%%%%%%%%%%%%%%%%%%%%%%%%%%%
%% Searching for counterexample... 
%% Found negative counterexample: aaf_4_28_PRF_NEG_3T (a total of 7 counterexamples found) 
%% Found hypothesis: [760] 3 
%%  :- att(V1,V2); not out(V2); not not_defended(V1). 
%%%%%%%%%%%%%%%%%%%%%%%%%%%%%%%%%%%%%%%%%%%%%%%%%%%%%%%%%%%%%%%%%%%%%%%%%%%%%%%%
%%                                Iteration 5                                 %%
%%%%%%%%%%%%%%%%%%%%%%%%%%%%%%%%%%%%%%%%%%%%%%%%%%%%%%%%%%%%%%%%%%%%%%%%%%%%%%%%
%% Searching for counterexample... 
%% Found negative counterexample: aaf_5_21_PRF_NEG_6T (a total of 2 counterexamples found) 
%% Found hypothesis: [8, 58] 4 
%% out(V1) :- defeated(V1). 
%%  :- out(V1); supported(V1). 
%%%%%%%%%%%%%%%%%%%%%%%%%%%%%%%%%%%%%%%%%%%%%%%%%%%%%%%%%%%%%%%%%%%%%%%%%%%%%%%%
%%                                Iteration 6                                 %%
%%%%%%%%%%%%%%%%%%%%%%%%%%%%%%%%%%%%%%%%%%%%%%%%%%%%%%%%%%%%%%%%%%%%%%%%%%%%%%%%
%% Searching for counterexample... 
%% Found positive counterexample: aaf_5_16_EMPTYPOS_T (a total of 9 counterexamples found) 
%% Found hypothesis: [8, 63] 4 
%% out(V1) :- defeated(V1). 
%%  :- out(V1); not not_defended(V1). 
%%%%%%%%%%%%%%%%%%%%%%%%%%%%%%%%%%%%%%%%%%%%%%%%%%%%%%%%%%%%%%%%%%%%%%%%%%%%%%%%
%%                                Iteration 7                                 %%
%%%%%%%%%%%%%%%%%%%%%%%%%%%%%%%%%%%%%%%%%%%%%%%%%%%%%%%%%%%%%%%%%%%%%%%%%%%%%%%%
%% Searching for counterexample... 
%%  
%%  
%% Final Hypothesis: 
%%  
out(V1) :- defeated(V1).
 :- out(V1); not not_defended(V1).

%%%%%%%%%%%%%%%%%%%%%%%%%%%%%%%%%%%%%%%%%%%%%%%%%%%%%%%%%%%%%%%%%%%%%%%%%%%%%%%%
%% Pre-processing                          : 0.011s
%% Hypothesis Space Generation             : 0.175s
%% Conflict analysis                       : 2.188s
%%   - Negative Examples                   : 0.704s
%%   - Positive Examples                   : 1.484s
%% Counterexample search                   : 0.064s
%%   - CDOEs                               : 0s
%%   - CDPIs                               : 0.063s
%% Hypothesis Search                       : 1.208s
%% Total                                   : 3.717s
%%%%%%%%%%%%%%%%%%%%%%%%%%%%%%%%%%%%%%%%%%%%%%%%%%%%%%%%%%%%%%%%%%%%%%%%%%%%%%%%
domRec ignored: No domain atoms found.
domRec ignored: No domain atoms found.
domRec ignored: No domain atoms found.
domRec ignored: No domain atoms found.
domRec ignored: No domain atoms found.
domRec ignored: No domain atoms found.
domRec ignored: No domain atoms found.
domRec ignored: No domain atoms found.
domRec ignored: No domain atoms found.
domRec ignored: No domain atoms found.
domRec ignored: No domain atoms found.
domRec ignored: No domain atoms found.
domRec ignored: No domain atoms found.
domRec ignored: No domain atoms found.
domRec ignored: No domain atoms found.
domRec ignored: No domain atoms found.
domRec ignored: No domain atoms found.
domRec ignored: No domain atoms found.
domRec ignored: No domain atoms found.
domRec ignored: No domain atoms found.
domRec ignored: No domain atoms found.
domRec ignored: No domain atoms found.
domRec ignored: No domain atoms found.
domRec ignored: No domain atoms found.
domRec ignored: No domain atoms found.
domRec ignored: No domain atoms found.
domRec ignored: No domain atoms found.
domRec ignored: No domain atoms found.
domRec ignored: No domain atoms found.
domRec ignored: No domain atoms found.
domRec ignored: No domain atoms found.
domRec ignored: No domain atoms found.
domRec ignored: No domain atoms found.
domRec ignored: No domain atoms found.
domRec ignored: No domain atoms found.
domRec ignored: No domain atoms found.
domRec ignored: No domain atoms found.
domRec ignored: No domain atoms found.
domRec ignored: No domain atoms found.
domRec ignored: No domain atoms found.
domRec ignored: No domain atoms found.
domRec ignored: No domain atoms found.
domRec ignored: No domain atoms found.
domRec ignored: No domain atoms found.
domRec ignored: No domain atoms found.
domRec ignored: No domain atoms found.
domRec ignored: No domain atoms found.
domRec ignored: No domain atoms found.
domRec ignored: No domain atoms found.
domRec ignored: No domain atoms found.
domRec ignored: No domain atoms found.
domRec ignored: No domain atoms found.
domRec ignored: No domain atoms found.
domRec ignored: No domain atoms found.
domRec ignored: No domain atoms found.
domRec ignored: No domain atoms found.
domRec ignored: No domain atoms found.
domRec ignored: No domain atoms found.
domRec ignored: No domain atoms found.
domRec ignored: No domain atoms found.
domRec ignored: No domain atoms found.
domRec ignored: No domain atoms found.
domRec ignored: No domain atoms found.
domRec ignored: No domain atoms found.
domRec ignored: No domain atoms found.
domRec ignored: No domain atoms found.
domRec ignored: No domain atoms found.
domRec ignored: No domain atoms found.
domRec ignored: No domain atoms found.
domRec ignored: No domain atoms found.
domRec ignored: No domain atoms found.
domRec ignored: No domain atoms found.
domRec ignored: No domain atoms found.
domRec ignored: No domain atoms found.
{"tag": "cmpc_f20_fold3", "train_seconds": 3.73, "timed_out": false, "exit_code": 0, "succeeded": true, "forced_nontotal_pos": ["aaf_8_87_PRF_POS_1.lp"], "theory": ["out(V1) :- defeated(V1).", ":- out(V1); not not_defended(V1)."], "tp": 30, "fp": 2, "tn": 28, "fn": 0, "mcc": 0.9354, "mismatches": ["aaf_6_10_PRF_NEG_1.lp", "aaf_7_53_PRF_NEG_4.lp"], "bare_aaf_exact_preferred_recovery": "21/25", "incoherent_heldout_exact": "0/7", "nontotal_pos_test": []}
%%%%%%%%%%%%%%%%%%%%%%%%%%%%%%%%%%%%%%%%%%%%%%%%%%%%%%%%%%%%%%%%%%%%%%%%%%%%%%%%
%%                                Iteration 1                                 %%
%%%%%%%%%%%%%%%%%%%%%%%%%%%%%%%%%%%%%%%%%%%%%%%%%%%%%%%%%%%%%%%%%%%%%%%%%%%%%%%%
%% Searching for counterexample... 
%% Found negative counterexample: aaf_4_61_PRF_NEG_4T (a total of 20 counterexamples found) 
%% Found hypothesis: [0] 1 
%%  :- not_defended(V1). 
%%%%%%%%%%%%%%%%%%%%%%%%%%%%%%%%%%%%%%%%%%%%%%%%%%%%%%%%%%%%%%%%%%%%%%%%%%%%%%%%
%%                                Iteration 2                                 %%
%%%%%%%%%%%%%%%%%%%%%%%%%%%%%%%%%%%%%%%%%%%%%%%%%%%%%%%%%%%%%%%%%%%%%%%%%%%%%%%%
%% Searching for counterexample... 
%% Found positive counterexample: aaf_4_33_PRF_POS_1T (a total of 36 counterexamples found) 
%% Found hypothesis: [83] 2 
%%  :- supported(V1); not in(V1). 
%%%%%%%%%%%%%%%%%%%%%%%%%%%%%%%%%%%%%%%%%%%%%%%%%%%%%%%%%%%%%%%%%%%%%%%%%%%%%%%%
%%                                Iteration 3                                 %%
%%%%%%%%%%%%%%%%%%%%%%%%%%%%%%%%%%%%%%%%%%%%%%%%%%%%%%%%%%%%%%%%%%%%%%%%%%%%%%%%
%% Searching for counterexample... 
%% Found negative counterexample: aaf_4_66_PRF_NEG_6T (a total of 17 counterexamples found) 
%% Found hypothesis: [105, 113] 4 
%%  :- in(V1); not_defended(V1). 
%%  :- not_defended(V1); not defeated(V1). 
%%%%%%%%%%%%%%%%%%%%%%%%%%%%%%%%%%%%%%%%%%%%%%%%%%%%%%%%%%%%%%%%%%%%%%%%%%%%%%%%
%%                                Iteration 4                                 %%
%%%%%%%%%%%%%%%%%%%%%%%%%%%%%%%%%%%%%%%%%%%%%%%%%%%%%%%%%%%%%%%%%%%%%%%%%%%%%%%%
%% Searching for counterexample... 
%% Found positive counterexample: aaf_5_16_EMPTYPOS_T (a total of 18 counterexamples found) 
%% Found hypothesis: [63, 107] 4 
%%  :- out(V1); not not_defended(V1). 
%% out(V1) :- not_defended(V1). 
%%%%%%%%%%%%%%%%%%%%%%%%%%%%%%%%%%%%%%%%%%%%%%%%%%%%%%%%%%%%%%%%%%%%%%%%%%%%%%%%
%%                                Iteration 5                                 %%
%%%%%%%%%%%%%%%%%%%%%%%%%%%%%%%%%%%%%%%%%%%%%%%%%%%%%%%%%%%%%%%%%%%%%%%%%%%%%%%%
%% Searching for counterexample... 
%% Found negative counterexample: aaf_6_6_PRF_NEG_1T (a total of 2 counterexamples found) 
%% Found hypothesis: [8, 63] 4 
%% out(V1) :- defeated(V1). 
%%  :- out(V1); not not_defended(V1). 
%%%%%%%%%%%%%%%%%%%%%%%%%%%%%%%%%%%%%%%%%%%%%%%%%%%%%%%%%%%%%%%%%%%%%%%%%%%%%%%%
%%                                Iteration 6                                 %%
%%%%%%%%%%%%%%%%%%%%%%%%%%%%%%%%%%%%%%%%%%%%%%%%%%%%%%%%%%%%%%%%%%%%%%%%%%%%%%%%
%% Searching for counterexample... 
%%  
%%  
%% Final Hypothesis: 
%%  
out(V1) :- defeated(V1).
 :- out(V1); not not_defended(V1).

%%%%%%%%%%%%%%%%%%%%%%%%%%%%%%%%%%%%%%%%%%%%%%%%%%%%%%%%%%%%%%%%%%%%%%%%%%%%%%%%
%% Pre-processing                          : 0.011s
%% Hypothesis Space Generation             : 0.176s
%% Conflict analysis                       : 2.038s
%%   - Negative Examples                   : 0.578s
%%   - Positive Examples                   : 1.46s
%% Counterexample search                   : 0.06s
%%   - CDOEs                               : 0s
%%   - CDPIs                               : 0.059s
%% Hypothesis Search                       : 1.239s
%% Total                                   : 3.583s
%%%%%%%%%%%%%%%%%%%%%%%%%%%%%%%%%%%%%%%%%%%%%%%%%%%%%%%%%%%%%%%%%%%%%%%%%%%%%%%%
domRec ignored: No domain atoms found.
domRec ignored: No domain atoms found.
domRec ignored: No domain atoms found.
domRec ignored: No domain atoms found.
domRec ignored: No domain atoms found.
domRec ignored: No domain atoms found.
domRec ignored: No domain atoms found.
domRec ignored: No domain atoms found.
domRec ignored: No domain atoms found.
domRec ignored: No domain atoms found.
domRec ignored: No domain atoms found.
domRec ignored: No domain atoms found.
domRec ignored: No domain atoms found.
domRec ignored: No domain atoms found.
domRec ignored: No domain atoms found.
domRec ignored: No domain atoms found.
domRec ignored: No domain atoms found.
domRec ignored: No domain atoms found.
domRec ignored: No domain atoms found.
domRec ignored: No domain atoms found.
domRec ignored: No domain atoms found.
domRec ignored: No domain atoms found.
domRec ignored: No domain atoms found.
domRec ignored: No domain atoms found.
domRec ignored: No domain atoms found.
domRec ignored: No domain atoms found.
domRec ignored: No domain atoms found.
domRec ignored: No domain atoms found.
domRec ignored: No domain atoms found.
domRec ignored: No domain atoms found.
domRec ignored: No domain atoms found.
domRec ignored: No domain atoms found.
domRec ignored: No domain atoms found.
domRec ignored: No domain atoms found.
domRec ignored: No domain atoms found.
domRec ignored: No domain atoms found.
domRec ignored: No domain atoms found.
domRec ignored: No domain atoms found.
domRec ignored: No domain atoms found.
domRec ignored: No domain atoms found.
domRec ignored: No domain atoms found.
domRec ignored: No domain atoms found.
domRec ignored: No domain atoms found.
domRec ignored: No domain atoms found.
domRec ignored: No domain atoms found.
domRec ignored: No domain atoms found.
domRec ignored: No domain atoms found.
domRec ignored: No domain atoms found.
domRec ignored: No domain atoms found.
domRec ignored: No domain atoms found.
domRec ignored: No domain atoms found.
domRec ignored: No domain atoms found.
domRec ignored: No domain atoms found.
domRec ignored: No domain atoms found.
domRec ignored: No domain atoms found.
domRec ignored: No domain atoms found.
domRec ignored: No domain atoms found.
domRec ignored: No domain atoms found.
domRec ignored: No domain atoms found.
domRec ignored: No domain atoms found.
domRec ignored: No domain atoms found.
domRec ignored: No domain atoms found.
domRec ignored: No domain atoms found.
domRec ignored: No domain atoms found.
domRec ignored: No domain atoms found.
domRec ignored: No domain atoms found.
domRec ignored: No domain atoms found.
domRec ignored: No domain atoms found.
domRec ignored: No domain atoms found.
domRec ignored: No domain atoms found.
domRec ignored: No domain atoms found.
domRec ignored: No domain atoms found.
domRec ignored: No domain atoms found.
domRec ignored: No domain atoms found.
domRec ignored: No domain atoms found.
domRec ignored: No domain atoms found.
{"tag": "cmpc_f20_fold4", "train_seconds": 3.6, "timed_out": false, "exit_code": 0, "succeeded": true, "forced_nontotal_pos": ["aaf_8_87_PRF_POS_1.lp"], "theory": ["out(V1) :- defeated(V1).", ":- out(V1); not not_defended(V1)."], "tp": 30, "fp": 1, "tn": 29, "fn": 0, "mcc": 0.9672, "mismatches": ["aaf_8_81_PRF_NEG_3.lp"], "bare_aaf_exact_preferred_recovery": "23/25", "incoherent_heldout_exact": "0/7", "nontotal_pos_test": [["aaf_8_82_PRF_POS_1.lp", true]]}
