%%%%%%%%%%%%%%%%%%%%%%%%%%%%%%%%%%%%%%%%%%%%%%%%%%%%%%%%%%%%%%%%%%%%%%%%%%%%%%%%
%%                                Iteration 1                                 %%
%%%%%%%%%%%%%%%%%%%%%%%%%%%%%%%%%%%%%%%%%%%%%%%%%%%%%%%%%%%%%%%%%%%%%%%%%%%%%%%%
%% Searching for counterexample... 
%% Found negative counterexample: aaf_4_43_PRF_NEG_1T (a total of 10 counterexamples found) 
%% Found hypothesis: [1] 1 
%%  :- arg(V1). 
%%%%%%%%%%%%%%%%%%%%%%%%%%%%%%%%%%%%%%%%%%%%%%%%%%%%%%%%%%%%%%%%%%%%%%%%%%%%%%%%
%%                                Iteration 2                                 %%
%%%%%%%%%%%%%%%%%%%%%%%%%%%%%%%%%%%%%%%%%%%%%%%%%%%%%%%%%%%%%%%%%%%%%%%%%%%%%%%%
%% Searching for counterexample... 
%% Found positive counterexample: aaf_4_1_PRF_POS_1T (a total of 10 counterexamples found) 
%% Found hypothesis: [100] 2 
%%  :- in(V1); not supported(V1). 
%%%%%%%%%%%%%%%%%%%%%%%%%%%%%%%%%%%%%%%%%%%%%%%%%%%%%%%%%%%%%%%%%%%%%%%%%%%%%%%%
%%                                Iteration 3                                 %%
%%%%%%%%%%%%%%%%%%%%%%%%%%%%%%%%%%%%%%%%%%%%%%%%%%%%%%%%%%%%%%%%%%%%%%%%%%%%%%%%
%% Searching for counterexample... 
%% Found negative counterexample: aaf_4_65_PRF_NEG_5T (a total of 3 counterexamples found) 
%% Found hypothesis: [63] 2 
%%  :- out(V1); not not_defended(V1). 
%%%%%%%%%%%%%%%%%%%%%%%%%%%%%%%%%%%%%%%%%%%%%%%%%%%%%%%%%%%%%%%%%%%%%%%%%%%%%%%%
%%                                Iteration 4                                 %%
%%%%%%%%%%%%%%%%%%%%%%%%%%%%%%%%%%%%%%%%%%%%%%%%%%%%%%%%%%%%%%%%%%%%%%%%%%%%%%%%
%% Searching for counterexample... 
%% Found negative counterexample: aaf_4_63_PRF_NEG_2T (a total of 2 counterexamples found) 
%% Found hypothesis: [760] 3 
%%  :- att(V1,V2); not out(V2); not not_defended(V1). 
%%%%%%%%%%%%%%%%%%%%%%%%%%%%%%%%%%%%%%%%%%%%%%%%%%%%%%%%%%%%%%%%%%%%%%%%%%%%%%%%
%%                                Iteration 5                                 %%
%%%%%%%%%%%%%%%%%%%%%%%%%%%%%%%%%%%%%%%%%%%%%%%%%%%%%%%%%%%%%%%%%%%%%%%%%%%%%%%%
%% Searching for counterexample... 
%% Found negative counterexample: aaf_6_38_PRF_NEG_3T (a total of 1 counterexamples found) 
%% Found hypothesis: [520] 3 
%%  :- att(V1,V2); defeated(V1); not att(V2,V1). 
%%%%%%%%%%%%%%%%%%%%%%%%%%%%%%%%%%%%%%%%%%%%%%%%%%%%%%%%%%%%%%%%%%%%%%%%%%%%%%%%
%%                                Iteration 6                                 %%
%%%%%%%%%%%%%%%%%%%%%%%%%%%%%%%%%%%%%%%%%%%%%%%%%%%%%%%%%%%%%%%%%%%%%%%%%%%%%%%%
%% Searching for counterexample... 
%% Found positive counterexample: aaf_4_30_PRF_POS_1T (a total of 9 counterexamples found) 
%% Found hypothesis: [63, 115] 4 
%%  :- out(V1); not not_defended(V1). 
%%  :- not_defended(V1); not out(V1). 
%%%%%%%%%%%%%%%%%%%%%%%%%%%%%%%%%%%%%%%%%%%%%%%%%%%%%%%%%%%%%%%%%%%%%%%%%%%%%%%%
%%                                Iteration 7                                 %%
%%%%%%%%%%%%%%%%%%%%%%%%%%%%%%%%%%%%%%%%%%%%%%%%%%%%%%%%%%%%%%%%%%%%%%%%%%%%%%%%
%% Searching for counterexample... 
%%  
%%  
%% Final Hypothesis: 
%%  
 :- out(V1); not not_defended(V1).
 :- not_defended(V1); not out(V1).

%%%%%%%%%%%%%%%%%%%%%%%%%%%%%%%%%%%%%%%%%%%%%%%%%%%%%%%%%%%%%%%%%%%%%%%%%%%%%%%%
%% Pre-processing                          : 0.012s
%% Hypothesis Space Generation             : 0.182s
%% Conflict analysis                       : 2.207s
%%   - Negative Examples                   : 0.707s
%%   - Positive Examples                   : 1.5s
%% Counterexample search                   : 0.044s
%%   - CDOEs                               : 0s
%%   - CDPIs                               : 0.042s
%% Hypothesis Search                       : 1.127s
%% Total                                   : 3.626s
%%%%%%%%%%%%%%%%%%%%%%%%%%%%%%%%%%%%%%%%%%%%%%%%%%%%%%%%%%%%%%%%%%%%%%%%%%%%%%%%
domRec ignored: No domain atoms found.
domRec ignored: No domain atoms found.
domRec ignored: No domain atoms found.
domRec ignored: No domain atoms found.
domRec ignored: No domain atoms found.
domRec ignored: No domain atoms found.
domRec ignored: No domain atoms found.
domRec ignored: No domain atoms found.
domRec ignored: No domain atoms found.
domRec ignored: No domain atoms found.
domRec ignored: No domain atoms found.
domRec ignored: No domain atoms found.
domRec ignored: No domain atoms found.
domRec ignored: No domain atoms found.
domRec ignored: No domain atoms found.
domRec ignored: No domain atoms found.
domRec ignored: No domain atoms found.
domRec ignored: No domain atoms found.
domRec ignored: No domain atoms found.
domRec ignored: No domain atoms found.
domRec ignored: No domain atoms found.
domRec ignored: No domain atoms found.
domRec ignored: No domain atoms found.
domRec ignored: No domain atoms found.
domRec ignored: No domain atoms found.
domRec ignored: No domain atoms found.
domRec ignored: No domain atoms found.
domRec ignored: No domain atoms found.
domRec ignored: No domain atoms found.
domRec ignored: No domain atoms found.
domRec ignored: No domain atoms found.
domRec ignored: No domain atoms found.
domRec ignored: No domain atoms found.
domRec ignored: No domain atoms found.
domRec ignored: No domain atoms found.
domRec ignored: No domain atoms found.
domRec ignored: No domain atoms found.
domRec ignored: No domain atoms found.
domRec ignored: No domain atoms found.
domRec ignored: No domain atoms found.
domRec ignored: No domain atoms found.
domRec ignored: No domain atoms found.
domRec ignored: No domain atoms found.
domRec ignored: No domain atoms found.
domRec ignored: No domain atoms found.
domRec ignored: No domain atoms found.
domRec ignored: No domain atoms found.
domRec ignored: No domain atoms found.
domRec ignored: No domain atoms found.
domRec ignored: No domain atoms found.
domRec ignored: No domain atoms found.
domRec ignored: No domain atoms found.
domRec ignored: No domain atoms found.
domRec ignored: No domain atoms found.
domRec ignored: No domain atoms found.
domRec ignored: No domain atoms found.
domRec ignored: No domain atoms found.
domRec ignored: No domain atoms found.
domRec ignored: No domain atoms found.
domRec ignored: No domain atoms found.
domRec ignored: No domain atoms found.
domRec ignored: No domain atoms found.
domRec ignored: No domain atoms found.
domRec ignored: No domain atoms found.
domRec ignored: No domain atoms found.
domRec ignored: No domain atoms found.
domRec ignored: No domain atoms found.
domRec ignored: No domain atoms found.
domRec ignored: No domain atoms found.
{"tag": "cmp_f10_fold0", "train_seconds": 3.64, "timed_out": false, "exit_code": 0, "succeeded": true, "theory": [":- out(V1); not not_defended(V1).", ":- not_defended(V1); not out(V1)."], "tp": 30, "fp": 1, "tn": 29, "fn": 0, "mcc": 0.9672, "acc": 0.9833, "mismatches": ["aaf_5_88_PRF_NEG_6.lp"], "bare_aaf_exact_preferred_recovery": "8/25"}
%%%%%%%%%%%%%%%%%%%%%%%%%%%%%%%%%%%%%%%%%%%%%%%%%%%%%%%%%%%%%%%%%%%%%%%%%%%%%%%%
%%                                Iteration 1                                 %%
%%%%%%%%%%%%%%%%%%%%%%%%%%%%%%%%%%%%%%%%%%%%%%%%%%%%%%%%%%%%%%%%%%%%%%%%%%%%%%%%
%% Searching for counterexample... 
%% Found negative counterexample: aaf_4_14_PRF_NEG_1T (a total of 10 counterexamples found) 
%% Found hypothesis: [1] 1 
%%  :- arg(V1). 
%%%%%%%%%%%%%%%%%%%%%%%%%%%%%%%%%%%%%%%%%%%%%%%%%%%%%%%%%%%%%%%%%%%%%%%%%%%%%%%%
%%                                Iteration 2                                 %%
%%%%%%%%%%%%%%%%%%%%%%%%%%%%%%%%%%%%%%%%%%%%%%%%%%%%%%%%%%%%%%%%%%%%%%%%%%%%%%%%
%% Searching for counterexample... 
%% Found positive counterexample: aaf_5_13_PRF_POS_1T (a total of 10 counterexamples found) 
%% Found hypothesis: [100] 2 
%%  :- in(V1); not supported(V1). 
%%%%%%%%%%%%%%%%%%%%%%%%%%%%%%%%%%%%%%%%%%%%%%%%%%%%%%%%%%%%%%%%%%%%%%%%%%%%%%%%
%%                                Iteration 3                                 %%
%%%%%%%%%%%%%%%%%%%%%%%%%%%%%%%%%%%%%%%%%%%%%%%%%%%%%%%%%%%%%%%%%%%%%%%%%%%%%%%%
%% Searching for counterexample... 
%% Found negative counterexample: aaf_5_72_PRF_NEG_3T (a total of 3 counterexamples found) 
%% Found hypothesis: [533] 3 
%%  :- att(V1,V2); not out(V2); not att(V2,V1). 
%%%%%%%%%%%%%%%%%%%%%%%%%%%%%%%%%%%%%%%%%%%%%%%%%%%%%%%%%%%%%%%%%%%%%%%%%%%%%%%%
%%                                Iteration 4                                 %%
%%%%%%%%%%%%%%%%%%%%%%%%%%%%%%%%%%%%%%%%%%%%%%%%%%%%%%%%%%%%%%%%%%%%%%%%%%%%%%%%
%% Searching for counterexample... 
%% Found negative counterexample: aaf_4_30_PRF_NEG_6T (a total of 5 counterexamples found) 
%% Found hypothesis: [53, 63] 4 
%%  :- out(V1); not defeated(V1). 
%%  :- out(V1); not not_defended(V1). 
%%%%%%%%%%%%%%%%%%%%%%%%%%%%%%%%%%%%%%%%%%%%%%%%%%%%%%%%%%%%%%%%%%%%%%%%%%%%%%%%
%%                                Iteration 5                                 %%
%%%%%%%%%%%%%%%%%%%%%%%%%%%%%%%%%%%%%%%%%%%%%%%%%%%%%%%%%%%%%%%%%%%%%%%%%%%%%%%%
%% Searching for counterexample... 
%% Found negative counterexample: aaf_4_69_PRF_NEG_1T (a total of 1 counterexamples found) 
%% Found hypothesis: [63, 105] 4 
%%  :- out(V1); not not_defended(V1). 
%%  :- in(V1); not_defended(V1). 
%%%%%%%%%%%%%%%%%%%%%%%%%%%%%%%%%%%%%%%%%%%%%%%%%%%%%%%%%%%%%%%%%%%%%%%%%%%%%%%%
%%                                Iteration 6                                 %%
%%%%%%%%%%%%%%%%%%%%%%%%%%%%%%%%%%%%%%%%%%%%%%%%%%%%%%%%%%%%%%%%%%%%%%%%%%%%%%%%
%% Searching for counterexample... 
%%  
%%  
%% Final Hypothesis: 
%%  
 :- out(V1); not not_defended(V1).
 :- in(V1); not_defended(V1).

%%%%%%%%%%%%%%%%%%%%%%%%%%%%%%%%%%%%%%%%%%%%%%%%%%%%%%%%%%%%%%%%%%%%%%%%%%%%%%%%
%% Pre-processing                          : 0.012s
%% Hypothesis Space Generation             : 0.179s
%% Conflict analysis                       : 1.529s
%%   - Negative Examples                   : 0.735s
%%   - Positive Examples                   : 0.794s
%% Counterexample search                   : 0.042s
%%   - CDOEs                               : 0s
%%   - CDPIs                               : 0.042s
%% Hypothesis Search                       : 1.231s
%% Total                                   : 3.054s
%%%%%%%%%%%%%%%%%%%%%%%%%%%%%%%%%%%%%%%%%%%%%%%%%%%%%%%%%%%%%%%%%%%%%%%%%%%%%%%%
domRec ignored: No domain atoms found.
domRec ignored: No domain atoms found.
domRec ignored: No domain atoms found.
domRec ignored: No domain atoms found.
domRec ignored: No domain atoms found.
domRec ignored: No domain atoms found.
domRec ignored: No domain atoms found.
domRec ignored: No domain atoms found.
domRec ignored: No domain atoms found.
domRec ignored: No domain atoms found.
domRec ignored: No domain atoms found.
domRec ignored: No domain atoms found.
domRec ignored: No domain atoms found.
domRec ignored: No domain atoms found.
domRec ignored: No domain atoms found.
domRec ignored: No domain atoms found.
domRec ignored: No domain atoms found.
domRec ignored: No domain atoms found.
domRec ignored: No domain atoms found.
domRec ignored: No domain atoms found.
domRec ignored: No domain atoms found.
domRec ignored: No domain atoms found.
domRec ignored: No domain atoms found.
domRec ignored: No domain atoms found.
domRec ignored: No domain atoms found.
domRec ignored: No domain atoms found.
domRec ignored: No domain atoms found.
domRec ignored: No domain atoms found.
domRec ignored: No domain atoms found.
domRec ignored: No domain atoms found.
domRec ignored: No domain atoms found.
domRec ignored: No domain atoms found.
domRec ignored: No domain atoms found.
domRec ignored: No domain atoms found.
domRec ignored: No domain atoms found.
domRec ignored: No domain atoms found.
domRec ignored: No domain atoms found.
domRec ignored: No domain atoms found.
domRec ignored: No domain atoms found.
domRec ignored: No domain atoms found.
domRec ignored: No domain atoms found.
domRec ignored: No domain atoms found.
domRec ignored: No domain atoms found.
domRec ignored: No domain atoms found.
domRec ignored: No domain atoms found.
domRec ignored: No domain atoms found.
domRec ignored: No domain atoms found.
domRec ignored: No domain atoms found.
domRec ignored: No domain atoms found.
domRec ignored: No domain atoms found.
domRec ignored: No domain atoms found.
domRec ignored: No domain atoms found.
domRec ignored: No domain atoms found.
domRec ignored: No domain atoms found.
domRec ignored: No domain atoms found.
domRec ignored: No domain atoms found.
domRec ignored: No domain atoms found.
domRec ignored: No domain atoms found.
domRec ignored: No domain atoms found.
domRec ignored: No domain atoms found.
domRec ignored: No domain atoms found.
domRec ignored: No domain atoms found.
domRec ignored: No domain atoms found.
domRec ignored: No domain atoms found.
domRec ignored: No domain atoms found.
domRec ignored: No domain atoms found.
domRec ignored: No domain atoms found.
domRec ignored: No domain atoms found.
domRec ignored: No domain atoms found.
domRec ignored: No domain atoms found.
domRec ignored: No domain atoms found.
domRec ignored: No domain atoms found.
domRec ignored: No domain atoms found.
domRec ignored: No domain atoms found.
domRec ignored: No domain atoms found.
domRec ignored: No domain atoms found.
domRec ignored: No domain atoms found.
domRec ignored: No domain atoms found.
domRec ignored: No domain atoms found.
domRec ignored: No domain atoms found.
domRec ignored: No domain atoms found.
domRec ignored: No domain atoms found.
{"tag": "cmp_f10_fold1", "train_seconds": 3.07, "timed_out": false, "exit_code": 0, "succeeded": true, "theory": [":- out(V1); not not_defended(V1).", ":- in(V1); not_defended(V1)."], "tp": 30, "fp": 0, "tn": 30, "fn": 0, "mcc": 1.0, "acc": 1.0, "mismatches": [], "bare_aaf_exact_preferred_recovery": "11/25"}
%%%%%%%%%%%%%%%%%%%%%%%%%%%%%%%%%%%%%%%%%%%%%%%%%%%%%%%%%%%%%%%%%%%%%%%%%%%%%%%%
%%                                Iteration 1                                 %%
%%%%%%%%%%%%%%%%%%%%%%%%%%%%%%%%%%%%%%%%%%%%%%%%%%%%%%%%%%%%%%%%%%%%%%%%%%%%%%%%
%% Searching for counterexample... 
%% Found negative counterexample: aaf_4_18_PRF_NEG_5T (a total of 10 counterexamples found) 
%% Found hypothesis: [0] 1 
%%  :- not_defended(V1). 
%%%%%%%%%%%%%%%%%%%%%%%%%%%%%%%%%%%%%%%%%%%%%%%%%%%%%%%%%%%%%%%%%%%%%%%%%%%%%%%%
%%                                Iteration 2                                 %%
%%%%%%%%%%%%%%%%%%%%%%%%%%%%%%%%%%%%%%%%%%%%%%%%%%%%%%%%%%%%%%%%%%%%%%%%%%%%%%%%
%% Searching for counterexample... 
%% Found negative counterexample: aaf_4_54_PRF_NEG_3T (a total of 16 counterexamples found) 
%% Found hypothesis: [1] 1 
%%  :- arg(V1). 
%%%%%%%%%%%%%%%%%%%%%%%%%%%%%%%%%%%%%%%%%%%%%%%%%%%%%%%%%%%%%%%%%%%%%%%%%%%%%%%%
%%                                Iteration 3                                 %%
%%%%%%%%%%%%%%%%%%%%%%%%%%%%%%%%%%%%%%%%%%%%%%%%%%%%%%%%%%%%%%%%%%%%%%%%%%%%%%%%
%% Searching for counterexample... 
%% Found positive counterexample: aaf_5_53_PRF_POS_1T (a total of 10 counterexamples found) 
%% Found hypothesis: [63] 2 
%%  :- out(V1); not not_defended(V1). 
%%%%%%%%%%%%%%%%%%%%%%%%%%%%%%%%%%%%%%%%%%%%%%%%%%%%%%%%%%%%%%%%%%%%%%%%%%%%%%%%
%%                                Iteration 4                                 %%
%%%%%%%%%%%%%%%%%%%%%%%%%%%%%%%%%%%%%%%%%%%%%%%%%%%%%%%%%%%%%%%%%%%%%%%%%%%%%%%%
%% Searching for counterexample... 
%% Found negative counterexample: aaf_4_55_PRF_NEG_6T (a total of 2 counterexamples found) 
%% Found hypothesis: [8] 2 
%% out(V1) :- defeated(V1). 
%%%%%%%%%%%%%%%%%%%%%%%%%%%%%%%%%%%%%%%%%%%%%%%%%%%%%%%%%%%%%%%%%%%%%%%%%%%%%%%%
%%                                Iteration 5                                 %%
%%%%%%%%%%%%%%%%%%%%%%%%%%%%%%%%%%%%%%%%%%%%%%%%%%%%%%%%%%%%%%%%%%%%%%%%%%%%%%%%
%% Searching for counterexample... 
%% Found negative counterexample: aaf_4_91_PRF_NEG_2T (a total of 2 counterexamples found) 
%% Found hypothesis: [113, 116] 4 
%%  :- not_defended(V1); not defeated(V1). 
%%  :- in(V1); defeated(V1). 
%%%%%%%%%%%%%%%%%%%%%%%%%%%%%%%%%%%%%%%%%%%%%%%%%%%%%%%%%%%%%%%%%%%%%%%%%%%%%%%%
%%                                Iteration 6                                 %%
%%%%%%%%%%%%%%%%%%%%%%%%%%%%%%%%%%%%%%%%%%%%%%%%%%%%%%%%%%%%%%%%%%%%%%%%%%%%%%%%
%% Searching for counterexample... 
%%  
%%  
%% Final Hypothesis: 
%%  
 :- not_defended(V1); not defeated(V1).
 :- in(V1); defeated(V1).

%%%%%%%%%%%%%%%%%%%%%%%%%%%%%%%%%%%%%%%%%%%%%%%%%%%%%%%%%%%%%%%%%%%%%%%%%%%%%%%%
%% Pre-processing                          : 0.012s
%% Hypothesis Space Generation             : 0.179s
%% Conflict analysis                       : 1.544s
%%   - Negative Examples                   : 0.758s
%%   - Positive Examples                   : 0.786s
%% Counterexample search                   : 0.045s
%%   - CDOEs                               : 0s
%%   - CDPIs                               : 0.044s
%% Hypothesis Search                       : 1.355s
%% Total                                   : 3.195s
%%%%%%%%%%%%%%%%%%%%%%%%%%%%%%%%%%%%%%%%%%%%%%%%%%%%%%%%%%%%%%%%%%%%%%%%%%%%%%%%
domRec ignored: No domain atoms found.
domRec ignored: No domain atoms found.
domRec ignored: No domain atoms found.
domRec ignored: No domain atoms found.
domRec ignored: No domain atoms found.
domRec ignored: No domain atoms found.
domRec ignored: No domain atoms found.
domRec ignored: No domain atoms found.
domRec ignored: No domain atoms found.
domRec ignored: No domain atoms found.
domRec ignored: No domain atoms found.
domRec ignored: No domain atoms found.
domRec ignored: No domain atoms found.
domRec ignored: No domain atoms found.
domRec ignored: No domain atoms found.
domRec ignored: No domain atoms found.
domRec ignored: No domain atoms found.
domRec ignored: No domain atoms found.
domRec ignored: No domain atoms found.
domRec ignored: No domain atoms found.
domRec ignored: No domain atoms found.
domRec ignored: No domain atoms found.
domRec ignored: No domain atoms found.
domRec ignored: No domain atoms found.
domRec ignored: No domain atoms found.
domRec ignored: No domain atoms found.
domRec ignored: No domain atoms found.
domRec ignored: No domain atoms found.
domRec ignored: No domain atoms found.
domRec ignored: No domain atoms found.
domRec ignored: No domain atoms found.
domRec ignored: No domain atoms found.
domRec ignored: No domain atoms found.
domRec ignored: No domain atoms found.
domRec ignored: No domain atoms found.
domRec ignored: No domain atoms found.
domRec ignored: No domain atoms found.
domRec ignored: No domain atoms found.
domRec ignored: No domain atoms found.
domRec ignored: No domain atoms found.
domRec ignored: No domain atoms found.
domRec ignored: No domain atoms found.
domRec ignored: No domain atoms found.
domRec ignored: No domain atoms found.
domRec ignored: No domain atoms found.
domRec ignored: No domain atoms found.
domRec ignored: No domain atoms found.
domRec ignored: No domain atoms found.
domRec ignored: No domain atoms found.
domRec ignored: No domain atoms found.
domRec ignored: No domain atoms found.
domRec ignored: No domain atoms found.
domRec ignored: No domain atoms found.
domRec ignored: No domain atoms found.
domRec ignored: No domain atoms found.
domRec ignored: No domain atoms found.
domRec ignored: No domain atoms found.
domRec ignored: No domain atoms found.
domRec ignored: No domain atoms found.
domRec ignored: No domain atoms found.
domRec ignored: No domain atoms found.
domRec ignored: No domain atoms found.
domRec ignored: No domain atoms found.
domRec ignored: No domain atoms found.
domRec ignored: No domain atoms found.
domRec ignored: No domain atoms found.
domRec ignored: No domain atoms found.
domRec ignored: No domain atoms found.
domRec ignored: No domain atoms found.
domRec ignored: No domain atoms found.
domRec ignored: No domain atoms found.
domRec ignored: No domain atoms found.
domRec ignored: No domain atoms found.
domRec ignored: No domain atoms found.
domRec ignored: No domain atoms found.
{"tag": "cmp_f10_fold2", "train_seconds": 3.21, "timed_out": false, "exit_code": 0, "succeeded": true, "theory": [":- not_defended(V1); not defeated(V1).", ":- in(V1); defeated(V1)."], "tp": 30, "fp": 2, "tn": 28, "fn": 0, "mcc": 0.9354, "acc": 0.9667, "mismatches": ["aaf_7_73_PRF_NEG_3.lp", "aaf_8_33_PRF_NEG_4.lp"], "bare_aaf_exact_preferred_recovery": "25/25"}
%%%%%%%%%%%%%%%%%%%%%%%%%%%%%%%%%%%%%%%%%%%%%%%%%%%%%%%%%%%%%%%%%%%%%%%%%%%%%%%%
%%                                Iteration 1                                 %%
%%%%%%%%%%%%%%%%%%%%%%%%%%%%%%%%%%%%%%%%%%%%%%%%%%%%%%%%%%%%%%%%%%%%%%%%%%%%%%%%
%% Searching for counterexample... 
%% Found negative counterexample: aaf_4_20_PRF_NEG_1T (a total of 10 counterexamples found) 
%% Found hypothesis: [0] 1 
%%  :- not_defended(V1). 
%%%%%%%%%%%%%%%%%%%%%%%%%%%%%%%%%%%%%%%%%%%%%%%%%%%%%%%%%%%%%%%%%%%%%%%%%%%%%%%%
%%                                Iteration 2                                 %%
%%%%%%%%%%%%%%%%%%%%%%%%%%%%%%%%%%%%%%%%%%%%%%%%%%%%%%%%%%%%%%%%%%%%%%%%%%%%%%%%
%% Searching for counterexample... 
%% Found positive counterexample: aaf_4_58_PRF_POS_1T (a total of 12 counterexamples found) 
%% Found hypothesis: [115] 2 
%%  :- not_defended(V1); not out(V1). 
%%%%%%%%%%%%%%%%%%%%%%%%%%%%%%%%%%%%%%%%%%%%%%%%%%%%%%%%%%%%%%%%%%%%%%%%%%%%%%%%
%%                                Iteration 3                                 %%
%%%%%%%%%%%%%%%%%%%%%%%%%%%%%%%%%%%%%%%%%%%%%%%%%%%%%%%%%%%%%%%%%%%%%%%%%%%%%%%%
%% Searching for counterexample... 
%% Found negative counterexample: aaf_6_28_PRF_NEG_1T (a total of 2 counterexamples found) 
%% Found hypothesis: [100] 2 
%%  :- in(V1); not supported(V1). 
%%%%%%%%%%%%%%%%%%%%%%%%%%%%%%%%%%%%%%%%%%%%%%%%%%%%%%%%%%%%%%%%%%%%%%%%%%%%%%%%
%%                                Iteration 4                                 %%
%%%%%%%%%%%%%%%%%%%%%%%%%%%%%%%%%%%%%%%%%%%%%%%%%%%%%%%%%%%%%%%%%%%%%%%%%%%%%%%%
%% Searching for counterexample... 
%% Found negative counterexample: aaf_5_29_PRF_NEG_1T (a total of 1 counterexamples found) 
%% Found hypothesis: [63] 2 
%%  :- out(V1); not not_defended(V1). 
%%%%%%%%%%%%%%%%%%%%%%%%%%%%%%%%%%%%%%%%%%%%%%%%%%%%%%%%%%%%%%%%%%%%%%%%%%%%%%%%
%%                                Iteration 5                                 %%
%%%%%%%%%%%%%%%%%%%%%%%%%%%%%%%%%%%%%%%%%%%%%%%%%%%%%%%%%%%%%%%%%%%%%%%%%%%%%%%%
%% Searching for counterexample... 
%% Found negative counterexample: aaf_5_61_PRF_NEG_4T (a total of 4 counterexamples found) 
%% Found hypothesis: [1144] 3 
%%  :- in(V2); out(V1); not att(V1,V2). 
%%%%%%%%%%%%%%%%%%%%%%%%%%%%%%%%%%%%%%%%%%%%%%%%%%%%%%%%%%%%%%%%%%%%%%%%%%%%%%%%
%%                                Iteration 6                                 %%
%%%%%%%%%%%%%%%%%%%%%%%%%%%%%%%%%%%%%%%%%%%%%%%%%%%%%%%%%%%%%%%%%%%%%%%%%%%%%%%%
%% Searching for counterexample... 
%% Found positive counterexample: aaf_5_15_PRF_POS_1T (a total of 9 counterexamples found) 
%% Found hypothesis: [453] 3 
%%  :- in(V2); att(V1,V2); not not_defended(V1). 
%%%%%%%%%%%%%%%%%%%%%%%%%%%%%%%%%%%%%%%%%%%%%%%%%%%%%%%%%%%%%%%%%%%%%%%%%%%%%%%%
%%                                Iteration 7                                 %%
%%%%%%%%%%%%%%%%%%%%%%%%%%%%%%%%%%%%%%%%%%%%%%%%%%%%%%%%%%%%%%%%%%%%%%%%%%%%%%%%
%% Searching for counterexample... 
%%  
%%  
%% Final Hypothesis: 
%%  
 :- in(V2); att(V1,V2); not not_defended(V1).

%%%%%%%%%%%%%%%%%%%%%%%%%%%%%%%%%%%%%%%%%%%%%%%%%%%%%%%%%%%%%%%%%%%%%%%%%%%%%%%%
%% Pre-processing                          : 0.012s
%% Hypothesis Space Generation             : 0.182s
%% Conflict analysis                       : 2.291s
%%   - Negative Examples                   : 0.719s
%%   - Positive Examples                   : 1.572s
%% Counterexample search                   : 0.042s
%%   - CDOEs                               : 0s
%%   - CDPIs                               : 0.042s
%% Hypothesis Search                       : 1.402s
%% Total                                   : 3.991s
%%%%%%%%%%%%%%%%%%%%%%%%%%%%%%%%%%%%%%%%%%%%%%%%%%%%%%%%%%%%%%%%%%%%%%%%%%%%%%%%
domRec ignored: No domain atoms found.
domRec ignored: No domain atoms found.
domRec ignored: No domain atoms found.
domRec ignored: No domain atoms found.
domRec ignored: No domain atoms found.
domRec ignored: No domain atoms found.
domRec ignored: No domain atoms found.
domRec ignored: No domain atoms found.
domRec ignored: No domain atoms found.
domRec ignored: No domain atoms found.
domRec ignored: No domain atoms found.
domRec ignored: No domain atoms found.
domRec ignored: No domain atoms found.
domRec ignored: No domain atoms found.
domRec ignored: No domain atoms found.
domRec ignored: No domain atoms found.
domRec ignored: No domain atoms found.
domRec ignored: No domain atoms found.
domRec ignored: No domain atoms found.
domRec ignored: No domain atoms found.
domRec ignored: No domain atoms found.
domRec ignored: No domain atoms found.
domRec ignored: No domain atoms found.
domRec ignored: No domain atoms found.
domRec ignored: No domain atoms found.
domRec ignored: No domain atoms found.
domRec ignored: No domain atoms found.
domRec ignored: No domain atoms found.
domRec ignored: No domain atoms found.
domRec ignored: No domain atoms found.
domRec ignored: No domain atoms found.
domRec ignored: No domain atoms found.
domRec ignored: No domain atoms found.
domRec ignored: No domain atoms found.
domRec ignored: No domain atoms found.
domRec ignored: No domain atoms found.
domRec ignored: No domain atoms found.
domRec ignored: No domain atoms found.
domRec ignored: No domain atoms found.
domRec ignored: No domain atoms found.
domRec ignored: No domain atoms found.
domRec ignored: No domain atoms found.
domRec ignored: No domain atoms found.
domRec ignored: No domain atoms found.
domRec ignored: No domain atoms found.
domRec ignored: No domain atoms found.
domRec ignored: No domain atoms found.
domRec ignored: No domain atoms found.
domRec ignored: No domain atoms found.
domRec ignored: No domain atoms found.
domRec ignored: No domain atoms found.
domRec ignored: No domain atoms found.
domRec ignored: No domain atoms found.
domRec ignored: No domain atoms found.
domRec ignored: No domain atoms found.
domRec ignored: No domain atoms found.
domRec ignored: No domain atoms found.
domRec ignored: No domain atoms found.
domRec ignored: No domain atoms found.
domRec ignored: No domain atoms found.
domRec ignored: No domain atoms found.
domRec ignored: No domain atoms found.
domRec ignored: No domain atoms found.
domRec ignored: No domain atoms found.
domRec ignored: No domain atoms found.
domRec ignored: No domain atoms found.
domRec ignored: No domain atoms found.
domRec ignored: No domain atoms found.
domRec ignored: No domain atoms found.
domRec ignored: No domain atoms found.
domRec ignored: No domain atoms found.
domRec ignored: No domain atoms found.
domRec ignored: No domain atoms found.
domRec ignored: No domain atoms found.
{"tag": "cmp_f10_fold3", "train_seconds": 4.01, "timed_out": false, "exit_code": 0, "succeeded": true, "theory": [":- in(V2); att(V1,V2); not not_defended(V1)."], "tp": 30, "fp": 7, "tn": 23, "fn": 0, "mcc": 0.7884, "acc": 0.8833, "mismatches": ["aaf_4_33_PRF_NEG_1.lp", "aaf_4_94_PRF_NEG_2.lp", "aaf_6_10_PRF_NEG_1.lp", "aaf_6_17_PRF_NEG_1.lp", "aaf_7_53_PRF_NEG_4.lp", "aaf_7_62_PRF_NEG_6.lp", "aaf_7_89_PRF_NEG_2.lp"], "bare_aaf_exact_preferred_recovery": "19/25"}
%%%%%%%%%%%%%%%%%%%%%%%%%%%%%%%%%%%%%%%%%%%%%%%%%%%%%%%%%%%%%%%%%%%%%%%%%%%%%%%%
%%                                Iteration 1                                 %%
%%%%%%%%%%%%%%%%%%%%%%%%%%%%%%%%%%%%%%%%%%%%%%%%%%%%%%%%%%%%%%%%%%%%%%%%%%%%%%%%
%% Searching for counterexample... 
%% Found negative counterexample: aaf_4_39_PRF_NEG_1T (a total of 10 counterexamples found) 
%% Found hypothesis: [1] 1 
%%  :- arg(V1). 
%%%%%%%%%%%%%%%%%%%%%%%%%%%%%%%%%%%%%%%%%%%%%%%%%%%%%%%%%%%%%%%%%%%%%%%%%%%%%%%%
%%                                Iteration 2                                 %%
%%%%%%%%%%%%%%%%%%%%%%%%%%%%%%%%%%%%%%%%%%%%%%%%%%%%%%%%%%%%%%%%%%%%%%%%%%%%%%%%
%% Searching for counterexample... 
%% Found positive counterexample: aaf_4_36_PRF_POS_3T (a total of 10 counterexamples found) 
%% Found hypothesis: [100] 2 
%%  :- in(V1); not supported(V1). 
%%%%%%%%%%%%%%%%%%%%%%%%%%%%%%%%%%%%%%%%%%%%%%%%%%%%%%%%%%%%%%%%%%%%%%%%%%%%%%%%
%%                                Iteration 3                                 %%
%%%%%%%%%%%%%%%%%%%%%%%%%%%%%%%%%%%%%%%%%%%%%%%%%%%%%%%%%%%%%%%%%%%%%%%%%%%%%%%%
%% Searching for counterexample... 
%% Found negative counterexample: aaf_5_57_PRF_NEG_5T (a total of 2 counterexamples found) 
%% Found hypothesis: [63] 2 
%%  :- out(V1); not not_defended(V1). 
%%%%%%%%%%%%%%%%%%%%%%%%%%%%%%%%%%%%%%%%%%%%%%%%%%%%%%%%%%%%%%%%%%%%%%%%%%%%%%%%
%%                                Iteration 4                                 %%
%%%%%%%%%%%%%%%%%%%%%%%%%%%%%%%%%%%%%%%%%%%%%%%%%%%%%%%%%%%%%%%%%%%%%%%%%%%%%%%%
%% Searching for counterexample... 
%% Found negative counterexample: aaf_5_38_PRF_NEG_4T (a total of 3 counterexamples found) 
%% Found hypothesis: [760] 3 
%%  :- att(V1,V2); not out(V2); not not_defended(V1). 
%%%%%%%%%%%%%%%%%%%%%%%%%%%%%%%%%%%%%%%%%%%%%%%%%%%%%%%%%%%%%%%%%%%%%%%%%%%%%%%%
%%                                Iteration 5                                 %%
%%%%%%%%%%%%%%%%%%%%%%%%%%%%%%%%%%%%%%%%%%%%%%%%%%%%%%%%%%%%%%%%%%%%%%%%%%%%%%%%
%% Searching for counterexample... 
%% Found negative counterexample: aaf_6_17_PRF_NEG_3T (a total of 1 counterexamples found) 
%% Found hypothesis: [89, 116] 4 
%% in(V1) :- supported(V1). 
%%  :- in(V1); defeated(V1). 
%%%%%%%%%%%%%%%%%%%%%%%%%%%%%%%%%%%%%%%%%%%%%%%%%%%%%%%%%%%%%%%%%%%%%%%%%%%%%%%%
%%                                Iteration 6                                 %%
%%%%%%%%%%%%%%%%%%%%%%%%%%%%%%%%%%%%%%%%%%%%%%%%%%%%%%%%%%%%%%%%%%%%%%%%%%%%%%%%
%% Searching for counterexample... 
%%  
%%  
%% Final Hypothesis: 
%%  
in(V1) :- supported(V1).
 :- in(V1); defeated(V1).

%%%%%%%%%%%%%%%%%%%%%%%%%%%%%%%%%%%%%%%%%%%%%%%%%%%%%%%%%%%%%%%%%%%%%%%%%%%%%%%%
%% Pre-processing                          : 0.012s
%% Hypothesis Space Generation             : 0.18s
%% Conflict analysis                       : 1.492s
%%   - Negative Examples                   : 0.71s
%%   - Positive Examples                   : 0.782s
%% Counterexample search                   : 0.044s
%%   - CDOEs                               : 0s
%%   - CDPIs                               : 0.041s
%% Hypothesis Search                       : 1.316s
%% Total                                   : 3.112s
%%%%%%%%%%%%%%%%%%%%%%%%%%%%%%%%%%%%%%%%%%%%%%%%%%%%%%%%%%%%%%%%%%%%%%%%%%%%%%%%
domRec ignored: No domain atoms found.
domRec ignored: No domain atoms found.
domRec ignored: No domain atoms found.
domRec ignored: No domain atoms found.
domRec ignored: No domain atoms found.
domRec ignored: No domain atoms found.
domRec ignored: No domain atoms found.
domRec ignored: No domain atoms found.
domRec ignored: No domain atoms found.
domRec ignored: No domain atoms found.
domRec ignored: No domain atoms found.
domRec ignored: No domain atoms found.
domRec ignored: No domain atoms found.
domRec ignored: No domain atoms found.
domRec ignored: No domain atoms found.
domRec ignored: No domain atoms found.
domRec ignored: No domain atoms found.
domRec ignored: No domain atoms found.
domRec ignored: No domain atoms found.
domRec ignored: No domain atoms found.
domRec ignored: No domain atoms found.
domRec ignored: No domain atoms found.
domRec ignored: No domain atoms found.
domRec ignored: No domain atoms found.
domRec ignored: No domain atoms found.
domRec ignored: No domain atoms found.
domRec ignored: No domain atoms found.
domRec ignored: No domain atoms found.
domRec ignored: No domain atoms found.
domRec ignored: No domain atoms found.
domRec ignored: No domain atoms found.
domRec ignored: No domain atoms found.
domRec ignored: No domain atoms found.
domRec ignored: No domain atoms found.
domRec ignored: No domain atoms found.
domRec ignored: No domain atoms found.
domRec ignored: No domain atoms found.
domRec ignored: No domain atoms found.
domRec ignored: No domain atoms found.
domRec ignored: No domain atoms found.
domRec ignored: No domain atoms found.
domRec ignored: No domain atoms found.
domRec ignored: No domain atoms found.
domRec ignored: No domain atoms found.
domRec ignored: No domain atoms found.
domRec ignored: No domain atoms found.
domRec ignored: No domain atoms found.
domRec ignored: No domain atoms found.
domRec ignored: No domain atoms found.
domRec ignored: No domain atoms found.
domRec ignored: No domain atoms found.
domRec ignored: No domain atoms found.
domRec ignored: No domain atoms found.
domRec ignored: No domain atoms found.
domRec ignored: No domain atoms found.
domRec ignored: No domain atoms found.
domRec ignored: No domain atoms found.
domRec ignored: No domain atoms found.
domRec ignored: No domain atoms found.
domRec ignored: No domain atoms found.
domRec ignored: No domain atoms found.
domRec ignored: No domain atoms found.
domRec ignored: No domain atoms found.
domRec ignored: No domain atoms found.
domRec ignored: No domain atoms found.
domRec ignored: No domain atoms found.
domRec ignored: No domain atoms found.
domRec ignored: No domain atoms found.
domRec ignored: No domain atoms found.
domRec ignored: No domain atoms found.
domRec ignored: No domain atoms found.
domRec ignored: No domain atoms found.
domRec ignored: No domain atoms found.
domRec ignored: No domain atoms found.
domRec ignored: No domain atoms found.
domRec ignored: No domain atoms found.
domRec ignored: No domain atoms found.
domRec ignored: No domain atoms found.
{"tag": "cmp_f10_fold4", "train_seconds": 3.13, "timed_out": false, "exit_code": 0, "succeeded": true, "theory": ["in(V1) :- supported(V1).", ":- in(V1); defeated(V1)."], "tp": 30, "fp": 0, "tn": 30, "fn": 0, "mcc": 1.0, "acc": 1.0, "mismatches": [], "bare_aaf_exact_preferred_recovery": "25/25"}
%%%%%%%%%%%%%%%%%%%%%%%%%%%%%%%%%%%%%%%%%%%%%%%%%%%%%%%%%%%%%%%%%%%%%%%%%%%%%%%%
%%                                Iteration 1                                 %%
%%%%%%%%%%%%%%%%%%%%%%%%%%%%%%%%%%%%%%%%%%%%%%%%%%%%%%%%%%%%%%%%%%%%%%%%%%%%%%%%
%% Searching for counterexample... 
%% Found negative counterexample: aaf_4_15_PRF_NEG_4T (a total of 20 counterexamples found) 
%% Found hypothesis: [0] 1 
%%  :- not_defended(V1). 
%%%%%%%%%%%%%%%%%%%%%%%%%%%%%%%%%%%%%%%%%%%%%%%%%%%%%%%%%%%%%%%%%%%%%%%%%%%%%%%%
%%                                Iteration 2                                 %%
%%%%%%%%%%%%%%%%%%%%%%%%%%%%%%%%%%%%%%%%%%%%%%%%%%%%%%%%%%%%%%%%%%%%%%%%%%%%%%%%
%% Searching for counterexample... 
%% Found positive counterexample: aaf_4_21_PRF_POS_1T (a total of 26 counterexamples found) 
%% Found hypothesis: [63] 2 
%%  :- out(V1); not not_defended(V1). 
%%%%%%%%%%%%%%%%%%%%%%%%%%%%%%%%%%%%%%%%%%%%%%%%%%%%%%%%%%%%%%%%%%%%%%%%%%%%%%%%
%%                                Iteration 3                                 %%
%%%%%%%%%%%%%%%%%%%%%%%%%%%%%%%%%%%%%%%%%%%%%%%%%%%%%%%%%%%%%%%%%%%%%%%%%%%%%%%%
%% Searching for counterexample... 
%% Found negative counterexample: aaf_4_27_PRF_NEG_1T (a total of 4 counterexamples found) 
%% Found hypothesis: [2643] 4 
%% in(V1) :- att(V1,V2); not att(V2,V1); not supported(V2). 
%%%%%%%%%%%%%%%%%%%%%%%%%%%%%%%%%%%%%%%%%%%%%%%%%%%%%%%%%%%%%%%%%%%%%%%%%%%%%%%%
%%                                Iteration 4                                 %%
%%%%%%%%%%%%%%%%%%%%%%%%%%%%%%%%%%%%%%%%%%%%%%%%%%%%%%%%%%%%%%%%%%%%%%%%%%%%%%%%
%% Searching for counterexample... 
%% Found positive counterexample: aaf_4_32_PRF_POS_2T (a total of 20 counterexamples found) 
%% Found hypothesis: [58, 115] 4 
%%  :- out(V1); supported(V1). 
%%  :- not_defended(V1); not out(V1). 
%%%%%%%%%%%%%%%%%%%%%%%%%%%%%%%%%%%%%%%%%%%%%%%%%%%%%%%%%%%%%%%%%%%%%%%%%%%%%%%%
%%                                Iteration 5                                 %%
%%%%%%%%%%%%%%%%%%%%%%%%%%%%%%%%%%%%%%%%%%%%%%%%%%%%%%%%%%%%%%%%%%%%%%%%%%%%%%%%
%% Searching for counterexample... 
%% Found negative counterexample: aaf_4_92_PRF_NEG_5T (a total of 6 counterexamples found) 
%% Found hypothesis: [63, 115] 4 
%%  :- out(V1); not not_defended(V1). 
%%  :- not_defended(V1); not out(V1). 
%%%%%%%%%%%%%%%%%%%%%%%%%%%%%%%%%%%%%%%%%%%%%%%%%%%%%%%%%%%%%%%%%%%%%%%%%%%%%%%%
%%                                Iteration 6                                 %%
%%%%%%%%%%%%%%%%%%%%%%%%%%%%%%%%%%%%%%%%%%%%%%%%%%%%%%%%%%%%%%%%%%%%%%%%%%%%%%%%
%% Searching for counterexample... 
%% Found negative counterexample: aaf_7_60_PRF_NEG_6T (a total of 1 counterexamples found) 
%% Found hypothesis: [8, 63] 4 
%% out(V1) :- defeated(V1). 
%%  :- out(V1); not not_defended(V1). 
%%%%%%%%%%%%%%%%%%%%%%%%%%%%%%%%%%%%%%%%%%%%%%%%%%%%%%%%%%%%%%%%%%%%%%%%%%%%%%%%
%%                                Iteration 7                                 %%
%%%%%%%%%%%%%%%%%%%%%%%%%%%%%%%%%%%%%%%%%%%%%%%%%%%%%%%%%%%%%%%%%%%%%%%%%%%%%%%%
%% Searching for counterexample... 
%%  
%%  
%% Final Hypothesis: 
%%  
out(V1) :- defeated(V1).
 :- out(V1); not not_defended(V1).

%%%%%%%%%%%%%%%%%%%%%%%%%%%%%%%%%%%%%%%%%%%%%%%%%%%%%%%%%%%%%%%%%%%%%%%%%%%%%%%%
%% Pre-processing                          : 0.012s
%% Hypothesis Space Generation             : 0.182s
%% Conflict analysis                       : 2.304s
%%   - Negative Examples                   : 0.761s
%%   - Positive Examples                   : 1.543s
%% Counterexample search                   : 0.061s
%%   - CDOEs                               : 0s
%%   - CDPIs                               : 0.058s
%% Hypothesis Search                       : 1.496s
%% Total                                   : 4.125s
%%%%%%%%%%%%%%%%%%%%%%%%%%%%%%%%%%%%%%%%%%%%%%%%%%%%%%%%%%%%%%%%%%%%%%%%%%%%%%%%
domRec ignored: No domain atoms found.
domRec ignored: No domain atoms found.
domRec ignored: No domain atoms found.
domRec ignored: No domain atoms found.
domRec ignored: No domain atoms found.
domRec ignored: No domain atoms found.
domRec ignored: No domain atoms found.
domRec ignored: No domain atoms found.
domRec ignored: No domain atoms found.
domRec ignored: No domain atoms found.
domRec ignored: No domain atoms found.
domRec ignored: No domain atoms found.
domRec ignored: No domain atoms found.
domRec ignored: No domain atoms found.
domRec ignored: No domain atoms found.
domRec ignored: No domain atoms found.
domRec ignored: No domain atoms found.
domRec ignored: No domain atoms found.
domRec ignored: No domain atoms found.
domRec ignored: No domain atoms found.
domRec ignored: No domain atoms found.
domRec ignored: No domain atoms found.
domRec ignored: No domain atoms found.
domRec ignored: No domain atoms found.
domRec ignored: No domain atoms found.
domRec ignored: No domain atoms found.
domRec ignored: No domain atoms found.
domRec ignored: No domain atoms found.
domRec ignored: No domain atoms found.
domRec ignored: No domain atoms found.
domRec ignored: No domain atoms found.
domRec ignored: No domain atoms found.
domRec ignored: No domain atoms found.
domRec ignored: No domain atoms found.
domRec ignored: No domain atoms found.
domRec ignored: No domain atoms found.
domRec ignored: No domain atoms found.
domRec ignored: No domain atoms found.
domRec ignored: No domain atoms found.
domRec ignored: No domain atoms found.
domRec ignored: No domain atoms found.
domRec ignored: No domain atoms found.
domRec ignored: No domain atoms found.
domRec ignored: No domain atoms found.
domRec ignored: No domain atoms found.
domRec ignored: No domain atoms found.
domRec ignored: No domain atoms found.
domRec ignored: No domain atoms found.
domRec ignored: No domain atoms found.
domRec ignored: No domain atoms found.
domRec ignored: No domain atoms found.
domRec ignored: No domain atoms found.
domRec ignored: No domain atoms found.
domRec ignored: No domain atoms found.
domRec ignored: No domain atoms found.
domRec ignored: No domain atoms found.
domRec ignored: No domain atoms found.
domRec ignored: No domain atoms found.
domRec ignored: No domain atoms found.
domRec ignored: No domain atoms found.
domRec ignored: No domain atoms found.
domRec ignored: No domain atoms found.
domRec ignored: No domain atoms found.
domRec ignored: No domain atoms found.
domRec ignored: No domain atoms found.
domRec ignored: No domain atoms found.
domRec ignored: No domain atoms found.
domRec ignored: No domain atoms found.
domRec ignored: No domain atoms found.
domRec ignored: No domain atoms found.
domRec ignored: No domain atoms found.
domRec ignored: No domain atoms found.
domRec ignored: No domain atoms found.
domRec ignored: No domain atoms found.
domRec ignored: No domain atoms found.
domRec ignored: No domain atoms found.
{"tag": "cmp_f20_fold0", "train_seconds": 4.14, "timed_out": false, "exit_code": 0, "succeeded": true, "theory": ["out(V1) :- defeated(V1).", ":- out(V1); not not_defended(V1)."], "tp": 30, "fp": 1, "tn": 29, "fn": 0, "mcc": 0.9672, "acc": 0.9833, "mismatches": ["aaf_6_80_PRF_NEG_4.lp"], "bare_aaf_exact_preferred_recovery": "20/25"}
%%%%%%%%%%%%%%%%%%%%%%%%%%%%%%%%%%%%%%%%%%%%%%%%%%%%%%%%%%%%%%%%%%%%%%%%%%%%%%%%
%%                                Iteration 1                                 %%
%%%%%%%%%%%%%%%%%%%%%%%%%%%%%%%%%%%%%%%%%%%%%%%%%%%%%%%%%%%%%%%%%%%%%%%%%%%%%%%%
%% Searching for counterexample... 
%% Found negative counterexample: aaf_4_1_PRF_NEG_1T (a total of 20 counterexamples found) 
%% Found hypothesis: [0] 1 
%%  :- not_defended(V1). 
%%%%%%%%%%%%%%%%%%%%%%%%%%%%%%%%%%%%%%%%%%%%%%%%%%%%%%%%%%%%%%%%%%%%%%%%%%%%%%%%
%%                                Iteration 2                                 %%
%%%%%%%%%%%%%%%%%%%%%%%%%%%%%%%%%%%%%%%%%%%%%%%%%%%%%%%%%%%%%%%%%%%%%%%%%%%%%%%%
%% Searching for counterexample... 
%% Found negative counterexample: aaf_4_2_PRF_NEG_2T (a total of 30 counterexamples found) 
%% Found hypothesis: [1] 1 
%%  :- arg(V1). 
%%%%%%%%%%%%%%%%%%%%%%%%%%%%%%%%%%%%%%%%%%%%%%%%%%%%%%%%%%%%%%%%%%%%%%%%%%%%%%%%
%%                                Iteration 3                                 %%
%%%%%%%%%%%%%%%%%%%%%%%%%%%%%%%%%%%%%%%%%%%%%%%%%%%%%%%%%%%%%%%%%%%%%%%%%%%%%%%%
%% Searching for counterexample... 
%% Found positive counterexample: aaf_4_46_PRF_POS_1T (a total of 20 counterexamples found) 
%% Found hypothesis: [23] 2 
%%  :- defeated(V1); not not_defended(V1). 
%%%%%%%%%%%%%%%%%%%%%%%%%%%%%%%%%%%%%%%%%%%%%%%%%%%%%%%%%%%%%%%%%%%%%%%%%%%%%%%%
%%                                Iteration 4                                 %%
%%%%%%%%%%%%%%%%%%%%%%%%%%%%%%%%%%%%%%%%%%%%%%%%%%%%%%%%%%%%%%%%%%%%%%%%%%%%%%%%
%% Searching for counterexample... 
%% Found negative counterexample: aaf_4_27_PRF_NEG_5T (a total of 4 counterexamples found) 
%% Found hypothesis: [63] 2 
%%  :- out(V1); not not_defended(V1). 
%%%%%%%%%%%%%%%%%%%%%%%%%%%%%%%%%%%%%%%%%%%%%%%%%%%%%%%%%%%%%%%%%%%%%%%%%%%%%%%%
%%                                Iteration 5                                 %%
%%%%%%%%%%%%%%%%%%%%%%%%%%%%%%%%%%%%%%%%%%%%%%%%%%%%%%%%%%%%%%%%%%%%%%%%%%%%%%%%
%% Searching for counterexample... 
%% Found negative counterexample: aaf_5_10_PRF_NEG_1T (a total of 5 counterexamples found) 
%% Found hypothesis: [760] 3 
%%  :- att(V1,V2); not out(V2); not not_defended(V1). 
%%%%%%%%%%%%%%%%%%%%%%%%%%%%%%%%%%%%%%%%%%%%%%%%%%%%%%%%%%%%%%%%%%%%%%%%%%%%%%%%
%%                                Iteration 6                                 %%
%%%%%%%%%%%%%%%%%%%%%%%%%%%%%%%%%%%%%%%%%%%%%%%%%%%%%%%%%%%%%%%%%%%%%%%%%%%%%%%%
%% Searching for counterexample... 
%% Found negative counterexample: aaf_5_71_PRF_NEG_2T (a total of 1 counterexamples found) 
%% Found hypothesis: [191] 3 
%% out(V1) :- att(V2,V1); not att(V1,V2). 
%%%%%%%%%%%%%%%%%%%%%%%%%%%%%%%%%%%%%%%%%%%%%%%%%%%%%%%%%%%%%%%%%%%%%%%%%%%%%%%%
%%                                Iteration 7                                 %%
%%%%%%%%%%%%%%%%%%%%%%%%%%%%%%%%%%%%%%%%%%%%%%%%%%%%%%%%%%%%%%%%%%%%%%%%%%%%%%%%
%% Searching for counterexample... 
%% Found positive counterexample: aaf_4_48_PRF_POS_3T (a total of 6 counterexamples found) 
%% Found hypothesis: [53, 123] 4 
%%  :- out(V1); not defeated(V1). 
%%  :- defeated(V1); not out(V1). 
%%%%%%%%%%%%%%%%%%%%%%%%%%%%%%%%%%%%%%%%%%%%%%%%%%%%%%%%%%%%%%%%%%%%%%%%%%%%%%%%
%%                                Iteration 8                                 %%
%%%%%%%%%%%%%%%%%%%%%%%%%%%%%%%%%%%%%%%%%%%%%%%%%%%%%%%%%%%%%%%%%%%%%%%%%%%%%%%%
%% Searching for counterexample... 
%%  
%%  
%% Final Hypothesis: 
%%  
 :- out(V1); not defeated(V1).
 :- defeated(V1); not out(V1).

%%%%%%%%%%%%%%%%%%%%%%%%%%%%%%%%%%%%%%%%%%%%%%%%%%%%%%%%%%%%%%%%%%%%%%%%%%%%%%%%
%% Pre-processing                          : 0.012s
%% Hypothesis Space Generation             : 0.181s
%% Conflict analysis                       : 2.446s
%%   - Negative Examples                   : 0.909s
%%   - Positive Examples                   : 1.537s
%% Counterexample search                   : 0.07s
%%   - CDOEs                               : 0s
%%   - CDPIs                               : 0.069s
%% Hypothesis Search                       : 1.683s
%% Total                                   : 4.46s
%%%%%%%%%%%%%%%%%%%%%%%%%%%%%%%%%%%%%%%%%%%%%%%%%%%%%%%%%%%%%%%%%%%%%%%%%%%%%%%%
domRec ignored: No domain atoms found.
domRec ignored: No domain atoms found.
domRec ignored: No domain atoms found.
domRec ignored: No domain atoms found.
domRec ignored: No domain atoms found.
domRec ignored: No domain atoms found.
domRec ignored: No domain atoms found.
domRec ignored: No domain atoms found.
domRec ignored: No domain atoms found.
domRec ignored: No domain atoms found.
domRec ignored: No domain atoms found.
domRec ignored: No domain atoms found.
domRec ignored: No domain atoms found.
domRec ignored: No domain atoms found.
domRec ignored: No domain atoms found.
domRec ignored: No domain atoms found.
domRec ignored: No domain atoms found.
domRec ignored: No domain atoms found.
domRec ignored: No domain atoms found.
domRec ignored: No domain atoms found.
domRec ignored: No domain atoms found.
domRec ignored: No domain atoms found.
domRec ignored: No domain atoms found.
domRec ignored: No domain atoms found.
domRec ignored: No domain atoms found.
domRec ignored: No domain atoms found.
domRec ignored: No domain atoms found.
domRec ignored: No domain atoms found.
domRec ignored: No domain atoms found.
domRec ignored: No domain atoms found.
domRec ignored: No domain atoms found.
domRec ignored: No domain atoms found.
domRec ignored: No domain atoms found.
domRec ignored: No domain atoms found.
domRec ignored: No domain atoms found.
domRec ignored: No domain atoms found.
domRec ignored: No domain atoms found.
domRec ignored: No domain atoms found.
domRec ignored: No domain atoms found.
domRec ignored: No domain atoms found.
domRec ignored: No domain atoms found.
domRec ignored: No domain atoms found.
domRec ignored: No domain atoms found.
domRec ignored: No domain atoms found.
domRec ignored: No domain atoms found.
domRec ignored: No domain atoms found.
domRec ignored: No domain atoms found.
domRec ignored: No domain atoms found.
domRec ignored: No domain atoms found.
domRec ignored: No domain atoms found.
domRec ignored: No domain atoms found.
domRec ignored: No domain atoms found.
domRec ignored: No domain atoms found.
domRec ignored: No domain atoms found.
domRec ignored: No domain atoms found.
domRec ignored: No domain atoms found.
domRec ignored: No domain atoms found.
domRec ignored: No domain atoms found.
domRec ignored: No domain atoms found.
domRec ignored: No domain atoms found.
domRec ignored: No domain atoms found.
domRec ignored: No domain atoms found.
domRec ignored: No domain atoms found.
domRec ignored: No domain atoms found.
domRec ignored: No domain atoms found.
domRec ignored: No domain atoms found.
domRec ignored: No domain atoms found.
domRec ignored: No domain atoms found.
domRec ignored: No domain atoms found.
domRec ignored: No domain atoms found.
domRec ignored: No domain atoms found.
domRec ignored: No domain atoms found.
{"tag": "cmp_f20_fold1", "train_seconds": 4.48, "timed_out": false, "exit_code": 0, "succeeded": true, "theory": [":- out(V1); not defeated(V1).", ":- defeated(V1); not out(V1)."], "tp": 30, "fp": 0, "tn": 30, "fn": 0, "mcc": 1.0, "acc": 1.0, "mismatches": [], "bare_aaf_exact_preferred_recovery": "25/25"}
%%%%%%%%%%%%%%%%%%%%%%%%%%%%%%%%%%%%%%%%%%%%%%%%%%%%%%%%%%%%%%%%%%%%%%%%%%%%%%%%
%%                                Iteration 1                                 %%
%%%%%%%%%%%%%%%%%%%%%%%%%%%%%%%%%%%%%%%%%%%%%%%%%%%%%%%%%%%%%%%%%%%%%%%%%%%%%%%%
%% Searching for counterexample... 
%% Found negative counterexample: aaf_5_13_PRF_NEG_2T (a total of 20 counterexamples found) 
%% Found hypothesis: [0] 1 
%%  :- not_defended(V1). 
%%%%%%%%%%%%%%%%%%%%%%%%%%%%%%%%%%%%%%%%%%%%%%%%%%%%%%%%%%%%%%%%%%%%%%%%%%%%%%%%
%%                                Iteration 2                                 %%
%%%%%%%%%%%%%%%%%%%%%%%%%%%%%%%%%%%%%%%%%%%%%%%%%%%%%%%%%%%%%%%%%%%%%%%%%%%%%%%%
%% Searching for counterexample... 
%% Found positive counterexample: aaf_4_39_PRF_POS_2T (a total of 29 counterexamples found) 
%% Found hypothesis: [115] 2 
%%  :- not_defended(V1); not out(V1). 
%%%%%%%%%%%%%%%%%%%%%%%%%%%%%%%%%%%%%%%%%%%%%%%%%%%%%%%%%%%%%%%%%%%%%%%%%%%%%%%%
%%                                Iteration 3                                 %%
%%%%%%%%%%%%%%%%%%%%%%%%%%%%%%%%%%%%%%%%%%%%%%%%%%%%%%%%%%%%%%%%%%%%%%%%%%%%%%%%
%% Searching for counterexample... 
%% Found negative counterexample: aaf_5_69_PRF_NEG_2T (a total of 12 counterexamples found) 
%% Found hypothesis: [100] 2 
%%  :- in(V1); not supported(V1). 
%%%%%%%%%%%%%%%%%%%%%%%%%%%%%%%%%%%%%%%%%%%%%%%%%%%%%%%%%%%%%%%%%%%%%%%%%%%%%%%%
%%                                Iteration 4                                 %%
%%%%%%%%%%%%%%%%%%%%%%%%%%%%%%%%%%%%%%%%%%%%%%%%%%%%%%%%%%%%%%%%%%%%%%%%%%%%%%%%
%% Searching for counterexample... 
%% Found negative counterexample: aaf_5_32_PRF_NEG_1T (a total of 8 counterexamples found) 
%% Found hypothesis: [182] 3 
%% out(V1) :- att(V2,V1); not not_defended(V2). 
%%%%%%%%%%%%%%%%%%%%%%%%%%%%%%%%%%%%%%%%%%%%%%%%%%%%%%%%%%%%%%%%%%%%%%%%%%%%%%%%
%%                                Iteration 5                                 %%
%%%%%%%%%%%%%%%%%%%%%%%%%%%%%%%%%%%%%%%%%%%%%%%%%%%%%%%%%%%%%%%%%%%%%%%%%%%%%%%%
%% Searching for counterexample... 
%% Found negative counterexample: aaf_5_74_PRF_NEG_5T (a total of 5 counterexamples found) 
%% Found hypothesis: [1248] 3 
%%  :- in(V2); out(V1); not att(V2,V1). 
%%%%%%%%%%%%%%%%%%%%%%%%%%%%%%%%%%%%%%%%%%%%%%%%%%%%%%%%%%%%%%%%%%%%%%%%%%%%%%%%
%%                                Iteration 6                                 %%
%%%%%%%%%%%%%%%%%%%%%%%%%%%%%%%%%%%%%%%%%%%%%%%%%%%%%%%%%%%%%%%%%%%%%%%%%%%%%%%%
%% Searching for counterexample... 
%% Found positive counterexample: aaf_4_8_PRF_POS_1T (a total of 13 counterexamples found) 
%% Found hypothesis: [8, 53] 4 
%% out(V1) :- defeated(V1). 
%%  :- out(V1); not defeated(V1). 
%%%%%%%%%%%%%%%%%%%%%%%%%%%%%%%%%%%%%%%%%%%%%%%%%%%%%%%%%%%%%%%%%%%%%%%%%%%%%%%%
%%                                Iteration 7                                 %%
%%%%%%%%%%%%%%%%%%%%%%%%%%%%%%%%%%%%%%%%%%%%%%%%%%%%%%%%%%%%%%%%%%%%%%%%%%%%%%%%
%% Searching for counterexample... 
%%  
%%  
%% Final Hypothesis: 
%%  
out(V1) :- defeated(V1).
 :- out(V1); not defeated(V1).

%%%%%%%%%%%%%%%%%%%%%%%%%%%%%%%%%%%%%%%%%%%%%%%%%%%%%%%%%%%%%%%%%%%%%%%%%%%%%%%%
%% Pre-processing                          : 0.012s
%% Hypothesis Space Generation             : 0.18s
%% Conflict analysis                       : 2.224s
%%   - Negative Examples                   : 0.699s
%%   - Positive Examples                   : 1.525s
%% Counterexample search                   : 0.063s
%%   - CDOEs                               : 0s
%%   - CDPIs                               : 0.062s
%% Hypothesis Search                       : 1.367s
%% Total                                   : 3.909s
%%%%%%%%%%%%%%%%%%%%%%%%%%%%%%%%%%%%%%%%%%%%%%%%%%%%%%%%%%%%%%%%%%%%%%%%%%%%%%%%
domRec ignored: No domain atoms found.
domRec ignored: No domain atoms found.
domRec ignored: No domain atoms found.
domRec ignored: No domain atoms found.
domRec ignored: No domain atoms found.
domRec ignored: No domain atoms found.
domRec ignored: No domain atoms found.
domRec ignored: No domain atoms found.
domRec ignored: No domain atoms found.
domRec ignored: No domain atoms found.
domRec ignored: No domain atoms found.
domRec ignored: No domain atoms found.
domRec ignored: No domain atoms found.
domRec ignored: No domain atoms found.
domRec ignored: No domain atoms found.
domRec ignored: No domain atoms found.
domRec ignored: No domain atoms found.
domRec ignored: No domain atoms found.
domRec ignored: No domain atoms found.
domRec ignored: No domain atoms found.
domRec ignored: No domain atoms found.
domRec ignored: No domain atoms found.
domRec ignored: No domain atoms found.
domRec ignored: No domain atoms found.
domRec ignored: No domain atoms found.
domRec ignored: No domain atoms found.
domRec ignored: No domain atoms found.
domRec ignored: No domain atoms found.
domRec ignored: No domain atoms found.
domRec ignored: No domain atoms found.
domRec ignored: No domain atoms found.
domRec ignored: No domain atoms found.
domRec ignored: No domain atoms found.
domRec ignored: No domain atoms found.
domRec ignored: No domain atoms found.
domRec ignored: No domain atoms found.
domRec ignored: No domain atoms found.
domRec ignored: No domain atoms found.
domRec ignored: No domain atoms found.
domRec ignored: No domain atoms found.
domRec ignored: No domain atoms found.
domRec ignored: No domain atoms found.
domRec ignored: No domain atoms found.
domRec ignored: No domain atoms found.
domRec ignored: No domain atoms found.
domRec ignored: No domain atoms found.
domRec ignored: No domain atoms found.
domRec ignored: No domain atoms found.
domRec ignored: No domain atoms found.
domRec ignored: No domain atoms found.
domRec ignored: No domain atoms found.
domRec ignored: No domain atoms found.
domRec ignored: No domain atoms found.
domRec ignored: No domain atoms found.
domRec ignored: No domain atoms found.
domRec ignored: No domain atoms found.
domRec ignored: No domain atoms found.
domRec ignored: No domain atoms found.
domRec ignored: No domain atoms found.
domRec ignored: No domain atoms found.
domRec ignored: No domain atoms found.
domRec ignored: No domain atoms found.
domRec ignored: No domain atoms found.
domRec ignored: No domain atoms found.
domRec ignored: No domain atoms found.
domRec ignored: No domain atoms found.
domRec ignored: No domain atoms found.
domRec ignored: No domain atoms found.
domRec ignored: No domain atoms found.
domRec ignored: No domain atoms found.
domRec ignored: No domain atoms found.
domRec ignored: No domain atoms found.
domRec ignored: No domain atoms found.
domRec ignored: No domain atoms found.
domRec ignored: No domain atoms found.
domRec ignored: No domain atoms found.
domRec ignored: No domain atoms found.
{"tag": "cmp_f20_fold2", "train_seconds": 3.93, "timed_out": false, "exit_code": 0, "succeeded": true, "theory": ["out(V1) :- defeated(V1).", ":- out(V1); not defeated(V1)."], "tp": 30, "fp": 0, "tn": 30, "fn": 0, "mcc": 1.0, "acc": 1.0, "mismatches": [], "bare_aaf_exact_preferred_recovery": "25/25"}
%%%%%%%%%%%%%%%%%%%%%%%%%%%%%%%%%%%%%%%%%%%%%%%%%%%%%%%%%%%%%%%%%%%%%%%%%%%%%%%%
%%                                Iteration 1                                 %%
%%%%%%%%%%%%%%%%%%%%%%%%%%%%%%%%%%%%%%%%%%%%%%%%%%%%%%%%%%%%%%%%%%%%%%%%%%%%%%%%
%% Searching for counterexample... 
%% Found negative counterexample: aaf_4_60_PRF_NEG_6T (a total of 20 counterexamples found) 
%% Found hypothesis: [0] 1 
%%  :- not_defended(V1). 
%%%%%%%%%%%%%%%%%%%%%%%%%%%%%%%%%%%%%%%%%%%%%%%%%%%%%%%%%%%%%%%%%%%%%%%%%%%%%%%%
%%                                Iteration 2                                 %%
%%%%%%%%%%%%%%%%%%%%%%%%%%%%%%%%%%%%%%%%%%%%%%%%%%%%%%%%%%%%%%%%%%%%%%%%%%%%%%%%
%% Searching for counterexample... 
%% Found positive counterexample: aaf_4_100_PRF_POS_2T (a total of 27 counterexamples found) 
%% Found hypothesis: [115] 2 
%%  :- not_defended(V1); not out(V1). 
%%%%%%%%%%%%%%%%%%%%%%%%%%%%%%%%%%%%%%%%%%%%%%%%%%%%%%%%%%%%%%%%%%%%%%%%%%%%%%%%
%%                                Iteration 3                                 %%
%%%%%%%%%%%%%%%%%%%%%%%%%%%%%%%%%%%%%%%%%%%%%%%%%%%%%%%%%%%%%%%%%%%%%%%%%%%%%%%%
%% Searching for counterexample... 
%% Found negative counterexample: aaf_4_6_PRF_NEG_4T (a total of 12 counterexamples found) 
%% Found hypothesis: [100] 2 
%%  :- in(V1); not supported(V1). 
%%%%%%%%%%%%%%%%%%%%%%%%%%%%%%%%%%%%%%%%%%%%%%%%%%%%%%%%%%%%%%%%%%%%%%%%%%%%%%%%
%%                                Iteration 4                                 %%
%%%%%%%%%%%%%%%%%%%%%%%%%%%%%%%%%%%%%%%%%%%%%%%%%%%%%%%%%%%%%%%%%%%%%%%%%%%%%%%%
%% Searching for counterexample... 
%% Found negative counterexample: aaf_4_82_PRF_NEG_2T (a total of 5 counterexamples found) 
%% Found hypothesis: [8, 53] 4 
%% out(V1) :- defeated(V1). 
%%  :- out(V1); not defeated(V1). 
%%%%%%%%%%%%%%%%%%%%%%%%%%%%%%%%%%%%%%%%%%%%%%%%%%%%%%%%%%%%%%%%%%%%%%%%%%%%%%%%
%%                                Iteration 5                                 %%
%%%%%%%%%%%%%%%%%%%%%%%%%%%%%%%%%%%%%%%%%%%%%%%%%%%%%%%%%%%%%%%%%%%%%%%%%%%%%%%%
%% Searching for counterexample... 
%%  
%%  
%% Final Hypothesis: 
%%  
out(V1) :- defeated(V1).
 :- out(V1); not defeated(V1).

%%%%%%%%%%%%%%%%%%%%%%%%%%%%%%%%%%%%%%%%%%%%%%%%%%%%%%%%%%%%%%%%%%%%%%%%%%%%%%%%
%% Pre-processing                          : 0.012s
%% Hypothesis Space Generation             : 0.184s
%% Conflict analysis                       : 1.314s
%%   - Negative Examples                   : 0.542s
%%   - Positive Examples                   : 0.772s
%% Counterexample search                   : 0.045s
%%   - CDOEs                               : 0s
%%   - CDPIs                               : 0.045s
%% Hypothesis Search                       : 1.314s
%% Total                                   : 2.927s
%%%%%%%%%%%%%%%%%%%%%%%%%%%%%%%%%%%%%%%%%%%%%%%%%%%%%%%%%%%%%%%%%%%%%%%%%%%%%%%%
domRec ignored: No domain atoms found.
domRec ignored: No domain atoms found.
domRec ignored: No domain atoms found.
domRec ignored: No domain atoms found.
domRec ignored: No domain atoms found.
domRec ignored: No domain atoms found.
domRec ignored: No domain atoms found.
domRec ignored: No domain atoms found.
domRec ignored: No domain atoms found.
domRec ignored: No domain atoms found.
domRec ignored: No domain atoms found.
domRec ignored: No domain atoms found.
domRec ignored: No domain atoms found.
domRec ignored: No domain atoms found.
domRec ignored: No domain atoms found.
domRec ignored: No domain atoms found.
domRec ignored: No domain atoms found.
domRec ignored: No domain atoms found.
domRec ignored: No domain atoms found.
domRec ignored: No domain atoms found.
domRec ignored: No domain atoms found.
domRec ignored: No domain atoms found.
domRec ignored: No domain atoms found.
domRec ignored: No domain atoms found.
domRec ignored: No domain atoms found.
domRec ignored: No domain atoms found.
domRec ignored: No domain atoms found.
domRec ignored: No domain atoms found.
domRec ignored: No domain atoms found.
domRec ignored: No domain atoms found.
domRec ignored: No domain atoms found.
domRec ignored: No domain atoms found.
domRec ignored: No domain atoms found.
domRec ignored: No domain atoms found.
domRec ignored: No domain atoms found.
domRec ignored: No domain atoms found.
domRec ignored: No domain atoms found.
domRec ignored: No domain atoms found.
domRec ignored: No domain atoms found.
domRec ignored: No domain atoms found.
domRec ignored: No domain atoms found.
domRec ignored: No domain atoms found.
domRec ignored: No domain atoms found.
domRec ignored: No domain atoms found.
domRec ignored: No domain atoms found.
domRec ignored: No domain atoms found.
domRec ignored: No domain atoms found.
domRec ignored: No domain atoms found.
domRec ignored: No domain atoms found.
domRec ignored: No domain atoms found.
domRec ignored: No domain atoms found.
domRec ignored: No domain atoms found.
domRec ignored: No domain atoms found.
domRec ignored: No domain atoms found.
domRec ignored: No domain atoms found.
domRec ignored: No domain atoms found.
domRec ignored: No domain atoms found.
domRec ignored: No domain atoms found.
domRec ignored: No domain atoms found.
domRec ignored: No domain atoms found.
domRec ignored: No domain atoms found.
domRec ignored: No domain atoms found.
domRec ignored: No domain atoms found.
domRec ignored: No domain atoms found.
domRec ignored: No domain atoms found.
domRec ignored: No domain atoms found.
domRec ignored: No domain atoms found.
domRec ignored: No domain atoms found.
domRec ignored: No domain atoms found.
domRec ignored: No domain atoms found.
domRec ignored: No domain atoms found.
domRec ignored: No domain atoms found.
{"tag": "cmp_f20_fold3", "train_seconds": 2.94, "timed_out": false, "exit_code": 0, "succeeded": true, "theory": ["out(V1) :- defeated(V1).", ":- out(V1); not defeated(V1)."], "tp": 30, "fp": 0, "tn": 30, "fn": 0, "mcc": 1.0, "acc": 1.0, "mismatches": [], "bare_aaf_exact_preferred_recovery": "25/25"}
%%%%%%%%%%%%%%%%%%%%%%%%%%%%%%%%%%%%%%%%%%%%%%%%%%%%%%%%%%%%%%%%%%%%%%%%%%%%%%%%
%%                                Iteration 1                                 %%
%%%%%%%%%%%%%%%%%%%%%%%%%%%%%%%%%%%%%%%%%%%%%%%%%%%%%%%%%%%%%%%%%%%%%%%%%%%%%%%%
%% Searching for counterexample... 
%% Found negative counterexample: aaf_4_21_PRF_NEG_2T (a total of 20 counterexamples found) 
%% Found hypothesis: [0] 1 
%%  :- not_defended(V1). 
%%%%%%%%%%%%%%%%%%%%%%%%%%%%%%%%%%%%%%%%%%%%%%%%%%%%%%%%%%%%%%%%%%%%%%%%%%%%%%%%
%%                                Iteration 2                                 %%
%%%%%%%%%%%%%%%%%%%%%%%%%%%%%%%%%%%%%%%%%%%%%%%%%%%%%%%%%%%%%%%%%%%%%%%%%%%%%%%%
%% Searching for counterexample... 
%% Found positive counterexample: aaf_4_19_PRF_POS_1T (a total of 27 counterexamples found) 
%% Found hypothesis: [107] 2 
%% out(V1) :- not_defended(V1). 
%%%%%%%%%%%%%%%%%%%%%%%%%%%%%%%%%%%%%%%%%%%%%%%%%%%%%%%%%%%%%%%%%%%%%%%%%%%%%%%%
%%                                Iteration 3                                 %%
%%%%%%%%%%%%%%%%%%%%%%%%%%%%%%%%%%%%%%%%%%%%%%%%%%%%%%%%%%%%%%%%%%%%%%%%%%%%%%%%
%% Searching for counterexample... 
%% Found negative counterexample: aaf_4_41_PRF_NEG_2T (a total of 11 counterexamples found) 
%% Found hypothesis: [63] 2 
%%  :- out(V1); not not_defended(V1). 
%%%%%%%%%%%%%%%%%%%%%%%%%%%%%%%%%%%%%%%%%%%%%%%%%%%%%%%%%%%%%%%%%%%%%%%%%%%%%%%%
%%                                Iteration 4                                 %%
%%%%%%%%%%%%%%%%%%%%%%%%%%%%%%%%%%%%%%%%%%%%%%%%%%%%%%%%%%%%%%%%%%%%%%%%%%%%%%%%
%% Searching for counterexample... 
%% Found negative counterexample: aaf_4_91_PRF_NEG_3T (a total of 5 counterexamples found) 
%% Found hypothesis: [533] 3 
%%  :- att(V1,V2); not out(V2); not att(V2,V1). 
%%%%%%%%%%%%%%%%%%%%%%%%%%%%%%%%%%%%%%%%%%%%%%%%%%%%%%%%%%%%%%%%%%%%%%%%%%%%%%%%
%%                                Iteration 5                                 %%
%%%%%%%%%%%%%%%%%%%%%%%%%%%%%%%%%%%%%%%%%%%%%%%%%%%%%%%%%%%%%%%%%%%%%%%%%%%%%%%%
%% Searching for counterexample... 
%% Found positive counterexample: aaf_4_73_PRF_POS_1T (a total of 9 counterexamples found) 
%% Found hypothesis: [75, 100] 4 
%%  :- not_defended(V1); supported(V1). 
%%  :- in(V1); not supported(V1). 
%%%%%%%%%%%%%%%%%%%%%%%%%%%%%%%%%%%%%%%%%%%%%%%%%%%%%%%%%%%%%%%%%%%%%%%%%%%%%%%%
%%                                Iteration 6                                 %%
%%%%%%%%%%%%%%%%%%%%%%%%%%%%%%%%%%%%%%%%%%%%%%%%%%%%%%%%%%%%%%%%%%%%%%%%%%%%%%%%
%% Searching for counterexample... 
%% Found negative counterexample: aaf_6_46_PRF_NEG_1T (a total of 2 counterexamples found) 
%% Found hypothesis: [53, 100] 4 
%%  :- out(V1); not defeated(V1). 
%%  :- in(V1); not supported(V1). 
%%%%%%%%%%%%%%%%%%%%%%%%%%%%%%%%%%%%%%%%%%%%%%%%%%%%%%%%%%%%%%%%%%%%%%%%%%%%%%%%
%%                                Iteration 7                                 %%
%%%%%%%%%%%%%%%%%%%%%%%%%%%%%%%%%%%%%%%%%%%%%%%%%%%%%%%%%%%%%%%%%%%%%%%%%%%%%%%%
%% Searching for counterexample... 
%%  
%%  
%% Final Hypothesis: 
%%  
 :- out(V1); not defeated(V1).
 :- in(V1); not supported(V1).

%%%%%%%%%%%%%%%%%%%%%%%%%%%%%%%%%%%%%%%%%%%%%%%%%%%%%%%%%%%%%%%%%%%%%%%%%%%%%%%%
%% Pre-processing                          : 0.012s
%% Hypothesis Space Generation             : 0.177s
%% Conflict analysis                       : 2.191s
%%   - Negative Examples                   : 0.708s
%%   - Positive Examples                   : 1.483s
%% Counterexample search                   : 0.062s
%%   - CDOEs                               : 0s
%%   - CDPIs                               : 0.062s
%% Hypothesis Search                       : 1.517s
%% Total                                   : 4.024s
%%%%%%%%%%%%%%%%%%%%%%%%%%%%%%%%%%%%%%%%%%%%%%%%%%%%%%%%%%%%%%%%%%%%%%%%%%%%%%%%
domRec ignored: No domain atoms found.
domRec ignored: No domain atoms found.
domRec ignored: No domain atoms found.
domRec ignored: No domain atoms found.
domRec ignored: No domain atoms found.
domRec ignored: No domain atoms found.
domRec ignored: No domain atoms found.
domRec ignored: No domain atoms found.
domRec ignored: No domain atoms found.
domRec ignored: No domain atoms found.
domRec ignored: No domain atoms found.
domRec ignored: No domain atoms found.
domRec ignored: No domain atoms found.
domRec ignored: No domain atoms found.
domRec ignored: No domain atoms found.
domRec ignored: No domain atoms found.
domRec ignored: No domain atoms found.
domRec ignored: No domain atoms found.
domRec ignored: No domain atoms found.
domRec ignored: No domain atoms found.
domRec ignored: No domain atoms found.
domRec ignored: No domain atoms found.
domRec ignored: No domain atoms found.
domRec ignored: No domain atoms found.
domRec ignored: No domain atoms found.
domRec ignored: No domain atoms found.
domRec ignored: No domain atoms found.
domRec ignored: No domain atoms found.
domRec ignored: No domain atoms found.
domRec ignored: No domain atoms found.
domRec ignored: No domain atoms found.
domRec ignored: No domain atoms found.
domRec ignored: No domain atoms found.
domRec ignored: No domain atoms found.
domRec ignored: No domain atoms found.
domRec ignored: No domain atoms found.
domRec ignored: No domain atoms found.
domRec ignored: No domain atoms found.
domRec ignored: No domain atoms found.
domRec ignored: No domain atoms found.
domRec ignored: No domain atoms found.
domRec ignored: No domain atoms found.
domRec ignored: No domain atoms found.
domRec ignored: No domain atoms found.
domRec ignored: No domain atoms found.
domRec ignored: No domain atoms found.
domRec ignored: No domain atoms found.
domRec ignored: No domain atoms found.
domRec ignored: No domain atoms found.
domRec ignored: No domain atoms found.
domRec ignored: No domain atoms found.
domRec ignored: No domain atoms found.
domRec ignored: No domain atoms found.
domRec ignored: No domain atoms found.
domRec ignored: No domain atoms found.
domRec ignored: No domain atoms found.
domRec ignored: No domain atoms found.
domRec ignored: No domain atoms found.
domRec ignored: No domain atoms found.
domRec ignored: No domain atoms found.
domRec ignored: No domain atoms found.
domRec ignored: No domain atoms found.
domRec ignored: No domain atoms found.
domRec ignored: No domain atoms found.
domRec ignored: No domain atoms found.
domRec ignored: No domain atoms found.
domRec ignored: No domain atoms found.
domRec ignored: No domain atoms found.
domRec ignored: No domain atoms found.
domRec ignored: No domain atoms found.
domRec ignored: No domain atoms found.
domRec ignored: No domain atoms found.
domRec ignored: No domain atoms found.
domRec ignored: No domain atoms found.
domRec ignored: No domain atoms found.
{"tag": "cmp_f20_fold4", "train_seconds": 4.04, "timed_out": false, "exit_code": 0, "succeeded": true, "theory": [":- out(V1); not defeated(V1).", ":- in(V1); not supported(V1)."], "tp": 30, "fp": 0, "tn": 30, "fn": 0, "mcc": 1.0, "acc": 1.0, "mismatches": [], "bare_aaf_exact_preferred_recovery": "25/25"}
