%%%%%%%%%%%%%%%%%%%%%%%%%%%%%%%%%%%%%%%%%%%%%%%%%%%%%%%%%%%%%%%%%%%%%%%%%%%%%%%%
%%                                Iteration 1                                 %%
%%%%%%%%%%%%%%%%%%%%%%%%%%%%%%%%%%%%%%%%%%%%%%%%%%%%%%%%%%%%%%%%%%%%%%%%%%%%%%%%
%%%%%%%%%%%%%%%%%%%%%%%%%%%%%%%%%%%%%%%%%%%%%%%%%%%%%%%%%%%%%%%%%%%%%%%%%%%%%%%%
%%                                Iteration 2                                 %%
%%%%%%%%%%%%%%%%%%%%%%%%%%%%%%%%%%%%%%%%%%%%%%%%%%%%%%%%%%%%%%%%%%%%%%%%%%%%%%%%
%%%%%%%%%%%%%%%%%%%%%%%%%%%%%%%%%%%%%%%%%%%%%%%%%%%%%%%%%%%%%%%%%%%%%%%%%%%%%%%%
%%                                Iteration 3                                 %%
%%%%%%%%%%%%%%%%%%%%%%%%%%%%%%%%%%%%%%%%%%%%%%%%%%%%%%%%%%%%%%%%%%%%%%%%%%%%%%%%
%%%%%%%%%%%%%%%%%%%%%%%%%%%%%%%%%%%%%%%%%%%%%%%%%%%%%%%%%%%%%%%%%%%%%%%%%%%%%%%%
%%                                Iteration 4                                 %%
%%%%%%%%%%%%%%%%%%%%%%%%%%%%%%%%%%%%%%%%%%%%%%%%%%%%%%%%%%%%%%%%%%%%%%%%%%%%%%%%
%%%%%%%%%%%%%%%%%%%%%%%%%%%%%%%%%%%%%%%%%%%%%%%%%%%%%%%%%%%%%%%%%%%%%%%%%%%%%%%%
%%                                Iteration 5                                 %%
%%%%%%%%%%%%%%%%%%%%%%%%%%%%%%%%%%%%%%%%%%%%%%%%%%%%%%%%%%%%%%%%%%%%%%%%%%%%%%%%
%%%%%%%%%%%%%%%%%%%%%%%%%%%%%%%%%%%%%%%%%%%%%%%%%%%%%%%%%%%%%%%%%%%%%%%%%%%%%%%%
%%                                Iteration 6                                 %%
%%%%%%%%%%%%%%%%%%%%%%%%%%%%%%%%%%%%%%%%%%%%%%%%%%%%%%%%%%%%%%%%%%%%%%%%%%%%%%%%
%%%%%%%%%%%%%%%%%%%%%%%%%%%%%%%%%%%%%%%%%%%%%%%%%%%%%%%%%%%%%%%%%%%%%%%%%%%%%%%%
%%                                Iteration 7                                 %%
%%%%%%%%%%%%%%%%%%%%%%%%%%%%%%%%%%%%%%%%%%%%%%%%%%%%%%%%%%%%%%%%%%%%%%%%%%%%%%%%
%%%%%%%%%%%%%%%%%%%%%%%%%%%%%%%%%%%%%%%%%%%%%%%%%%%%%%%%%%%%%%%%%%%%%%%%%%%%%%%%
%%                                Iteration 8                                 %%
%%%%%%%%%%%%%%%%%%%%%%%%%%%%%%%%%%%%%%%%%%%%%%%%%%%%%%%%%%%%%%%%%%%%%%%%%%%%%%%%
%%%%%%%%%%%%%%%%%%%%%%%%%%%%%%%%%%%%%%%%%%%%%%%%%%%%%%%%%%%%%%%%%%%%%%%%%%%%%%%%
%%                                Iteration 9                                 %%
%%%%%%%%%%%%%%%%%%%%%%%%%%%%%%%%%%%%%%%%%%%%%%%%%%%%%%%%%%%%%%%%%%%%%%%%%%%%%%%%
%%%%%%%%%%%%%%%%%%%%%%%%%%%%%%%%%%%%%%%%%%%%%%%%%%%%%%%%%%%%%%%%%%%%%%%%%%%%%%%%
%% Pre-processing                          : 0.014s
%% Hypothesis Space Generation             : 0.179s
%% Conflict analysis                       : 2.606s
%%   - Negative Examples                   : 1.731s
%%   - Positive Examples                   : 0.875s
%% Counterexample search                   : 0.018s
%%   - CDOEs                               : 0s
%%   - CDPIs                               : 0.018s
%% Hypothesis Search                       : 1.632s
%% Total                                   : 5.082s
%%%%%%%%%%%%%%%%%%%%%%%%%%%%%%%%%%%%%%%%%%%%%%%%%%%%%%%%%%%%%%%%%%%%%%%%%%%%%%%%
%% Searching for counterexample... 
%% Found negative counterexample: aaf_7_84_N0 (a total of 1 counterexamples found) 
%% Found hypothesis: [0] 1 
%%  :- not_defended(V1). 
%% Searching for counterexample... 
%% Found negative counterexample: aaf_7_84_N0 (a total of 3 counterexamples found) 
%% Found hypothesis: [1] 1 
%%  :- arg(V1). 
%% Searching for counterexample... 
%% Found positive counterexample: aaf_7_84_P0 (a total of 2 counterexamples found) 
%% Found hypothesis: [127] 3 
%% in(V1) :- att(V2,V1); not out(V1). 
%% Searching for counterexample... 
%% Found negative counterexample: aaf_7_84_N0 (a total of 1 counterexamples found) 
%% Found hypothesis: [1044] 3 
%% out(V1) :- arg(V1); not supported(V1). 
%% Searching for counterexample... 
%% Found negative counterexample: aaf_7_84_N0 (a total of 1 counterexamples found) 
%% Found hypothesis: [8, 107] 4 
%% out(V1) :- defeated(V1). 
%% out(V1) :- not_defended(V1). 
%% Searching for counterexample... 
%% Found negative counterexample: aaf_7_84_N0 (a total of 1 counterexamples found) 
%% Found hypothesis: [23, 113] 4 
%%  :- defeated(V1); not not_defended(V1). 
%%  :- not_defended(V1); not defeated(V1). 
%% Searching for counterexample... 
%% Found negative counterexample: aaf_7_84_N0 (a total of 1 counterexamples found) 
%% Found hypothesis: [8, 113] 4 
%% out(V1) :- defeated(V1). 
%%  :- not_defended(V1); not defeated(V1). 
%% Searching for counterexample... 
%% Found negative counterexample: aaf_7_84_N0 (a total of 1 counterexamples found) 
%% Found hypothesis: [83, 140] 5 
%%  :- supported(V1); not in(V1). 
%%  :- arg(V1); not out(V1); not supported(V1). 
%% Searching for counterexample... 
%% Found negative counterexample: aaf_7_84_N0 (a total of 1 counterexamples found) 
UNSATISFIABLE
