%%%%%%%%%%%%%%%%%%%%%%%%%%%%%%%%%%%%%%%%%%%%%%%%%%%%%%%%%%%%%%%%%%%%%%%%%%%%%%%%
%%                                Iteration 1                                 %%
%%%%%%%%%%%%%%%%%%%%%%%%%%%%%%%%%%%%%%%%%%%%%%%%%%%%%%%%%%%%%%%%%%%%%%%%%%%%%%%%
%%%%%%%%%%%%%%%%%%%%%%%%%%%%%%%%%%%%%%%%%%%%%%%%%%%%%%%%%%%%%%%%%%%%%%%%%%%%%%%%
%%                                Iteration 2                                 %%
%%%%%%%%%%%%%%%%%%%%%%%%%%%%%%%%%%%%%%%%%%%%%%%%%%%%%%%%%%%%%%%%%%%%%%%%%%%%%%%%
%%%%%%%%%%%%%%%%%%%%%%%%%%%%%%%%%%%%%%%%%%%%%%%%%%%%%%%%%%%%%%%%%%%%%%%%%%%%%%%%
%%                                Iteration 3                                 %%
%%%%%%%%%%%%%%%%%%%%%%%%%%%%%%%%%%%%%%%%%%%%%%%%%%%%%%%%%%%%%%%%%%%%%%%%%%%%%%%%
%%%%%%%%%%%%%%%%%%%%%%%%%%%%%%%%%%%%%%%%%%%%%%%%%%%%%%%%%%%%%%%%%%%%%%%%%%%%%%%%
%% Pre-processing                          : 0.018s
%% Hypothesis Space Generation             : 1.322s
%% Conflict analysis                       : 47.586s
%%   - Negative Examples                   : 3.735s
%%   - Positive Examples                   : 43.851s
%% Counterexample search                   : 0.034s
%%   - CDOEs                               : 0s
%%   - CDPIs                               : 0.033s
%% Hypothesis Search                       : 13.09s
%% Total                                   : 64.323s
%%%%%%%%%%%%%%%%%%%%%%%%%%%%%%%%%%%%%%%%%%%%%%%%%%%%%%%%%%%%%%%%%%%%%%%%%%%%%%%%
%% Searching for counterexample... 
%% Found negative counterexample: aaf_4_44_N0 (a total of 28 counterexamples found) 
%% Found hypothesis: [0] 1 
%%  :- att(V1,V2). 
%% Searching for counterexample... 
%% Found positive counterexample: aaf_4_44_P0 (a total of 46 counterexamples found) 
%% Found hypothesis: [59] 2 
%%  :- not_defended(V1); not defeated(V1). 
%% Searching for counterexample... 
%%  
%%  
%% Final Hypothesis: 
%%  
 :- not_defended(V1); not defeated(V1).

