%%%%%%%%%%%%%%%%%%%%%%%%%%%%%%%%%%%%%%%%%%%%%%%%%%%%%%%%%%%%%%%%%%%%%%%%%%%%%%%%
%%                                Iteration 1                                 %%
%%%%%%%%%%%%%%%%%%%%%%%%%%%%%%%%%%%%%%%%%%%%%%%%%%%%%%%%%%%%%%%%%%%%%%%%%%%%%%%%
%%%%%%%%%%%%%%%%%%%%%%%%%%%%%%%%%%%%%%%%%%%%%%%%%%%%%%%%%%%%%%%%%%%%%%%%%%%%%%%%
%%                                Iteration 2                                 %%
%%%%%%%%%%%%%%%%%%%%%%%%%%%%%%%%%%%%%%%%%%%%%%%%%%%%%%%%%%%%%%%%%%%%%%%%%%%%%%%%
%%%%%%%%%%%%%%%%%%%%%%%%%%%%%%%%%%%%%%%%%%%%%%%%%%%%%%%%%%%%%%%%%%%%%%%%%%%%%%%%
%%                                Iteration 3                                 %%
%%%%%%%%%%%%%%%%%%%%%%%%%%%%%%%%%%%%%%%%%%%%%%%%%%%%%%%%%%%%%%%%%%%%%%%%%%%%%%%%
%%%%%%%%%%%%%%%%%%%%%%%%%%%%%%%%%%%%%%%%%%%%%%%%%%%%%%%%%%%%%%%%%%%%%%%%%%%%%%%%
%% Pre-processing                          : 0.017s
%% Hypothesis Space Generation             : 0.187s
%% Conflict analysis                       : 0.976s
%%   - Negative Examples                   : 0.198s
%%   - Positive Examples                   : 0.778s
%% Counterexample search                   : 0.035s
%%   - CDOEs                               : 0s
%%   - CDPIs                               : 0.033s
%% Hypothesis Search                       : 0.458s
%% Total                                   : 1.738s
%%%%%%%%%%%%%%%%%%%%%%%%%%%%%%%%%%%%%%%%%%%%%%%%%%%%%%%%%%%%%%%%%%%%%%%%%%%%%%%%
%% Searching for counterexample... 
%% Found negative counterexample: aaf_4_44_N0 (a total of 28 counterexamples found) 
%% Found hypothesis: [0] 1 
%%  :- not_defended(V1). 
%% Searching for counterexample... 
%% Found positive counterexample: aaf_4_44_P0 (a total of 46 counterexamples found) 
%% Found hypothesis: [107] 2 
%% out(V1) :- not_defended(V1). 
%% Searching for counterexample... 
%%  
%%  
%% Final Hypothesis: 
%%  
out(V1) :- not_defended(V1).

