%%%%%%%%%%%%%%%%%%%%%%%%%%%%%%%%%%%%%%%%%%%%%%%%%%%%%%%%%%%%%%%%%%%%%%%%%%%%%%%%
%%                                Iteration 1                                 %%
%%%%%%%%%%%%%%%%%%%%%%%%%%%%%%%%%%%%%%%%%%%%%%%%%%%%%%%%%%%%%%%%%%%%%%%%%%%%%%%%
%%%%%%%%%%%%%%%%%%%%%%%%%%%%%%%%%%%%%%%%%%%%%%%%%%%%%%%%%%%%%%%%%%%%%%%%%%%%%%%%
%%                                Iteration 2                                 %%
%%%%%%%%%%%%%%%%%%%%%%%%%%%%%%%%%%%%%%%%%%%%%%%%%%%%%%%%%%%%%%%%%%%%%%%%%%%%%%%%
%%%%%%%%%%%%%%%%%%%%%%%%%%%%%%%%%%%%%%%%%%%%%%%%%%%%%%%%%%%%%%%%%%%%%%%%%%%%%%%%
%%                                Iteration 3                                 %%
%%%%%%%%%%%%%%%%%%%%%%%%%%%%%%%%%%%%%%%%%%%%%%%%%%%%%%%%%%%%%%%%%%%%%%%%%%%%%%%%
%%%%%%%%%%%%%%%%%%%%%%%%%%%%%%%%%%%%%%%%%%%%%%%%%%%%%%%%%%%%%%%%%%%%%%%%%%%%%%%%
%%                                Iteration 4                                 %%
%%%%%%%%%%%%%%%%%%%%%%%%%%%%%%%%%%%%%%%%%%%%%%%%%%%%%%%%%%%%%%%%%%%%%%%%%%%%%%%%
%%%%%%%%%%%%%%%%%%%%%%%%%%%%%%%%%%%%%%%%%%%%%%%%%%%%%%%%%%%%%%%%%%%%%%%%%%%%%%%%
%%                                Iteration 5                                 %%
%%%%%%%%%%%%%%%%%%%%%%%%%%%%%%%%%%%%%%%%%%%%%%%%%%%%%%%%%%%%%%%%%%%%%%%%%%%%%%%%
%%%%%%%%%%%%%%%%%%%%%%%%%%%%%%%%%%%%%%%%%%%%%%%%%%%%%%%%%%%%%%%%%%%%%%%%%%%%%%%%
%%                                Iteration 6                                 %%
%%%%%%%%%%%%%%%%%%%%%%%%%%%%%%%%%%%%%%%%%%%%%%%%%%%%%%%%%%%%%%%%%%%%%%%%%%%%%%%%
%%%%%%%%%%%%%%%%%%%%%%%%%%%%%%%%%%%%%%%%%%%%%%%%%%%%%%%%%%%%%%%%%%%%%%%%%%%%%%%%
%%                                Iteration 7                                 %%
%%%%%%%%%%%%%%%%%%%%%%%%%%%%%%%%%%%%%%%%%%%%%%%%%%%%%%%%%%%%%%%%%%%%%%%%%%%%%%%%
%%%%%%%%%%%%%%%%%%%%%%%%%%%%%%%%%%%%%%%%%%%%%%%%%%%%%%%%%%%%%%%%%%%%%%%%%%%%%%%%
%%                                Iteration 8                                 %%
%%%%%%%%%%%%%%%%%%%%%%%%%%%%%%%%%%%%%%%%%%%%%%%%%%%%%%%%%%%%%%%%%%%%%%%%%%%%%%%%
%%%%%%%%%%%%%%%%%%%%%%%%%%%%%%%%%%%%%%%%%%%%%%%%%%%%%%%%%%%%%%%%%%%%%%%%%%%%%%%%
%% Pre-processing                          : 0.023s
%% Hypothesis Space Generation             : 0.184s
%% Conflict analysis                       : 1.863s
%%   - Negative Examples                   : 1.095s
%%   - Positive Examples                   : 0.768s
%% Counterexample search                   : 0.135s
%%   - CDOEs                               : 0.002s
%%   - CDPIs                               : 0.131s
%% Hypothesis Search                       : 1.679s
%% Total                                   : 3.95s
%%%%%%%%%%%%%%%%%%%%%%%%%%%%%%%%%%%%%%%%%%%%%%%%%%%%%%%%%%%%%%%%%%%%%%%%%%%%%%%%
%% Searching for counterexample... 
%% Found negative counterexample: aaf_4_100_N0 (a total of 82 counterexamples found) 
%% Found hypothesis: [0] 1 
%%  :- not_defended(V1). 
%% Searching for counterexample... 
%% Found positive counterexample: aaf_4_100_P0 (a total of 89 counterexamples found) 
%% Found hypothesis: [107] 2 
%% out(V1) :- not_defended(V1). 
%% Searching for counterexample... 
%% Found negative counterexample: aaf_4_100_PRF_NEG_3 (a total of 41 counterexamples found) 
%% Found hypothesis: [1044] 3 
%% out(V1) :- arg(V1); not supported(V1). 
%% Searching for counterexample... 
%% Found negative counterexample: aaf_4_30_PRF_NEG_3 (a total of 10 counterexamples found) 
%% Found hypothesis: [191] 3 
%% out(V1) :- att(V2,V1); not att(V1,V2). 
%% Searching for counterexample... 
%% Found negative counterexample: aaf_4_82_PRF_NEG_2 (a total of 19 counterexamples found) 
%% Found hypothesis: [115, 123] 4 
%%  :- not_defended(V1); not out(V1). 
%%  :- defeated(V1); not out(V1). 
%% Searching for counterexample... 
%% Found negative counterexample: aaf_4_94_PRF_NEG_3 (a total of 3 counterexamples found) 
%% Found hypothesis: [63, 107] 4 
%%  :- out(V1); not not_defended(V1). 
%% out(V1) :- not_defended(V1). 
%% Searching for counterexample... 
%% Found negative counterexample: aaf_4_30_PRF_NEG_2 (a total of 13 counterexamples found) 
%% Found hypothesis: [89, 172] 5 
%% in(V1) :- supported(V1). 
%% out(V1) :- att(V2,V1); not supported(V1). 
%% Searching for counterexample... 
%%  
%%  
%% Final Hypothesis: 
%%  
in(V1) :- supported(V1).
out(V1) :- att(V2,V1); not supported(V1).

