%%%%%%%%%%%%%%%%%%%%%%%%%%%%%%%%%%%%%%%%%%%%%%%%%%%%%%%%%%%%%%%%%%%%%%%%%%%%%%%%
%%                                Iteration 1                                 %%
%%%%%%%%%%%%%%%%%%%%%%%%%%%%%%%%%%%%%%%%%%%%%%%%%%%%%%%%%%%%%%%%%%%%%%%%%%%%%%%%
%%%%%%%%%%%%%%%%%%%%%%%%%%%%%%%%%%%%%%%%%%%%%%%%%%%%%%%%%%%%%%%%%%%%%%%%%%%%%%%%
%%                                Iteration 2                                 %%
%%%%%%%%%%%%%%%%%%%%%%%%%%%%%%%%%%%%%%%%%%%%%%%%%%%%%%%%%%%%%%%%%%%%%%%%%%%%%%%%
%%%%%%%%%%%%%%%%%%%%%%%%%%%%%%%%%%%%%%%%%%%%%%%%%%%%%%%%%%%%%%%%%%%%%%%%%%%%%%%%
%%                                Iteration 3                                 %%
%%%%%%%%%%%%%%%%%%%%%%%%%%%%%%%%%%%%%%%%%%%%%%%%%%%%%%%%%%%%%%%%%%%%%%%%%%%%%%%%
%%%%%%%%%%%%%%%%%%%%%%%%%%%%%%%%%%%%%%%%%%%%%%%%%%%%%%%%%%%%%%%%%%%%%%%%%%%%%%%%
%%                                Iteration 4                                 %%
%%%%%%%%%%%%%%%%%%%%%%%%%%%%%%%%%%%%%%%%%%%%%%%%%%%%%%%%%%%%%%%%%%%%%%%%%%%%%%%%
%%%%%%%%%%%%%%%%%%%%%%%%%%%%%%%%%%%%%%%%%%%%%%%%%%%%%%%%%%%%%%%%%%%%%%%%%%%%%%%%
%%                                Iteration 5                                 %%
%%%%%%%%%%%%%%%%%%%%%%%%%%%%%%%%%%%%%%%%%%%%%%%%%%%%%%%%%%%%%%%%%%%%%%%%%%%%%%%%
%%%%%%%%%%%%%%%%%%%%%%%%%%%%%%%%%%%%%%%%%%%%%%%%%%%%%%%%%%%%%%%%%%%%%%%%%%%%%%%%
%%                                Iteration 6                                 %%
%%%%%%%%%%%%%%%%%%%%%%%%%%%%%%%%%%%%%%%%%%%%%%%%%%%%%%%%%%%%%%%%%%%%%%%%%%%%%%%%
%%%%%%%%%%%%%%%%%%%%%%%%%%%%%%%%%%%%%%%%%%%%%%%%%%%%%%%%%%%%%%%%%%%%%%%%%%%%%%%%
%%                                Iteration 7                                 %%
%%%%%%%%%%%%%%%%%%%%%%%%%%%%%%%%%%%%%%%%%%%%%%%%%%%%%%%%%%%%%%%%%%%%%%%%%%%%%%%%
%%%%%%%%%%%%%%%%%%%%%%%%%%%%%%%%%%%%%%%%%%%%%%%%%%%%%%%%%%%%%%%%%%%%%%%%%%%%%%%%
%%                                Iteration 8                                 %%
%%%%%%%%%%%%%%%%%%%%%%%%%%%%%%%%%%%%%%%%%%%%%%%%%%%%%%%%%%%%%%%%%%%%%%%%%%%%%%%%
%%%%%%%%%%%%%%%%%%%%%%%%%%%%%%%%%%%%%%%%%%%%%%%%%%%%%%%%%%%%%%%%%%%%%%%%%%%%%%%%
%%                                Iteration 9                                 %%
%%%%%%%%%%%%%%%%%%%%%%%%%%%%%%%%%%%%%%%%%%%%%%%%%%%%%%%%%%%%%%%%%%%%%%%%%%%%%%%%
%%%%%%%%%%%%%%%%%%%%%%%%%%%%%%%%%%%%%%%%%%%%%%%%%%%%%%%%%%%%%%%%%%%%%%%%%%%%%%%%
%% Pre-processing                          : 0.023s
%% Hypothesis Space Generation             : 0.713s
%% Conflict analysis                       : 4.058s
%%   - Negative Examples                   : 2.287s
%%   - Positive Examples                   : 1.771s
%% Counterexample search                   : 0.149s
%%   - CDOEs                               : 0.002s
%%   - CDPIs                               : 0.145s
%% Hypothesis Search                       : 4.513s
%% Total                                   : 9.623s
%%%%%%%%%%%%%%%%%%%%%%%%%%%%%%%%%%%%%%%%%%%%%%%%%%%%%%%%%%%%%%%%%%%%%%%%%%%%%%%%
%% Searching for counterexample... 
%% Found negative counterexample: aaf_4_100_N0 (a total of 82 counterexamples found) 
%% Found hypothesis: [0] 1 
%%  :- not_defended(V1). 
%% Searching for counterexample... 
%% Found positive counterexample: aaf_4_100_P0 (a total of 89 counterexamples found) 
%% Found hypothesis: [118] 2 
%%  :- not_defended(V1); not out(V1). 
%% Searching for counterexample... 
%% Found negative counterexample: aaf_4_100_PRF_NEG_3 (a total of 41 counterexamples found) 
%% Found hypothesis: [1487] 3 
%%  :- att(V1,V2); not out(V2); not supported(V2). 
%% Searching for counterexample... 
%% Found negative counterexample: aaf_4_30_PRF_NEG_3 (a total of 10 counterexamples found) 
%% Found hypothesis: [424] 3 
%% out(V1) :- att(V2,V1); not att(V1,V2). 
%% Searching for counterexample... 
%% Found negative counterexample: aaf_4_82_PRF_NEG_2 (a total of 19 counterexamples found) 
%% Found hypothesis: [118, 129] 4 
%%  :- not_defended(V1); not out(V1). 
%%  :- defeated(V1); not out(V1). 
%% Searching for counterexample... 
%% Found negative counterexample: aaf_4_94_PRF_NEG_3 (a total of 3 counterexamples found) 
%% Found hypothesis: [110, 119] 4 
%%  :- out(V1); not not_defended(V1). 
%%  :- not_defended(V1); not defeated(V1). 
%% Searching for counterexample... 
%% Found negative counterexample: aaf_4_100_PRF_NEG_2 (a total of 21 counterexamples found) 
%% Found hypothesis: [110, 118] 4 
%%  :- out(V1); not not_defended(V1). 
%%  :- not_defended(V1); not out(V1). 
%% Searching for counterexample... 
%% Found negative counterexample: aaf_4_30_PRF_NEG_2 (a total of 13 counterexamples found) 
%% Found hypothesis: [83, 1341] 5 
%%  :- out(V1); supported(V1). 
%% out(V1) :- att(V1,V2); not out(V2). 
%% Searching for counterexample... 
%%  
%%  
%% Final Hypothesis: 
%%  
 :- out(V1); supported(V1).
out(V1) :- att(V1,V2); not out(V2).

