%%%%%%%%%%%%%%%%%%%%%%%%%%%%%%%%%%%%%%%%%%%%%%%%%%%%%%%%%%%%%%%%%%%%%%%%%%%%%%%%
%%                                Iteration 1                                 %%
%%%%%%%%%%%%%%%%%%%%%%%%%%%%%%%%%%%%%%%%%%%%%%%%%%%%%%%%%%%%%%%%%%%%%%%%%%%%%%%%
%%%%%%%%%%%%%%%%%%%%%%%%%%%%%%%%%%%%%%%%%%%%%%%%%%%%%%%%%%%%%%%%%%%%%%%%%%%%%%%%
%%                                Iteration 2                                 %%
%%%%%%%%%%%%%%%%%%%%%%%%%%%%%%%%%%%%%%%%%%%%%%%%%%%%%%%%%%%%%%%%%%%%%%%%%%%%%%%%
%%%%%%%%%%%%%%%%%%%%%%%%%%%%%%%%%%%%%%%%%%%%%%%%%%%%%%%%%%%%%%%%%%%%%%%%%%%%%%%%
%%                                Iteration 3                                 %%
%%%%%%%%%%%%%%%%%%%%%%%%%%%%%%%%%%%%%%%%%%%%%%%%%%%%%%%%%%%%%%%%%%%%%%%%%%%%%%%%
%%%%%%%%%%%%%%%%%%%%%%%%%%%%%%%%%%%%%%%%%%%%%%%%%%%%%%%%%%%%%%%%%%%%%%%%%%%%%%%%
%%                                Iteration 4                                 %%
%%%%%%%%%%%%%%%%%%%%%%%%%%%%%%%%%%%%%%%%%%%%%%%%%%%%%%%%%%%%%%%%%%%%%%%%%%%%%%%%
%%%%%%%%%%%%%%%%%%%%%%%%%%%%%%%%%%%%%%%%%%%%%%%%%%%%%%%%%%%%%%%%%%%%%%%%%%%%%%%%
%%                                Iteration 5                                 %%
%%%%%%%%%%%%%%%%%%%%%%%%%%%%%%%%%%%%%%%%%%%%%%%%%%%%%%%%%%%%%%%%%%%%%%%%%%%%%%%%
%%%%%%%%%%%%%%%%%%%%%%%%%%%%%%%%%%%%%%%%%%%%%%%%%%%%%%%%%%%%%%%%%%%%%%%%%%%%%%%%
%%                                Iteration 6                                 %%
%%%%%%%%%%%%%%%%%%%%%%%%%%%%%%%%%%%%%%%%%%%%%%%%%%%%%%%%%%%%%%%%%%%%%%%%%%%%%%%%
%%%%%%%%%%%%%%%%%%%%%%%%%%%%%%%%%%%%%%%%%%%%%%%%%%%%%%%%%%%%%%%%%%%%%%%%%%%%%%%%
%% Pre-processing                          : 0.023s
%% Hypothesis Space Generation             : 0.183s
%% Conflict analysis                       : 1.48s
%%   - Negative Examples                   : 0.712s
%%   - Positive Examples                   : 0.768s
%% Counterexample search                   : 0.077s
%%   - CDOEs                               : 0s
%%   - CDPIs                               : 0.074s
%% Hypothesis Search                       : 1.53s
%% Total                                   : 3.356s
%%%%%%%%%%%%%%%%%%%%%%%%%%%%%%%%%%%%%%%%%%%%%%%%%%%%%%%%%%%%%%%%%%%%%%%%%%%%%%%%
%% Searching for counterexample... 
%% Found negative counterexample: aaf_4_13_PRF_NEG_3T (a total of 40 counterexamples found) 
%% Found hypothesis: [0] 1 
%%  :- not_defended(V1). 
%% Searching for counterexample... 
%% Found positive counterexample: aaf_4_12_PRF_POS_1T (a total of 60 counterexamples found) 
%% Found hypothesis: [115] 2 
%%  :- not_defended(V1); not out(V1). 
%% Searching for counterexample... 
%% Found negative counterexample: aaf_4_23_PRF_NEG_1T (a total of 22 counterexamples found) 
%% Found hypothesis: [100] 2 
%%  :- in(V1); not supported(V1). 
%% Searching for counterexample... 
%% Found negative counterexample: aaf_4_72_PRF_NEG_5T (a total of 7 counterexamples found) 
%% Found hypothesis: [191] 3 
%% out(V1) :- att(V2,V1); not att(V1,V2). 
%% Searching for counterexample... 
%% Found negative counterexample: aaf_5_15_PRF_NEG_4T (a total of 13 counterexamples found) 
%% Found hypothesis: [8, 53] 4 
%% out(V1) :- defeated(V1). 
%%  :- out(V1); not defeated(V1). 
%% Searching for counterexample... 
%%  
%%  
%% Final Hypothesis: 
%%  
out(V1) :- defeated(V1).
 :- out(V1); not defeated(V1).

