%%%%%%%%%%%%%%%%%%%%%%%%%%%%%%%%%%%%%%%%%%%%%%%%%%%%%%%%%%%%%%%%%%%%%%%%%%%%%%%%
%%                                Iteration 1                                 %%
%%%%%%%%%%%%%%%%%%%%%%%%%%%%%%%%%%%%%%%%%%%%%%%%%%%%%%%%%%%%%%%%%%%%%%%%%%%%%%%%
%%%%%%%%%%%%%%%%%%%%%%%%%%%%%%%%%%%%%%%%%%%%%%%%%%%%%%%%%%%%%%%%%%%%%%%%%%%%%%%%
%%                                Iteration 2                                 %%
%%%%%%%%%%%%%%%%%%%%%%%%%%%%%%%%%%%%%%%%%%%%%%%%%%%%%%%%%%%%%%%%%%%%%%%%%%%%%%%%
%%%%%%%%%%%%%%%%%%%%%%%%%%%%%%%%%%%%%%%%%%%%%%%%%%%%%%%%%%%%%%%%%%%%%%%%%%%%%%%%
%%                                Iteration 3                                 %%
%%%%%%%%%%%%%%%%%%%%%%%%%%%%%%%%%%%%%%%%%%%%%%%%%%%%%%%%%%%%%%%%%%%%%%%%%%%%%%%%
%%%%%%%%%%%%%%%%%%%%%%%%%%%%%%%%%%%%%%%%%%%%%%%%%%%%%%%%%%%%%%%%%%%%%%%%%%%%%%%%
%%                                Iteration 4                                 %%
%%%%%%%%%%%%%%%%%%%%%%%%%%%%%%%%%%%%%%%%%%%%%%%%%%%%%%%%%%%%%%%%%%%%%%%%%%%%%%%%
%%%%%%%%%%%%%%%%%%%%%%%%%%%%%%%%%%%%%%%%%%%%%%%%%%%%%%%%%%%%%%%%%%%%%%%%%%%%%%%%
%%                                Iteration 5                                 %%
%%%%%%%%%%%%%%%%%%%%%%%%%%%%%%%%%%%%%%%%%%%%%%%%%%%%%%%%%%%%%%%%%%%%%%%%%%%%%%%%
%%%%%%%%%%%%%%%%%%%%%%%%%%%%%%%%%%%%%%%%%%%%%%%%%%%%%%%%%%%%%%%%%%%%%%%%%%%%%%%%
%%                                Iteration 6                                 %%
%%%%%%%%%%%%%%%%%%%%%%%%%%%%%%%%%%%%%%%%%%%%%%%%%%%%%%%%%%%%%%%%%%%%%%%%%%%%%%%%
%%%%%%%%%%%%%%%%%%%%%%%%%%%%%%%%%%%%%%%%%%%%%%%%%%%%%%%%%%%%%%%%%%%%%%%%%%%%%%%%
%%                                Iteration 7                                 %%
%%%%%%%%%%%%%%%%%%%%%%%%%%%%%%%%%%%%%%%%%%%%%%%%%%%%%%%%%%%%%%%%%%%%%%%%%%%%%%%%
%%%%%%%%%%%%%%%%%%%%%%%%%%%%%%%%%%%%%%%%%%%%%%%%%%%%%%%%%%%%%%%%%%%%%%%%%%%%%%%%
%%                                Iteration 8                                 %%
%%%%%%%%%%%%%%%%%%%%%%%%%%%%%%%%%%%%%%%%%%%%%%%%%%%%%%%%%%%%%%%%%%%%%%%%%%%%%%%%
%%%%%%%%%%%%%%%%%%%%%%%%%%%%%%%%%%%%%%%%%%%%%%%%%%%%%%%%%%%%%%%%%%%%%%%%%%%%%%%%
%%                                Iteration 9                                 %%
%%%%%%%%%%%%%%%%%%%%%%%%%%%%%%%%%%%%%%%%%%%%%%%%%%%%%%%%%%%%%%%%%%%%%%%%%%%%%%%%
%%%%%%%%%%%%%%%%%%%%%%%%%%%%%%%%%%%%%%%%%%%%%%%%%%%%%%%%%%%%%%%%%%%%%%%%%%%%%%%%
%% Pre-processing                          : 0.02s
%% Hypothesis Space Generation             : 1.35s
%% Conflict analysis                       : 122.686s
%%   - Negative Examples                   : 23.988s
%%   - Positive Examples                   : 98.698s
%% Counterexample search                   : 0.18s
%%   - CDOEs                               : 0.005s
%%   - CDPIs                               : 0.175s
%% Hypothesis Search                       : 59.649s
%% Total                                   : 208.231s
%%%%%%%%%%%%%%%%%%%%%%%%%%%%%%%%%%%%%%%%%%%%%%%%%%%%%%%%%%%%%%%%%%%%%%%%%%%%%%%%
%% Searching for counterexample... 
%% Found negative counterexample: aaf_4_100_N0 (a total of 132 counterexamples found) 
%% Found hypothesis: [0] 1 
%%  :- att(V1,V2). 
%% Searching for counterexample... 
%% Found positive counterexample: aaf_4_100_P0 (a total of 68 counterexamples found) 
%% Found hypothesis: [59] 2 
%%  :- not_defended(V1); not defeated(V1). 
%% Searching for counterexample... 
%% Found negative counterexample: aaf_4_100_PRF_NEG_2 (a total of 114 counterexamples found) 
%% Found hypothesis: [61] 2 
%%  :- not_defended(V1); not out(V1). 
%% Searching for counterexample... 
%% Found negative counterexample: aaf_4_100_PRF_NEG_3 (a total of 71 counterexamples found) 
%% Found hypothesis: [1159] 3 
%% out(V1) :- att(V2,V1); not att(V1,V2). 
%% Searching for counterexample... 
%% Found negative counterexample: aaf_4_82_PRF_NEG_2 (a total of 36 counterexamples found) 
%% Found hypothesis: [414] 3 
%% out(V1) :- att(V1,V2); not out(V2). 
%% Searching for counterexample... 
%% Found negative counterexample: aaf_4_30_PRF_NEG_3 (a total of 74 counterexamples found) 
%% Found hypothesis: [61, 99] 4 
%%  :- not_defended(V1); not out(V1). 
%%  :- defeated(V1); not out(V1). 
%% Searching for counterexample... 
%% Found negative counterexample: aaf_4_94_PRF_NEG_3 (a total of 19 counterexamples found) 
%% Found hypothesis: [36, 61] 4 
%%  :- out(V1); not not_defended(V1). 
%%  :- not_defended(V1); not out(V1). 
%% Searching for counterexample... 
%% Found negative counterexample: aaf_4_30_PRF_NEG_2 (a total of 30 counterexamples found) 
%% Found hypothesis: [116, 431] 5 
%%  :- in(V1); defeated(V1). 
%%  :- att(V1,V2); not in(V2); not defeated(V2). 
%% Searching for counterexample... 
%% Found positive counterexample: aaf_5_16_P0 (a total of 16 counterexamples found) 
UNSATISFIABLE
