%%%%%%%%%%%%%%%%%%%%%%%%%%%%%%%%%%%%%%%%%%%%%%%%%%%%%%%%%%%%%%%%%%%%%%%%%%%%%%%%
%%                                Iteration 1                                 %%
%%%%%%%%%%%%%%%%%%%%%%%%%%%%%%%%%%%%%%%%%%%%%%%%%%%%%%%%%%%%%%%%%%%%%%%%%%%%%%%%
%%%%%%%%%%%%%%%%%%%%%%%%%%%%%%%%%%%%%%%%%%%%%%%%%%%%%%%%%%%%%%%%%%%%%%%%%%%%%%%%
%%                                Iteration 2                                 %%
%%%%%%%%%%%%%%%%%%%%%%%%%%%%%%%%%%%%%%%%%%%%%%%%%%%%%%%%%%%%%%%%%%%%%%%%%%%%%%%%
%%%%%%%%%%%%%%%%%%%%%%%%%%%%%%%%%%%%%%%%%%%%%%%%%%%%%%%%%%%%%%%%%%%%%%%%%%%%%%%%
%%                                Iteration 3                                 %%
%%%%%%%%%%%%%%%%%%%%%%%%%%%%%%%%%%%%%%%%%%%%%%%%%%%%%%%%%%%%%%%%%%%%%%%%%%%%%%%%
%%%%%%%%%%%%%%%%%%%%%%%%%%%%%%%%%%%%%%%%%%%%%%%%%%%%%%%%%%%%%%%%%%%%%%%%%%%%%%%%
%%                                Iteration 4                                 %%
%%%%%%%%%%%%%%%%%%%%%%%%%%%%%%%%%%%%%%%%%%%%%%%%%%%%%%%%%%%%%%%%%%%%%%%%%%%%%%%%
%%%%%%%%%%%%%%%%%%%%%%%%%%%%%%%%%%%%%%%%%%%%%%%%%%%%%%%%%%%%%%%%%%%%%%%%%%%%%%%%
%%                                Iteration 5                                 %%
%%%%%%%%%%%%%%%%%%%%%%%%%%%%%%%%%%%%%%%%%%%%%%%%%%%%%%%%%%%%%%%%%%%%%%%%%%%%%%%%
%%%%%%%%%%%%%%%%%%%%%%%%%%%%%%%%%%%%%%%%%%%%%%%%%%%%%%%%%%%%%%%%%%%%%%%%%%%%%%%%
%% Pre-processing                          : 0.011s
%% Hypothesis Space Generation             : 0.18s
%% Conflict analysis                       : 1.273s
%%   - Negative Examples                   : 0.53s
%%   - Positive Examples                   : 0.743s
%% Counterexample search                   : 0.029s
%%   - CDOEs                               : 0s
%%   - CDPIs                               : 0.027s
%% Hypothesis Search                       : 0.871s
%% Total                                   : 2.427s
%%%%%%%%%%%%%%%%%%%%%%%%%%%%%%%%%%%%%%%%%%%%%%%%%%%%%%%%%%%%%%%%%%%%%%%%%%%%%%%%
%% Searching for counterexample... 
%% Found negative counterexample: aaf_4_12_GRD_NEG_1T (a total of 10 counterexamples found) 
%% Found hypothesis: [1] 1 
%%  :- arg(V1). 
%% Searching for counterexample... 
%% Found positive counterexample: aaf_4_17_GRD_POS_1T (a total of 10 counterexamples found) 
%% Found hypothesis: [115] 2 
%%  :- not_defended(V1); not out(V1). 
%% Searching for counterexample... 
%% Found negative counterexample: aaf_5_84_GRD_NEG_3T (a total of 4 counterexamples found) 
%% Found hypothesis: [100] 2 
%%  :- in(V1); not supported(V1). 
%% Searching for counterexample... 
%% Found negative counterexample: aaf_4_80_GRD_NEG_4T (a total of 2 counterexamples found) 
%% Found hypothesis: [760] 3 
%%  :- att(V1,V2); not out(V2); not not_defended(V1). 
%% Searching for counterexample... 
%%  
%%  
%% Final Hypothesis: 
%%  
 :- att(V1,V2); not out(V2); not not_defended(V1).

