%%%%%%%%%%%%%%%%%%%%%%%%%%%%%%%%%%%%%%%%%%%%%%%%%%%%%%%%%%%%%%%%%%%%%%%%%%%%%%%%
%%                                Iteration 1                                 %%
%%%%%%%%%%%%%%%%%%%%%%%%%%%%%%%%%%%%%%%%%%%%%%%%%%%%%%%%%%%%%%%%%%%%%%%%%%%%%%%%
%%%%%%%%%%%%%%%%%%%%%%%%%%%%%%%%%%%%%%%%%%%%%%%%%%%%%%%%%%%%%%%%%%%%%%%%%%%%%%%%
%%                                Iteration 2                                 %%
%%%%%%%%%%%%%%%%%%%%%%%%%%%%%%%%%%%%%%%%%%%%%%%%%%%%%%%%%%%%%%%%%%%%%%%%%%%%%%%%
%%%%%%%%%%%%%%%%%%%%%%%%%%%%%%%%%%%%%%%%%%%%%%%%%%%%%%%%%%%%%%%%%%%%%%%%%%%%%%%%
%%                                Iteration 3                                 %%
%%%%%%%%%%%%%%%%%%%%%%%%%%%%%%%%%%%%%%%%%%%%%%%%%%%%%%%%%%%%%%%%%%%%%%%%%%%%%%%%
%%%%%%%%%%%%%%%%%%%%%%%%%%%%%%%%%%%%%%%%%%%%%%%%%%%%%%%%%%%%%%%%%%%%%%%%%%%%%%%%
%%                                Iteration 4                                 %%
%%%%%%%%%%%%%%%%%%%%%%%%%%%%%%%%%%%%%%%%%%%%%%%%%%%%%%%%%%%%%%%%%%%%%%%%%%%%%%%%
%%%%%%%%%%%%%%%%%%%%%%%%%%%%%%%%%%%%%%%%%%%%%%%%%%%%%%%%%%%%%%%%%%%%%%%%%%%%%%%%
%%                                Iteration 5                                 %%
%%%%%%%%%%%%%%%%%%%%%%%%%%%%%%%%%%%%%%%%%%%%%%%%%%%%%%%%%%%%%%%%%%%%%%%%%%%%%%%%
%%%%%%%%%%%%%%%%%%%%%%%%%%%%%%%%%%%%%%%%%%%%%%%%%%%%%%%%%%%%%%%%%%%%%%%%%%%%%%%%
%%                                Iteration 6                                 %%
%%%%%%%%%%%%%%%%%%%%%%%%%%%%%%%%%%%%%%%%%%%%%%%%%%%%%%%%%%%%%%%%%%%%%%%%%%%%%%%%
%%%%%%%%%%%%%%%%%%%%%%%%%%%%%%%%%%%%%%%%%%%%%%%%%%%%%%%%%%%%%%%%%%%%%%%%%%%%%%%%
%% Pre-processing                          : 0.011s
%% Hypothesis Space Generation             : 0.177s
%% Conflict analysis                       : 1.458s
%%   - Negative Examples                   : 0.705s
%%   - Positive Examples                   : 0.753s
%% Counterexample search                   : 0.037s
%%   - CDOEs                               : 0s
%%   - CDPIs                               : 0.036s
%% Hypothesis Search                       : 1.203s
%% Total                                   : 2.95s
%%%%%%%%%%%%%%%%%%%%%%%%%%%%%%%%%%%%%%%%%%%%%%%%%%%%%%%%%%%%%%%%%%%%%%%%%%%%%%%%
%% Searching for counterexample... 
%% Found negative counterexample: aaf_4_100_PRF_NEG_1T (a total of 10 counterexamples found) 
%% Found hypothesis: [1] 1 
%%  :- arg(V1). 
%% Searching for counterexample... 
%% Found positive counterexample: aaf_4_11_PRF_POS_1T (a total of 10 counterexamples found) 
%% Found hypothesis: [100] 2 
%%  :- in(V1); not supported(V1). 
%% Searching for counterexample... 
%% Found negative counterexample: aaf_4_44_PRF_NEG_2T (a total of 1 counterexamples found) 
%% Found hypothesis: [2666] 4 
%% in(V1) :- att(V1,V2); not in(V2); not att(V2,V1). 
%% Searching for counterexample... 
%% Found negative counterexample: aaf_4_21_PRF_NEG_3T (a total of 12 counterexamples found) 
%% Found hypothesis: [23, 113] 4 
%%  :- defeated(V1); not not_defended(V1). 
%%  :- not_defended(V1); not defeated(V1). 
%% Searching for counterexample... 
%% Found negative counterexample: aaf_5_95_PRF_NEG_3T (a total of 1 counterexamples found) 
%% Found hypothesis: [8, 113] 4 
%% out(V1) :- defeated(V1). 
%%  :- not_defended(V1); not defeated(V1). 
%% Searching for counterexample... 
%%  
%%  
%% Final Hypothesis: 
%%  
out(V1) :- defeated(V1).
 :- not_defended(V1); not defeated(V1).

