This is pdfTeX, Version 3.141592653-2.6-1.40.29 (TeX Live 2026) (preloaded format=pdflatex 2026.3.11)  16 JUL 2026 09:02
entering extended mode
 restricted \write18 enabled.
 %&-line parsing enabled.
**aij_draft.tex
(./aij_draft.tex
LaTeX2e <2025-11-01>
L3 programming layer <2026-01-19>
(/Users/fdasaro/Library/texmf/tex/latex/elsarticle/elsarticle.cls
Document Class: elsarticle 2026/01/09, 3.5: Elsevier Ltd
(/usr/local/texlive/2026basic/texmf-dist/tex/latex/base/fontenc.sty
Package: fontenc 2025/07/18 v2.1d Standard LaTeX package
)
(/usr/local/texlive/2026basic/texmf-dist/tex/latex/l3kernel/expl3.sty
Package: expl3 2026-01-19 L3 programming layer (loader) 

(/usr/local/texlive/2026basic/texmf-dist/tex/latex/l3backend/l3backend-pdftex.d
ef
File: l3backend-pdftex.def 2025-10-09 L3 backend support: PDF output (pdfTeX)
\l__color_backend_stack_int=\count275
))
(/usr/local/texlive/2026basic/texmf-dist/tex/latex/l3packages/xparse/xparse.sty
Package: xparse 2025-10-09 L3 Experimental document command parser
) (/usr/local/texlive/2026basic/texmf-dist/tex/latex/etoolbox/etoolbox.sty
Package: etoolbox 2025/10/02 v2.5m e-TeX tools for LaTeX (JAW)
\etb@tempcnta=\count276
)
\@bls=\dimen148

(/usr/local/texlive/2026basic/texmf-dist/tex/latex/base/article.cls
Document Class: article 2025/01/22 v1.4n Standard LaTeX document class
(/usr/local/texlive/2026basic/texmf-dist/tex/latex/base/size12.clo
File: size12.clo 2025/01/22 v1.4n Standard LaTeX file (size option)
)
\c@part=\count277
\c@section=\count278
\c@subsection=\count279
\c@subsubsection=\count280
\c@paragraph=\count281
\c@subparagraph=\count282
\c@figure=\count283
\c@table=\count284
\abovecaptionskip=\skip49
\belowcaptionskip=\skip50
\bibindent=\dimen149
)
(/usr/local/texlive/2026basic/texmf-dist/tex/latex/graphics/graphicx.sty
Package: graphicx 2024/12/31 v1.2e Enhanced LaTeX Graphics (DPC,SPQR)

(/usr/local/texlive/2026basic/texmf-dist/tex/latex/graphics/keyval.sty
Package: keyval 2022/05/29 v1.15 key=value parser (DPC)
\KV@toks@=\toks17
)
(/usr/local/texlive/2026basic/texmf-dist/tex/latex/graphics/graphics.sty
Package: graphics 2024/08/06 v1.4g Standard LaTeX Graphics (DPC,SPQR)

(/usr/local/texlive/2026basic/texmf-dist/tex/latex/graphics/trig.sty
Package: trig 2023/12/02 v1.11 sin cos tan (DPC)
)
(/usr/local/texlive/2026basic/texmf-dist/tex/latex/graphics-cfg/graphics.cfg
File: graphics.cfg 2016/06/04 v1.11 sample graphics configuration
)
Package graphics Info: Driver file: pdftex.def on input line 106.

(/usr/local/texlive/2026basic/texmf-dist/tex/latex/graphics-def/pdftex.def
File: pdftex.def 2025/09/29 v1.2d Graphics/color driver for pdftex
))
\Gin@req@height=\dimen150
\Gin@req@width=\dimen151
)
\c@tnote=\count285
\c@fnote=\count286
\c@cnote=\count287
\c@ead=\count288
\c@elsarticle@author=\count289
\@eadauthor=\toks18
\c@affn=\count290
\absbox=\box53
\elsarticlehighlightsbox=\box54
\elsarticlegrabsbox=\box55
\keybox=\box56
\Columnwidth=\dimen152
\space@left=\dimen153
\els@boxa=\box57
\els@boxb=\box58
\leftMargin=\dimen154
\@enLab=\toks19
\@sep=\skip51
\@@sep=\skip52

(./aij_draft.spl)
(/usr/local/texlive/2026basic/texmf-dist/tex/latex/natbib/natbib.sty
Package: natbib 2010/09/13 8.31b (PWD, AO)
\bibhang=\skip53
\bibsep=\skip54
LaTeX Info: Redefining \cite on input line 694.
\c@NAT@ctr=\count291
)
\splwrite=\write3
\openout3 = `aij_draft.spl'.

\appnamewidth=\dimen155
)
(/usr/local/texlive/2026basic/texmf-dist/tex/latex/amsfonts/amssymb.sty
Package: amssymb 2013/01/14 v3.01 AMS font symbols

(/usr/local/texlive/2026basic/texmf-dist/tex/latex/amsfonts/amsfonts.sty
Package: amsfonts 2013/01/14 v3.01 Basic AMSFonts support
\@emptytoks=\toks20
\symAMSa=\mathgroup4
\symAMSb=\mathgroup5
LaTeX Font Info:    Redeclaring math symbol \hbar on input line 98.
LaTeX Font Info:    Overwriting math alphabet `\mathfrak' in version `bold'
(Font)                  U/euf/m/n --> U/euf/b/n on input line 106.
))
(/usr/local/texlive/2026basic/texmf-dist/tex/latex/amsmath/amsmath.sty
Package: amsmath 2025/07/09 v2.17z AMS math features
\@mathmargin=\skip55

For additional information on amsmath, use the `?' option.
(/usr/local/texlive/2026basic/texmf-dist/tex/latex/amsmath/amstext.sty
Package: amstext 2024/11/17 v2.01 AMS text

(/usr/local/texlive/2026basic/texmf-dist/tex/latex/amsmath/amsgen.sty
File: amsgen.sty 1999/11/30 v2.0 generic functions
\@emptytoks=\toks21
\ex@=\dimen156
))
(/usr/local/texlive/2026basic/texmf-dist/tex/latex/amsmath/amsbsy.sty
Package: amsbsy 1999/11/29 v1.2d Bold Symbols
\pmbraise@=\dimen157
)
(/usr/local/texlive/2026basic/texmf-dist/tex/latex/amsmath/amsopn.sty
Package: amsopn 2022/04/08 v2.04 operator names
)
\inf@bad=\count292
LaTeX Info: Redefining \frac on input line 233.
\uproot@=\count293
\leftroot@=\count294
LaTeX Info: Redefining \overline on input line 398.
LaTeX Info: Redefining \colon on input line 409.
\classnum@=\count295
\DOTSCASE@=\count296
LaTeX Info: Redefining \ldots on input line 495.
LaTeX Info: Redefining \dots on input line 498.
LaTeX Info: Redefining \cdots on input line 619.
\Mathstrutbox@=\box59
\strutbox@=\box60
LaTeX Info: Redefining \big on input line 721.
LaTeX Info: Redefining \Big on input line 722.
LaTeX Info: Redefining \bigg on input line 723.
LaTeX Info: Redefining \Bigg on input line 724.
\big@size=\dimen158
LaTeX Font Info:    Redeclaring font encoding OML on input line 742.
LaTeX Font Info:    Redeclaring font encoding OMS on input line 743.
\macc@depth=\count297
LaTeX Info: Redefining \bmod on input line 904.
LaTeX Info: Redefining \pmod on input line 909.
LaTeX Info: Redefining \smash on input line 939.
LaTeX Info: Redefining \relbar on input line 969.
LaTeX Info: Redefining \Relbar on input line 970.
\c@MaxMatrixCols=\count298
\dotsspace@=\muskip17
\c@parentequation=\count299
\dspbrk@lvl=\count300
\tag@help=\toks22
\row@=\count301
\column@=\count302
\maxfields@=\count303
\andhelp@=\toks23
\eqnshift@=\dimen159
\alignsep@=\dimen160
\tagshift@=\dimen161
\tagwidth@=\dimen162
\totwidth@=\dimen163
\lineht@=\dimen164
\@envbody=\toks24
\multlinegap=\skip56
\multlinetaggap=\skip57
\mathdisplay@stack=\toks25
LaTeX Info: Redefining \[ on input line 2950.
LaTeX Info: Redefining \] on input line 2951.
)
(/usr/local/texlive/2026basic/texmf-dist/tex/latex/amscls/amsthm.sty
Package: amsthm 2020/05/29 v2.20.6
\thm@style=\toks26
\thm@bodyfont=\toks27
\thm@headfont=\toks28
\thm@notefont=\toks29
\thm@headpunct=\toks30
\thm@preskip=\skip58
\thm@postskip=\skip59
\thm@headsep=\skip60
\dth@everypar=\toks31
LaTeX Info: Redefining \qed on input line 273.
)
(/usr/local/texlive/2026basic/texmf-dist/tex/latex/booktabs/booktabs.sty
Package: booktabs 2020/01/12 v1.61803398 Publication quality tables
\heavyrulewidth=\dimen165
\lightrulewidth=\dimen166
\cmidrulewidth=\dimen167
\belowrulesep=\dimen168
\belowbottomsep=\dimen169
\aboverulesep=\dimen170
\abovetopsep=\dimen171
\cmidrulesep=\dimen172
\cmidrulekern=\dimen173
\defaultaddspace=\dimen174
\@cmidla=\count304
\@cmidlb=\count305
\@aboverulesep=\dimen175
\@belowrulesep=\dimen176
\@thisruleclass=\count306
\@lastruleclass=\count307
\@thisrulewidth=\dimen177
)
(/Users/fdasaro/Library/texmf/tex/latex/multirow/multirow.sty
Package: multirow 2024/11/12 v2.9 Span multiple rows of a table
\multirow@colwidth=\skip61
\multirow@cntb=\count308
\multirow@dima=\skip62
\bigstrutjot=\dimen178
)
(/usr/local/texlive/2026basic/texmf-dist/tex/latex/tools/longtable.sty
Package: longtable 2025-10-13 v4.24 Multi-page Table package (DPC)
\LTleft=\skip63
\LTright=\skip64
\LTpre=\skip65
\LTpost=\skip66
\LTchunksize=\count309
\LTcapwidth=\dimen179
\LT@head=\box61
\LT@firsthead=\box62
\LT@foot=\box63
\LT@lastfoot=\box64
\LT@gbox=\box65
\LT@cols=\count310
\LT@rows=\count311
\c@LT@tables=\count312
\c@LT@chunks=\count313
\LT@p@ftn=\toks32
)
(/Users/fdasaro/Library/texmf/tex/latex/enumitem/enumitem.sty
Package: enumitem 2025/02/06 v3.11 Customized lists
\labelindent=\skip67
\enit@outerparindent=\dimen180
\enit@toks=\toks33
\enit@inbox=\box66
\enit@count@id=\count314
\enitdp@description=\count315
)
(/usr/local/texlive/2026basic/texmf-dist/tex/latex/hyperref/hyperref.sty
Package: hyperref 2026-01-29 v7.01p Hypertext links for LaTeX

(/usr/local/texlive/2026basic/texmf-dist/tex/generic/iftex/iftex.sty
Package: iftex 2024/12/12 v1.0g TeX engine tests
)
(/usr/local/texlive/2026basic/texmf-dist/tex/latex/kvsetkeys/kvsetkeys.sty
Package: kvsetkeys 2022-10-05 v1.19 Key value parser (HO)
)
(/usr/local/texlive/2026basic/texmf-dist/tex/generic/kvdefinekeys/kvdefinekeys.
sty
Package: kvdefinekeys 2019-12-19 v1.6 Define keys (HO)
)
(/usr/local/texlive/2026basic/texmf-dist/tex/generic/pdfescape/pdfescape.sty
Package: pdfescape 2019/12/09 v1.15 Implements pdfTeX's escape features (HO)

(/usr/local/texlive/2026basic/texmf-dist/tex/generic/ltxcmds/ltxcmds.sty
Package: ltxcmds 2023-12-04 v1.26 LaTeX kernel commands for general use (HO)
)
(/usr/local/texlive/2026basic/texmf-dist/tex/generic/pdftexcmds/pdftexcmds.sty
Package: pdftexcmds 2020-06-27 v0.33 Utility functions of pdfTeX for LuaTeX (HO
)

(/usr/local/texlive/2026basic/texmf-dist/tex/generic/infwarerr/infwarerr.sty
Package: infwarerr 2019/12/03 v1.5 Providing info/warning/error messages (HO)
)
Package pdftexcmds Info: \pdf@primitive is available.
Package pdftexcmds Info: \pdf@ifprimitive is available.
Package pdftexcmds Info: \pdfdraftmode found.
)) (/usr/local/texlive/2026basic/texmf-dist/tex/latex/hycolor/hycolor.sty
Package: hycolor 2020-01-27 v1.10 Color options for hyperref/bookmark (HO)
)
(/usr/local/texlive/2026basic/texmf-dist/tex/latex/hyperref/nameref.sty
Package: nameref 2026-01-29 v2.58 Cross-referencing by name of section

(/usr/local/texlive/2026basic/texmf-dist/tex/latex/refcount/refcount.sty
Package: refcount 2019/12/15 v3.6 Data extraction from label references (HO)
)
(/usr/local/texlive/2026basic/texmf-dist/tex/generic/gettitlestring/gettitlestr
ing.sty
Package: gettitlestring 2019/12/15 v1.6 Cleanup title references (HO)

(/usr/local/texlive/2026basic/texmf-dist/tex/latex/kvoptions/kvoptions.sty
Package: kvoptions 2022-06-15 v3.15 Key value format for package options (HO)
))
\c@section@level=\count316
)
(/usr/local/texlive/2026basic/texmf-dist/tex/generic/stringenc/stringenc.sty
Package: stringenc 2019/11/29 v1.12 Convert strings between diff. encodings (HO
)
)
\@linkdim=\dimen181
\Hy@linkcounter=\count317
\Hy@pagecounter=\count318

(/usr/local/texlive/2026basic/texmf-dist/tex/latex/hyperref/pd1enc.def
File: pd1enc.def 2026-01-29 v7.01p Hyperref: PDFDocEncoding definition (HO)
Now handling font encoding PD1 ...
... no UTF-8 mapping file for font encoding PD1
)
(/usr/local/texlive/2026basic/texmf-dist/tex/generic/intcalc/intcalc.sty
Package: intcalc 2019/12/15 v1.3 Expandable calculations with integers (HO)
)
\Hy@SavedSpaceFactor=\count319

(/usr/local/texlive/2026basic/texmf-dist/tex/latex/hyperref/puenc.def
File: puenc.def 2026-01-29 v7.01p Hyperref: PDF Unicode definition (HO)
Now handling font encoding PU ...
... no UTF-8 mapping file for font encoding PU
)
Package hyperref Info: Option `colorlinks' set `true' on input line 4072.
Package hyperref Info: Hyper figures OFF on input line 4201.
Package hyperref Info: Link nesting OFF on input line 4206.
Package hyperref Info: Hyper index ON on input line 4209.
Package hyperref Info: Plain pages OFF on input line 4216.
Package hyperref Info: Backreferencing OFF on input line 4221.
Package hyperref Info: Implicit mode ON; LaTeX internals redefined.
Package hyperref Info: Bookmarks ON on input line 4468.
\c@Hy@tempcnt=\count320

(/usr/local/texlive/2026basic/texmf-dist/tex/latex/url/url.sty
\Urlmuskip=\muskip18
Package: url 2013/09/16  ver 3.4  Verb mode for urls, etc.
)
LaTeX Info: Redefining \url on input line 4807.
\XeTeXLinkMargin=\dimen182

(/usr/local/texlive/2026basic/texmf-dist/tex/generic/bitset/bitset.sty
Package: bitset 2019/12/09 v1.3 Handle bit-vector datatype (HO)

(/usr/local/texlive/2026basic/texmf-dist/tex/generic/bigintcalc/bigintcalc.sty
Package: bigintcalc 2019/12/15 v1.5 Expandable calculations on big integers (HO
)
))
\Fld@menulength=\count321
\Field@Width=\dimen183
\Fld@charsize=\dimen184
Package hyperref Info: Hyper figures OFF on input line 6084.
Package hyperref Info: Link nesting OFF on input line 6089.
Package hyperref Info: Hyper index ON on input line 6092.
Package hyperref Info: backreferencing OFF on input line 6099.
Package hyperref Info: Link coloring ON on input line 6102.
Package hyperref Info: Link coloring with OCG OFF on input line 6109.
Package hyperref Info: PDF/A mode OFF on input line 6114.
\Hy@abspage=\count322
\c@Item=\count323
\c@Hfootnote=\count324
)
Package hyperref Info: Driver (autodetected): hpdftex.
 (/usr/local/texlive/2026basic/texmf-dist/tex/latex/hyperref/hpdftex.def
File: hpdftex.def 2026-01-29 v7.01p Hyperref driver for pdfTeX
\Fld@listcount=\count325
\c@bookmark@seq@number=\count326

(/usr/local/texlive/2026basic/texmf-dist/tex/latex/rerunfilecheck/rerunfilechec
k.sty
Package: rerunfilecheck 2025-06-21 v1.11 Rerun checks for auxiliary files (HO)

(/usr/local/texlive/2026basic/texmf-dist/tex/generic/uniquecounter/uniquecounte
r.sty
Package: uniquecounter 2019/12/15 v1.4 Provide unlimited unique counter (HO)
)
Package uniquecounter Info: New unique counter `rerunfilecheck' on input line 2
84.
)
\Hy@SectionHShift=\skip68
) (/Users/fdasaro/Library/texmf/tex/latex/xcolor/xcolor.sty
Package: xcolor 2024/09/29 v3.02 LaTeX color extensions (UK)

(/usr/local/texlive/2026basic/texmf-dist/tex/latex/graphics-cfg/color.cfg
File: color.cfg 2016/01/02 v1.6 sample color configuration
)
Package xcolor Info: Driver file: pdftex.def on input line 274.

(/usr/local/texlive/2026basic/texmf-dist/tex/latex/graphics/mathcolor.ltx)
Package xcolor Info: Model `cmy' substituted by `cmy0' on input line 1349.
Package xcolor Info: Model `hsb' substituted by `rgb' on input line 1353.
Package xcolor Info: Model `RGB' extended on input line 1365.
Package xcolor Info: Model `HTML' substituted by `rgb' on input line 1367.
Package xcolor Info: Model `Hsb' substituted by `hsb' on input line 1368.
Package xcolor Info: Model `tHsb' substituted by `hsb' on input line 1369.
Package xcolor Info: Model `HSB' substituted by `hsb' on input line 1370.
Package xcolor Info: Model `Gray' substituted by `gray' on input line 1371.
Package xcolor Info: Model `wave' substituted by `hsb' on input line 1372.
)
(/usr/local/texlive/2026basic/texmf-dist/tex/latex/lineno/lineno.sty
Package: lineno 2026/02/16 line numbers on paragraphs v5.7
\linenopenalty=\count327
\output=\toks34
\linenoprevgraf=\count328
\linenumbersep=\dimen185
\linenumberwidth=\dimen186
\c@linenumber=\count329
\c@pagewiselinenumber=\count330
\c@LN@truepage=\count331
\c@internallinenumber=\count332
\c@internallinenumbers=\count333
\quotelinenumbersep=\dimen187
\bframerule=\dimen188
\bframesep=\dimen189
\bframebox=\box67
\@LN@amsmath@ams@eqpen=\count334
)
\c@theorem=\count335
\c@lemma=\count336
\c@proposition=\count337
\c@corollary=\count338
\c@definition=\count339
\c@remark=\count340

(./aij_draft.aux)
\openout1 = `aij_draft.aux'.

LaTeX Font Info:    Checking defaults for OML/cmm/m/it on input line 34.
LaTeX Font Info:    ... okay on input line 34.
LaTeX Font Info:    Checking defaults for OMS/cmsy/m/n on input line 34.
LaTeX Font Info:    ... okay on input line 34.
LaTeX Font Info:    Checking defaults for OT1/cmr/m/n on input line 34.
LaTeX Font Info:    ... okay on input line 34.
LaTeX Font Info:    Checking defaults for T1/cmr/m/n on input line 34.
LaTeX Font Info:    ... okay on input line 34.
LaTeX Font Info:    Checking defaults for TS1/cmr/m/n on input line 34.
LaTeX Font Info:    ... okay on input line 34.
LaTeX Font Info:    Checking defaults for OMX/cmex/m/n on input line 34.
LaTeX Font Info:    ... okay on input line 34.
LaTeX Font Info:    Checking defaults for U/cmr/m/n on input line 34.
LaTeX Font Info:    ... okay on input line 34.
LaTeX Font Info:    Checking defaults for PD1/pdf/m/n on input line 34.
LaTeX Font Info:    ... okay on input line 34.
LaTeX Font Info:    Checking defaults for PU/pdf/m/n on input line 34.
LaTeX Font Info:    ... okay on input line 34.

(/usr/local/texlive/2026basic/texmf-dist/tex/context/base/mkii/supp-pdf.mkii
[Loading MPS to PDF converter (version 2006.09.02).]
\scratchcounter=\count341
\scratchdimen=\dimen190
\scratchbox=\box68
\nofMPsegments=\count342
\nofMParguments=\count343
\everyMPshowfont=\toks35
\MPscratchCnt=\count344
\MPscratchDim=\dimen191
\MPnumerator=\count345
\makeMPintoPDFobject=\count346
\everyMPtoPDFconversion=\toks36
)
(/usr/local/texlive/2026basic/texmf-dist/tex/latex/epstopdf-pkg/epstopdf-base.s
ty
Package: epstopdf-base 2020-01-24 v2.11 Base part for package epstopdf
Package epstopdf-base Info: Redefining graphics rule for `.eps' on input line 4
85.

(/usr/local/texlive/2026basic/texmf-dist/tex/latex/latexconfig/epstopdf-sys.cfg
File: epstopdf-sys.cfg 2010/07/13 v1.3 Configuration of (r)epstopdf for TeX Liv
e
))
Package hyperref Info: Link coloring ON on input line 34.
 (./aij_draft.out) (./aij_draft.out)
\@outlinefile=\write4
\openout4 = `aij_draft.out'.

LaTeX Font Info:    Trying to load font information for U+msa on input line 68.


(/usr/local/texlive/2026basic/texmf-dist/tex/latex/amsfonts/umsa.fd
File: umsa.fd 2013/01/14 v3.01 AMS symbols A
)
LaTeX Font Info:    Trying to load font information for U+msb on input line 68.


(/usr/local/texlive/2026basic/texmf-dist/tex/latex/amsfonts/umsb.fd
File: umsb.fd 2013/01/14 v3.01 AMS symbols B
)

Package hyperref Warning: Token not allowed in a PDF string (Unicode):
(hyperref)                removing `\<def>-command' on input line 98.


Package hyperref Warning: Token not allowed in a PDF string (Unicode):
(hyperref)                removing `\cnotenum' on input line 98.


Package hyperref Warning: Token not allowed in a PDF string (Unicode):
(hyperref)                removing `\<def>-command' on input line 98.


Package hyperref Warning: Token not allowed in a PDF string (Unicode):
(hyperref)                removing `\@corref' on input line 98.

[1


{/Users/fdasaro/Library/texlive/2026basic/texmf-var/fonts/map/pdftex/updmap/pdf
tex.map}] [2] [3]
Overfull \hbox (8.27771pt too wide) in paragraph at lines 139--142
[]\T1/cmr/m/n/12 Applied to hu-man judge-ment
 []


Overfull \hbox (7.13446pt too wide) in paragraph at lines 151--163
[]\T1/cmr/bx/n/12 Correctness proofs \T1/cmr/m/n/12 (Sec-tion [][]4[][]). Equiv
-a-lence the-o-rems be-tween learned
 []

[4] [5]
Overfull \hbox (5.18828pt too wide) in paragraph at lines 200--214
 []\T1/cmr/m/it/12 Relation to prior pub-li-ca-tion..[] \T1/cmr/m/n/12 This pa-
per ex-tends our pre-lim-i-nary re-port ([][]Mil-
 []

[6] [7] [8] [9]
Overfull \hbox (2.11807pt too wide) in paragraph at lines 350--350
[]\T1/cmtt/m/n/10.95 not_defended(X)   :- defeat(Y,X), not defeated(Y).[] 
 []

[10]
Overfull \hbox (74.46767pt too wide) in paragraph at lines 383--399
\T1/cmr/m/n/12 are empty, $\OML/cmm/m/it/12 B$ \T1/cmr/m/n/12 spe-cial-izes to 
$\OML/cmm/m/it/12 B[]$ \T1/cmr/m/n/12 on the de-rived vo-cab-u-lary $\OMS/cmsy/
m/n/12 f[]\OML/cmm/m/it/12 ; []; []; []\OMS/cmsy/m/n/12 g$\T1/cmr/m/n/12 :
 []


LaTeX Warning: `h' float specifier changed to `ht'.

[11] [12] [13] [14] [15]
Overfull \hbox (23.34126pt too wide) detected at line 602
[] \OMS/cmsy/m/n/12 ^^R [] [] 8\OML/cmm/m/it/12 X; Y; Z [][]\OT1/cmr/m/n/12 (\O
ML/cmm/m/it/12 X; Y\OT1/cmr/m/n/12 ) \OMS/cmsy/m/n/12 ^ []\OT1/cmr/m/n/12 (\OML
/cmm/m/it/12 Y; Z\OT1/cmr/m/n/12 ) \OMS/cmsy/m/n/12 ! []\OT1/cmr/m/n/12 (\OML/c
mm/m/it/12 X; Z\OT1/cmr/m/n/12 )[]\OML/cmm/m/it/12 ;
 []


Overfull \hbox (37.1646pt too wide) in paragraph at lines 602--617
\T1/cmr/m/it/12 re-stricted to $\OMS/cmsy/m/n/12 f[]\OML/cmm/m/it/12 ; []\OMS/c
msy/m/n/12 g$\T1/cmr/m/it/12 , for ev-ery in-put in-ter-pre-ta-tion of $[]\OML/
cmm/m/it/12 =\OT1/cmr/m/n/12 1\OML/cmm/m/it/12 ; []=\OT1/cmr/m/n/12 2\OML/cmm/m
/it/12 ; []=\OT1/cmr/m/n/12 2\OML/cmm/m/it/12 ; []=\OT1/cmr/m/n/12 2$
 []

[16] [17]
Overfull \hbox (57.58035pt too wide) in paragraph at lines 690--700
[]\OT1/cmr/m/n/12 (\OML/cmm/m/it/12 X; Y\OT1/cmr/m/n/12 ) \OMS/cmsy/m/n/12   []
\OT1/cmr/m/n/12 (\OML/cmm/m/it/12 X; Y\OT1/cmr/m/n/12 )\OML/cmm/m/it/12 ;  \OMS
/cmsy/m/n/12 :[]\OT1/cmr/m/n/12 (\OML/cmm/m/it/12 Y; X\OT1/cmr/m/n/12 )$\T1/cmr
/m/it/12 . Then for each $\OML/cmm/m/it/12 ^^[ \OMS/cmsy/m/n/12 2 f[]\OML/cmm/m
/it/12 ; []; []\OMS/cmsy/m/n/12 g$
 []

[18] [19] [20] [21]
Overfull \hbox (5.6825pt too wide) in paragraph at lines 837--848
\T1/cmr/m/n/12 subset-minimal enu-mer-a-tion over the as-sump-tion vo-cab-u-lar
y alone, per pinned
 []

[22] [23] [24]
<figs/fig_recovery_heatmap.pdf, id=565, 663.13873pt x 207.89622pt>
File: figs/fig_recovery_heatmap.pdf Graphic file (type pdf)
<use figs/fig_recovery_heatmap.pdf>
Package pdftex.def Info: figs/fig_recovery_heatmap.pdf  used on input line 980.

(pdftex.def)             Requested size: 390.0pt x 122.26752pt.
<figs/fig_recovery_curves.pdf, id=568, 663.19724pt x 200.66922pt>
File: figs/fig_recovery_curves.pdf Graphic file (type pdf)
<use figs/fig_recovery_curves.pdf>
Package pdftex.def Info: figs/fig_recovery_curves.pdf  used on input line 991.
(pdftex.def)             Requested size: 390.0pt x 118.00494pt.
<figs/fig_pq_interaction.pdf, id=569, 243.31546pt x 215.12321pt>
File: figs/fig_pq_interaction.pdf Graphic file (type pdf)
<use figs/fig_pq_interaction.pdf>
Package pdftex.def Info: figs/fig_pq_interaction.pdf  used on input line 1023.
(pdftex.def)             Requested size: 195.0pt x 172.40735pt.
 [25]
Overfull \hbox (2.82312pt too wide) in paragraph at lines 1047--1075
 []\T1/cmr/m/it/12 Exactness au-dit..[] \T1/cmr/m/n/12 That caveat can be quan-
ti-fied. For ev-ery clean-label learned
 []

[26 <./figs/fig_recovery_heatmap.pdf>] [27 <./figs/fig_recovery_curves.pdf>]
[28 <./figs/fig_pq_interaction.pdf>]
<figs/fig_slice_noise_full.pdf, id=799, 316.30121pt x 222.35022pt>
File: figs/fig_slice_noise_full.pdf Graphic file (type pdf)
<use figs/fig_slice_noise_full.pdf>
Package pdftex.def Info: figs/fig_slice_noise_full.pdf  used on input line 1169
.
(pdftex.def)             Requested size: 191.10214pt x 134.33739pt.
<figs/fig_slice_noise_partial.pdf, id=800, 316.30121pt x 222.35022pt>
File: figs/fig_slice_noise_partial.pdf Graphic file (type pdf)
<use figs/fig_slice_noise_partial.pdf>
Package pdftex.def Info: figs/fig_slice_noise_partial.pdf  used on input line 1
170.
(pdftex.def)             Requested size: 191.10214pt x 134.33739pt.
<figs/fig_slice_partial.pdf, id=801, 590.92725pt x 222.35022pt>
File: figs/fig_slice_partial.pdf Graphic file (type pdf)
<use figs/fig_slice_partial.pdf>
Package pdftex.def Info: figs/fig_slice_partial.pdf  used on input line 1182.
(pdftex.def)             Requested size: 390.0pt x 146.7482pt.
 [29]
<figs/fig_imbalance.pdf, id=811, 330.75523pt x 193.44221pt>
File: figs/fig_imbalance.pdf Graphic file (type pdf)
<use figs/fig_imbalance.pdf>
Package pdftex.def Info: figs/fig_imbalance.pdf  used on input line 1225.
(pdftex.def)             Requested size: 241.7981pt x 141.4153pt.
 [30 <./figs/fig_slice_noise_full.pdf> <./figs/fig_slice_noise_partial.pdf>]
<figs/fig_time_heatmap.pdf, id=948, 663.13892pt x 207.89622pt>
File: figs/fig_time_heatmap.pdf Graphic file (type pdf)
<use figs/fig_time_heatmap.pdf>
Package pdftex.def Info: figs/fig_time_heatmap.pdf  used on input line 1254.
(pdftex.def)             Requested size: 390.0pt x 122.26752pt.
 [31 <./figs/fig_slice_partial.pdf>]
[32 <./figs/fig_imbalance.pdf>] [33 <./figs/fig_time_heatmap.pdf>]
<figs/fig_generator_breadth.pdf, id=1156, 663.19724pt x 222.35022pt>
File: figs/fig_generator_breadth.pdf Graphic file (type pdf)
<use figs/fig_generator_breadth.pdf>
Package pdftex.def Info: figs/fig_generator_breadth.pdf  used on input line 130
8.
(pdftex.def)             Requested size: 390.0pt x 130.7546pt.
 [34 <./figs/fig_generator_breadth.pdf>] [35]
Overfull \hbox (15.1059pt too wide) in paragraph at lines 1411--1420
 [][] 
 []

<figs/fig_breadth.pdf, id=1239, 576.47322pt x 193.44221pt>
File: figs/fig_breadth.pdf Graphic file (type pdf)
<use figs/fig_breadth.pdf>
Package pdftex.def Info: figs/fig_breadth.pdf  used on input line 1424.
(pdftex.def)             Requested size: 390.0pt x 130.86891pt.
[36] [37 <./figs/fig_breadth.pdf>] [38]
Underfull \hbox (badness 10000) in paragraph at lines 1506--1506
[]\T1/cmr/m/n/10 Table 8: []The negative-policy cal-i-bra-tion be-hind B2 (per-
fold record in
 []


Underfull \hbox (badness 2932) in paragraph at lines 1506--1506
\T1/cmtt/m/n/10 data/neg_calibration/\T1/cmr/m/n/10 ): re-cov-ery (MCC, pooled 
over STB/ADM/CMP, mean
 []


Overfull \hbox (24.57669pt too wide) in paragraph at lines 1508--1517
 [][] 
 []


Overfull \hbox (4.44481pt too wide) in paragraph at lines 1519--1533
\T1/cmr/bx/n/12 way. \T1/cmr/m/n/12 Read-ing Ex-per-i-ment 1's sur-face at co-o
r-di-nates match-ing the be-havioural
 []


Overfull \hbox (3.33316pt too wide) in paragraph at lines 1519--1533
\T1/cmr/m/n/12 gap be-tween that limit and ob-served human-data ac-cu-racy is t
hen at-tributable
 []

[39] [40]
Overfull \hbox (3.05826pt too wide) in paragraph at lines 1575--1598
 []\T1/cmr/m/it/12 Metrics..[] \T1/cmr/m/n/12 The pri-mary met-ric is \T1/cmr/m
/it/12 committed-only ac-cu-racy\T1/cmr/m/n/12 : on re-sponses where
 []


Overfull \hbox (2.03055pt too wide) in paragraph at lines 1599--1614
 []\T1/cmr/m/it/12 Audit..[] \T1/cmr/m/n/12 Ev-ery re-ported num-ber sur-vives 
an ad-ver-sar-ial au-dit: cross-validation
 []

[41] [42] [43] [44] [45] [46] [47]
Underfull \hbox (badness 2401) in paragraph at lines 1875--1876
[]\T1/cmr/m/n/10.95 holds for $\OML/cmm/m/it/10.95 n \OMS/cmsy/m/n/10.95 ^^T
 []


Underfull \hbox (badness 1622) in paragraph at lines 1875--1876
\OT1/cmr/m/n/10.95 3$\T1/cmr/m/n/10.95 ; fails on $\OT1/cmr/m/n/10.95 768$
 []


Underfull \hbox (badness 4072) in paragraph at lines 1879--1881
[]\T1/cmr/m/n/10.95 hence $\OML/cmm/m/it/10.95 ^^[[]$ \T1/cmr/m/n/10.95 is not 
SCC-recursive
 []

[48]
Overfull \hbox (1.48398pt too wide) in paragraph at lines 1915--1930
\T1/cmr/m/n/12 help: \T1/cmr/m/it/12 de-gree/salience \T1/cmr/m/n/12 (\T1/cmss/
m/n/12 unattacked\T1/cmr/m/n/12 , \T1/cmss/m/n/12 many_attackers\T1/cmr/m/n/12 
, \T1/cmss/m/n/12 has_unattacked_attacker\T1/cmr/m/n/12 )
 []

[49] [50]
Overfull \hbox (41.04338pt too wide) in paragraph at lines 2007--2015
 []\T1/cmr/m/it/12 Time per-for-mance of learned en-cod-ings..[] \T1/cmr/m/n/12
 On the IC-CMA'23 bench-mark set ([][]Järvisalo
 []


Overfull \hbox (17.41031pt too wide) in paragraph at lines 2016--2029
 []\T1/cmr/m/it/12 Data ef-fi-ciency ver-sus deep learn-ing..[] \T1/cmr/m/n/12 
The ap-prox-i-mate solver AGNN ([][]Craandijk
 []

[51]
Overfull \hbox (41.83748pt too wide) in paragraph at lines 2040--2089
\T1/cmr/m/n/12 per-semantics sig-nal lives in the cred-u-lous sta-ble, skep-ti-
cal sta-ble/preferred/complete,
 []

[52] [53]
<figs/fig_baseline_comparison.pdf, id=1515, 547.56523pt x 222.35022pt>
File: figs/fig_baseline_comparison.pdf Graphic file (type pdf)
<use figs/fig_baseline_comparison.pdf>
Package pdftex.def Info: figs/fig_baseline_comparison.pdf  used on input line 2
092.
(pdftex.def)             Requested size: 335.40024pt x 136.19324pt.
 [54]
<figs/fig_learned_trees.pdf, id=1531, 677.6512pt x 265.7122pt>
File: figs/fig_learned_trees.pdf Graphic file (type pdf)
<use figs/fig_learned_trees.pdf>
Package pdftex.def Info: figs/fig_learned_trees.pdf  used on input line 2129.
(pdftex.def)             Requested size: 390.0pt x 152.92523pt.
 [55 <./figs/fig_baseline_comparison.pdf>]
Overfull \hbox (6.4408pt too wide) in paragraph at lines 2152--2157
 []\T1/cmr/m/it/12 Computing se-man-tics..[] \T1/cmr/m/n/12 Reduction-based sol
vers, no-tably the AS-PAR-TIX fam-
 []

[56 <./figs/fig_learned_trees.pdf>] [57]
Overfull \hbox (13.2183pt too wide) in paragraph at lines 2201--2220
\T1/cmr/m/n/12 gin with re-in-state-ment ([][]Rah-wan et al.[][], [][]2010[][])
 and de-velop through the catalogue-
 []

[58] [59] [60] [61]
Overfull \hbox (22.98682pt too wide) in paragraph at lines 2337--2344
\T1/cmr/m/n/12 (the rule pair \T1/cmtt/m/n/12 in(X) :- not out(X), arg(X) \T1/c
mr/m/n/12 / \T1/cmtt/m/n/12 out(X) :- not in(X), arg(X)
 []

[62]
Overfull \hbox (32.2931pt too wide) detected at line 2369
[]
 []

[63]
Overfull \hbox (27.13293pt too wide) in paragraph at lines 2415--2435
\OMS/cmsy/m/n/12 :[]\OT1/cmr/m/n/12 (\OML/cmm/m/it/12 b\OT1/cmr/m/n/12 )$ \T1/c
mr/m/n/12 from the learned $[]$-equation --- con-tra-dic-tion. (AD): $[]\OT1/cm
r/m/n/12 (\OML/cmm/m/it/12 a\OT1/cmr/m/n/12 )$
 []


Overfull \hbox (2.52379pt too wide) in paragraph at lines 2415--2435
\T1/cmr/m/n/12 gives $[]\OT1/cmr/m/n/12 (\OML/cmm/m/it/12 a\OT1/cmr/m/n/12 )$ \
T1/cmr/m/n/12 (learned $[]$-equation), gives $\OMS/cmsy/m/n/12 :[]\OT1/cmr/m/n/
12 (\OML/cmm/m/it/12 a\OT1/cmr/m/n/12 )$ \T1/cmr/m/n/12 ((G), just es-tab-lishe
d). (CO):
 []


Overfull \hbox (4.58572pt too wide) in paragraph at lines 2415--2435
\T1/cmr/m/n/12 im-me-di-ate from the learned $[]$-equation. ($\OMS/cmsy/m/n/12 
($\T1/cmr/m/n/12 ) Learned $[]$-equation $[]\OT1/cmr/m/n/12 (\OML/cmm/m/it/12 a
\OT1/cmr/m/n/12 ) \OMS/cmsy/m/n/12 $
 []

[64]
Overfull \hbox (46.9363pt too wide) in paragraph at lines 2443--2450
[]\T1/cmr/m/n/12 Ground over the same fi-nite do-main, now with in-put re-la-ti
ons $[]\OML/cmm/m/it/12 ; []; []; []$\T1/cmr/m/n/12 ,
 []


Overfull \hbox (5.50764pt too wide) detected at line 2456
[]\OT1/cmr/m/n/12 (\OML/cmm/m/it/12 b; a\OT1/cmr/m/n/12 )  \OMS/cmsy/m/n/12 $  
[]\OT1/cmr/m/n/12 (\OML/cmm/m/it/12 b; a\OT1/cmr/m/n/12 )  \OMS/cmsy/m/n/12 _  
[][][][]\OT1/cmr/m/n/12 (\OML/cmm/m/it/12 c; a\OT1/cmr/m/n/12 ) \OMS/cmsy/m/n/1
2 ^ []\OT1/cmr/m/n/12 (\OML/cmm/m/it/12 b; c\OT1/cmr/m/n/12 )[]  \OMS/cmsy/m/n/
12 _  [][][][]\OT1/cmr/m/n/12 (\OML/cmm/m/it/12 b; c\OT1/cmr/m/n/12 ) \OMS/cmsy
/m/n/12 ^ []\OT1/cmr/m/n/12 (\OML/cmm/m/it/12 c; a\OT1/cmr/m/n/12 )[]\OML/cmm/m
/it/12 ;
 []


Overfull \hbox (1.3815pt too wide) in paragraph at lines 2471--2476
[]\T1/cmr/m/n/12 Ground over the fi-nite do-main with in-put re-la-tions $[]\OM
L/cmm/m/it/12 ; []; []; []; []$\T1/cmr/m/n/12 ,
 []

[65]
Overfull \hbox (125.64157pt too wide) in paragraph at lines 2491--2496
\T1/cmr/m/n/12 ber is re-gen-er-ated from the com-mit-ted \T1/cmtt/m/n/12 data/
 \T1/cmr/m/n/12 record by \T1/cmtt/m/n/12 docs/aij_paper/make_appendix_tables.p
y\T1/cmr/m/n/12 . 
 []

(./appendix_campaign.tex
Overfull \hbox (110.83923pt too wide) in paragraph at lines 5--11
\T1/cmr/m/n/12 iden-ti-cal to the body's ta-bles; the gen-er-at-ing script (\T1
/cmtt/m/n/12 docs/aij_paper/make_appendix_tables.py\T1/cmr/m/n/12 )
 []


Overfull \hbox (620.72821pt too wide) in alignment at lines 13--17
 [] [] [] [] [] [] [] [] [] [] [] [] [] [] [] [] [] [] [] [] 
 []


Overfull \hbox (620.72821pt too wide) in alignment at lines 17--19
 [] [] [] [] [] [] [] [] [] [] [] [] [] [] [] [] [] [] [] [] 
 []


Overfull \hbox (620.72821pt too wide) in alignment at lines 19--128
 [] [] [] [] [] [] [] [] [] [] [] [] [] [] [] [] [] [] [] [] 
 []

[66]
ignored: Infinite glue shrinkage found in box being split [67]
ignored: Infinite glue shrinkag
e found in box being split [68] [69] [70]
ignored: Infinite glue shrinkage found in box b
eing split [71])
Overfull \hbox (91.02982pt too wide) in paragraph at lines 257--2498
[]\T1/cmr/m/n/12 Every run is re-pro-ducible from the seeded con-fig-u-ra-tion 
files in \T1/cmtt/m/n/12 experiments/run_configs/
 []


Overfull \hbox (137.96779pt too wide) in paragraph at lines 257--2498
\T1/cmr/m/n/12 (fi-nal_synthetic_corrected.json, fi-nal_synthetic_main_parallel
3.json, fi-nal_synthetic_v2_pos40.json,
 []


Overfull \hbox (160.93987pt too wide) in paragraph at lines 257--2498
\T1/cmr/m/n/12 fi-nal_synthetic_v2_pos40_grd.json, fi-nal_synthetic_v2_pos50.js
on, fi-nal_synthetic_v2_pos50_grd.json,
 []


Overfull \hbox (147.16968pt too wide) in paragraph at lines 257--2498
\T1/cmr/m/n/12 fi-nal_synthetic_v2_pos60.json, fi-nal_synthetic_v2_pos60_grd.js
on, grd_noise0_ratio1_parallel3.json,
 []


Overfull \hbox (59.1316pt too wide) in paragraph at lines 257--2498
\T1/cmr/m/n/12 prf_full_grid_ratio1_parallel3.json, prf_noise0_ratio1_parallel3
.json, prf_probe.json,
 []


Overfull \hbox (67.3546pt too wide) in paragraph at lines 257--2498
\T1/cmr/m/n/12 v2_smoke.json, v2_smoke_ratio.json, v3_aba.json, v3_baf.json, v3
_breadth_large.json,
 []


Overfull \hbox (86.89954pt too wide) in paragraph at lines 257--2498
\T1/cmr/m/n/12 ex-e-cuted by \T1/cmtt/m/n/12 experiments/run_experiment_grid.py
 \T1/cmr/m/n/12 via the launch-ers \T1/cmtt/m/n/12 run_v2_campaign.sh\T1/cmr/m/
n/12 ,
 []

[72]
Overfull \hbox (0.97668pt too wide) in paragraph at lines 2502--2518
\T1/cmr/m/n/12 (\T1/cmtt/m/n/12 config/bg_nochoice_grd.lp\T1/cmr/m/n/12 : the s
ame de-rived vo-cab-u-lary, no choice rules,
 []

[73] [74] [75] [76] [77] [78] [79] [80] [81] [82] [83] [84] [85] [86] [87]
[88] (./aij_draft.aux)
 ***********
LaTeX2e <2025-11-01>
L3 programming layer <2026-01-19>
 ***********
Package rerunfilecheck Info: File `aij_draft.out' has not changed.
(rerunfilecheck)             Checksum: 5890435AACBA458100B2B5E2280F6CF0;8719.
 ) 
Here is how much of TeX's memory you used:
 12809 strings out of 469006
 194900 string characters out of 5454813
 866467 words of memory out of 5000000
 41040 multiletter control sequences out of 15000+600000
 659443 words of font info for 110 fonts, out of 8000000 for 9000
 319 hyphenation exceptions out of 8191
 75i,12n,79p,1139b,708s stack positions out of 10000i,1000n,20000p,200000b,200000s
 </Users/fdasaro/Library/texlive/2026basic/texmf-var/fonts/pk/ljfour/jknappen
/ec/eccc1095.600pk> </Users/fdasaro/Library/texlive/2026basic/texmf-var/fonts/p
k/ljfour/jknappen/ec/ecti1095.600pk> </Users/fdasaro/Library/texlive/2026basic/
texmf-var/fonts/pk/ljfour/jknappen/ec/eccc1000.600pk> </Users/fdasaro/Library/t
exlive/2026basic/texmf-var/fonts/pk/ljfour/jknappen/ec/ecti0800.600pk> </Users/
fdasaro/Library/texlive/2026basic/texmf-var/fonts/pk/ljfour/jknappen/ec/ecbx100
0.600pk> </Users/fdasaro/Library/texlive/2026basic/texmf-var/fonts/pk/ljfour/jk
nappen/ec/ecbx1095.600pk> </Users/fdasaro/Library/texlive/2026basic/texmf-var/f
onts/pk/ljfour/jknappen/ec/eccc1200.600pk> </Users/fdasaro/Library/texlive/2026
basic/texmf-var/fonts/pk/ljfour/jknappen/ec/ecss0800.600pk> </Users/fdasaro/Lib
rary/texlive/2026basic/texmf-var/fonts/pk/ljfour/jknappen/ec/tcrm1200.600pk> </
Users/fdasaro/Library/texlive/2026basic/texmf-var/fonts/pk/ljfour/jknappen/ec/e
csi0800.600pk> </Users/fdasaro/Library/texlive/2026basic/texmf-var/fonts/pk/ljf
our/jknappen/ec/ectt1200.600pk> </Users/fdasaro/Library/texlive/2026basic/texmf
-var/fonts/pk/ljfour/jknappen/ec/ecsi1200.600pk> </Users/fdasaro/Library/texliv
e/2026basic/texmf-var/fonts/pk/ljfour/jknappen/ec/ecss1095.600pk> </Users/fdasa
ro/Library/texlive/2026basic/texmf-var/fonts/pk/ljfour/jknappen/ec/ecrm1095.600
pk> </Users/fdasaro/Library/texlive/2026basic/texmf-var/fonts/pk/ljfour/jknappe
n/ec/ecss1000.600pk> </Users/fdasaro/Library/texlive/2026basic/texmf-var/fonts/
pk/ljfour/jknappen/ec/ectt1095.600pk> </Users/fdasaro/Library/texlive/2026basic
/texmf-var/fonts/pk/ljfour/jknappen/ec/ecss1200.600pk> </Users/fdasaro/Library/
texlive/2026basic/texmf-var/fonts/pk/ljfour/jknappen/ec/ecrm0700.600pk> </Users
/fdasaro/Library/texlive/2026basic/texmf-var/fonts/pk/ljfour/jknappen/ec/ecss08
00.450pk> </Users/fdasaro/Library/texlive/2026basic/texmf-var/fonts/pk/ljfour/j
knappen/ec/ectt1000.600pk> </Users/fdasaro/Library/texlive/2026basic/texmf-var/
fonts/pk/ljfour/jknappen/ec/ecrm1000.600pk> </Users/fdasaro/Library/texlive/202
6basic/texmf-var/fonts/pk/ljfour/jknappen/ec/ecti1200.600pk> </Users/fdasaro/Li
brary/texlive/2026basic/texmf-var/fonts/pk/ljfour/jknappen/ec/ecbx1200.600pk> <
/Users/fdasaro/Library/texlive/2026basic/texmf-var/fonts/pk/ljfour/jknappen/ec/
ecti1000.600pk> </Users/fdasaro/Library/texlive/2026basic/texmf-var/fonts/pk/lj
four/jknappen/ec/ecti0700.600pk> </Users/fdasaro/Library/texlive/2026basic/texm
f-var/fonts/pk/ljfour/jknappen/ec/ecrm0800.600pk> </Users/fdasaro/Library/texli
ve/2026basic/texmf-var/fonts/pk/ljfour/jknappen/ec/ecrm1200.600pk> </Users/fdas
aro/Library/texlive/2026basic/texmf-var/fonts/pk/ljfour/jknappen/ec/ecrm1728.60
0pk></usr/local/texlive/2026basic/texmf-dist/fonts/type1/public/amsfonts/cm/cme
x10.pfb></usr/local/texlive/2026basic/texmf-dist/fonts/type1/public/amsfonts/cm
/cmmi10.pfb></usr/local/texlive/2026basic/texmf-dist/fonts/type1/public/amsfont
s/cm/cmmi12.pfb></usr/local/texlive/2026basic/texmf-dist/fonts/type1/public/ams
fonts/cm/cmmi6.pfb></usr/local/texlive/2026basic/texmf-dist/fonts/type1/public/
amsfonts/cm/cmmi7.pfb></usr/local/texlive/2026basic/texmf-dist/fonts/type1/publ
ic/amsfonts/cm/cmmi8.pfb></usr/local/texlive/2026basic/texmf-dist/fonts/type1/p
ublic/amsfonts/cm/cmr10.pfb></usr/local/texlive/2026basic/texmf-dist/fonts/type
1/public/amsfonts/cm/cmr12.pfb></usr/local/texlive/2026basic/texmf-dist/fonts/t
ype1/public/amsfonts/cm/cmr6.pfb></usr/local/texlive/2026basic/texmf-dist/fonts
/type1/public/amsfonts/cm/cmr7.pfb></usr/local/texlive/2026basic/texmf-dist/fon
ts/type1/public/amsfonts/cm/cmr8.pfb></usr/local/texlive/2026basic/texmf-dist/f
onts/type1/public/amsfonts/cm/cmsy10.pfb></usr/local/texlive/2026basic/texmf-di
st/fonts/type1/public/amsfonts/cm/cmsy7.pfb></usr/local/texlive/2026basic/texmf
-dist/fonts/type1/public/amsfonts/cm/cmsy8.pfb></usr/local/texlive/2026basic/te
xmf-dist/fonts/type1/public/amsfonts/cm/cmti12.pfb></usr/local/texlive/2026basi
c/texmf-dist/fonts/type1/public/amsfonts/cm/cmti8.pfb></usr/local/texlive/2026b
asic/texmf-dist/fonts/type1/public/amsfonts/symbols/msam10.pfb>
Output written on aij_draft.pdf (88 pages, 828333 bytes).
PDF statistics:
 2921 PDF objects out of 2984 (max. 8388607)
 1388 compressed objects within 14 object streams
 282 named destinations out of 1000 (max. 500000)
 365 words of extra memory for PDF output out of 10000 (max. 10000000)

